955   %INCLUDE "S:/FHPC/DATA/HCPF_DATA_files_SECURE/Kim/isp/isp_utilizatiON/02_code/00_global.sas";
NOTE: Libref SUBSET was successfully assigned as follows:
      Engine:        V9
      Physical Name: S:\FHPC\DATA\HCPF_Data_files_SECURE\HCPF_SqlServer\AnalyticSubset
NOTE: Libref OUT was successfully assigned as follows:
      Engine:        V9
      Physical Name: S:\FHPC\DATA\HCPF_Data_files_SECURE\Kim\isp\isp_utilization\04_data
NOTE: Libref DB was successfully assigned as follows:
      Engine:        ODBC
      Physical Name:
NOTE: Libref VARLEN was successfully assigned as follows:
      Engine:        V9
      Physical Name:
      \\data.ucdenver.pvt\dept\SOM\FHPC\DATA\HCPF_Data_files_SECURE\HCPF_SqlServer\queries\DBVarLength
      s
NOTE: PROCEDURE SQL used (Total process time):
      real time           1.56 seconds
      cpu time            1.28 seconds


NOTE: Libref BHJT was successfully assigned as follows:
      Engine:        V9
      Physical Name: S:\FHPC\DATA\HCPF_Data_files_SECURE\HCPF_SqlServer\queries
NOTE: Libref VARLEN was successfully assigned as follows:
      Engine:        V9
      Physical Name:
      \\data.ucdenver.pvt\dept\SOM\FHPC\DATA\HCPF_Data_files_SECURE\HCPF_SqlServer\queries\DBVarLength
      s
NOTE: PROCEDURE SQL used (Total process time):
      real time           1.18 seconds
      cpu time            1.17 seconds


NOTE: Libref BHJT was successfully assigned as follows:
      Engine:        V9
      Physical Name: S:\FHPC\DATA\HCPF_Data_files_SECURE\HCPF_SqlServer\queries
NOTE: Format PCTFMT has been output.

NOTE: PROCEDURE FORMAT used (Total process time):
      real time           0.07 seconds
      cpu time            0.01 seconds


NOTE: Overwriting existing template/link: Base.Freq.OneWayList
NOTE: TABLE 'Base.Freq.OneWayList' has been saved to: SASUSER.TEMPLAT
NOTE: PROCEDURE TEMPLATE used (Total process time):
      real time           0.10 seconds
      cpu time            0.01 seconds


NOTE: Informat AGE_RANGE has been output.
NOTE: Format AGECAT has been output.
NOTE: Format AGEHCPF has been output.
NOTE: Format AGE7CAT has been output.
NOTE: Format FY has been output.
NOTE: Format NSERVE has been output.
NOTE: Format FHQC has been output.
NOTE: Format CAPVSH has been output.
NOTE: Format MATCHN has been output.

NOTE: PROCEDURE FORMAT used (Total process time):
      real time           0.02 seconds
      cpu time            0.03 seconds


1212  %INCLUDE "S:/FHPC/DATA/HCPF_DATA_files_SECURE/Kim/isp/isp_utilizatiON/02_code/00_macros.sas";

1232  OPTIONS fmtsearch=(bhjt);
1233  DATA medlong1;
1234  SET  bhjt.medicaidlong_bidm;
1235  RUN;

NOTE: There were 177234990 observations read from the data set BHJT.MEDICAIDLONG_BIDM.
NOTE: The data set WORK.MEDLONG1 has 177234990 observations and 25 variables.
NOTE: DATA statement used (Total process time):
      real time           7:35.95
      cpu time            3:45.04


1236
1237  DATA meddemog1;
1238  SET  bhjt.medicaiddemog_bidm;
1239  RUN;

NOTE: There were 2991591 observations read from the data set BHJT.MEDICAIDDEMOG_BIDM.
NOTE: The data set WORK.MEDDEMOG1 has 2991591 observations and 7 variables.
NOTE: DATA statement used (Total process time):
      real time           7.16 seconds
      cpu time            2.60 seconds


1240  DATA   medlong_y15_y22;
1241  LENGTH clnt_id $11;
1242  SET    medlong1 (drop=aid_cd_1-aid_cd_5 title19: FED_POV_LVL_PC);
1243  WHERE  month ge '01JUL2015'd
1244    AND  month le '30JUN2022'd
1245    AND  BUDGET_GROUP not in (16,17,18,19,20,21,22,23,24,25,26,27,-1,);
1246  RUN;

NOTE: There were 110867577 observations read from the data set WORK.MEDLONG1.
      WHERE (month>='01JUL2015'D and month<='30JUN2022'D) and BUDGET_GROUP not in (-1, 16, 17, 18,
      19, 20, 21, 22, 23, 24, 25, 26, 27);
NOTE: The data set WORK.MEDLONG_Y15_Y22 has 110867577 observations and 17 variables.
NOTE: DATA statement used (Total process time):
      real time           1:57.21
      cpu time            1:57.56


