NOTE: Copyright (c) 2016 by SAS Institute Inc., Cary, NC, USA.
NOTE: SAS (r) Proprietary Software 9.4 (TS1M7)
      Licensed to UNIVERSITY OF COLORADO SYSTEM - SFA - T&R, Site 70082279.
NOTE: This session is executing on the X64_10PRO  platform.



NOTE: Analytical products:

      SAS/STAT 15.2
      SAS/ETS 15.2
      SAS/OR 15.2
      SAS/IML 15.2
      SAS/QC 15.2

NOTE: Additional host information:

 X64_10PRO WIN 10.0.19041  Workstation

NOTE: SAS initialization used:
      real time           3.59 seconds
      cpu time            3.09 seconds

1      %LET hcpf     = S:/FHPC/DATA/HCPF_Data_files_SECURE;
2
3        %LET subset = S:/FHPC/DATA/HCPF_Data_files_SECURE/HCPF_SqlServer/AnalyticSubset;
4        LIBNAME subset "&subset";
NOTE: Libref SUBSET was successfully assigned as follows:
      Engine:        V9
      Physical Name: S:\FHPC\DATA\HCPF_Data_files_SECURE\HCPF_SqlServer\AnalyticSubset

5    * COPY folder on C drive to see if faster to run when downloaded on drive;
6      %LET data = C:/Data/isp_util2;
7      LIBNAME data "&data";
NOTE: Libref DATA was successfully assigned as follows:
      Engine:        V9
      Physical Name: C:\Data\isp_util2

8      %LET data = C:/Data/isp_util2;
9      LIBNAME data "&data";
NOTE: Libref DATA was successfully assigned as follows:
      Engine:        V9
      Physical Name: C:\Data\isp_util2
10
11   * BDM Connection > for medlong and meddemog, get varlen;
12     %INCLUDE "&hcpf/kim/BDMConnect.sas";
NOTE: Libref DB was successfully assigned as follows:
      Engine:        ODBC
      Physical Name:
NOTE: Libref VARLEN was successfully assigned as follows:
      Engine:        V9
      Physical Name:
      \\data.ucdenver.pvt\dept\SOM\FHPC\DATA\HCPF_Data_files_SECURE\HCPF_SqlServer\queries\DBVarLength
      s
NOTE: PROCEDURE SQL used (Total process time):
      real time           1.91 seconds
      cpu time            1.34 seconds


NOTE: Libref BHJT was successfully assigned as follows:
      Engine:        V9
      Physical Name: S:\FHPC\DATA\HCPF_Data_files_SECURE\HCPF_SqlServer\queries
105
106  * VARLEN;
107    %LET varlen =
107! \\data.ucdenver.pvt\dept\SOM\FHPC\DATA\HCPF_Data_files_SECURE\HCPF_SqlServer\queries\DBVarLengths
107! ;
108    LIBNAME varlen "&varlen";
NOTE: Libref VARLEN was successfully assigned as follows:
      Engine:        V9
      Physical Name:
      \\data.ucdenver.pvt\dept\SOM\FHPC\DATA\HCPF_Data_files_SECURE\HCPF_SqlServer\queries\DBVarLength
      s
109    %INCLUDE "&varlen\MACRO_charLenMetadata.sas";
185    %getlen(library=varlen, data=AllVarLengths);
NOTE: PROCEDURE SQL used (Total process time):
      real time           1.26 seconds
      cpu time            1.32 seconds


186
187  * BHJT --------------------------------;
188    %LET bhjt = &hcpf/HCPF_SqlServer/queries;
189    LIBNAME bhjt   "&bhjt";
NOTE: Libref BHJT was successfully assigned as follows:
      Engine:        V9
      Physical Name: S:\FHPC\DATA\HCPF_Data_files_SECURE\HCPF_SqlServer\queries
190
191  * OPTIONS ---------------------------;
192    OPTIONS NOFMTERR
193            FMTSEARCH =(bhjt, out, util, work, varlen, subset);
194  * PROC FREQ format;
195    %INCLUDE "C:/Users/wigginki/OneDrive - The University of Colorado
195! Denver/sas/sas_formats/procFreq_pct.sas";
NOTE: Format PCTFMT has been output.

NOTE: PROCEDURE FORMAT used (Total process time):
      real time           0.06 seconds
      cpu time            0.06 seconds


NOTE: Writing HTML Body file: sashtml.htm
NOTE: Overwriting existing template/link: Base.Freq.OneWayList
NOTE: TABLE 'Base.Freq.OneWayList' has been saved to: SASUSER.TEMPLAT
NOTE: PROCEDURE TEMPLATE used (Total process time):
      real time           1.65 seconds
      cpu time            0.84 seconds


219
220  * FORMATS  ---------------------------;
221    PROC FORMAT;
222    INVALUE age_range
223      0 - 64 = 1
224      other  = 0;
NOTE: Informat AGE_RANGE has been output.
225    VALUE agecat 1="0-19" 2="20-64" 3="65+";
NOTE: Format AGECAT has been output.
226    VALUE agehcpf 1="0-3" 2="4-6" 3="7-12" 4="13-20" 5="21-64" 6="65+";
NOTE: Format AGEHCPF has been output.
227    VALUE age7cat 1="0-5" 2="6-10" 3="11-15" 4="16-20" 5="21-44" 6="45-64" 7="65+";
NOTE: Format AGE7CAT has been output.
228    VALUE fy 1="7/1/18 - 6/30/19" 2="7/1/19 - 6/30/20" 3="7/1/20 - 6/30/21";
NOTE: Format FY has been output.
229    VALUE nserve 1="1" 2="2" 3="3" 4="4" 5="5" 6="6" 7="7+";
NOTE: Format NSERVE has been output.
230    VALUE fhqc 0="No services" 1="Only FQHC" 2="Only non-FQHC" 3="Both FQHC and non-FQHC";
NOTE: Format FHQC has been output.
231    VALUE capvsh 1="Same month" 2="Short term first" 3="Cap first" 4="Short term only" 5="Cap only"
231!  6="Neither";
NOTE: Format CAPVSH has been output.
232    VALUE matchn 1="Both match" 2="Billing match" 3="Rendering match" 4="Neither match";
NOTE: Format MATCHN has been output.
233    RUN;

NOTE: PROCEDURE FORMAT used (Total process time):
      real time           0.06 seconds
      cpu time            0.04 seconds


234  DATA data.longitudinal1;
235  SET  subset.qry_longitudinal;
236  RUN;

NOTE: There were 177273652 observations read from the data set SUBSET.QRY_LONGITUDINAL.
NOTE: The data set DATA.LONGITUDINAL1 has 177273652 observations and 25 variables.
NOTE: DATA statement used (Total process time):
      real time           10:11.84
      cpu time            6:12.17


237  DATA copy.demo1;
238  SET  subset.qry_demographics;
239  RUN;

ERROR: Libref COPY is not assigned.
NOTE: The SAS System stopped processing this step because of errors.
NOTE: DATA statement used (Total process time):
      real time           0.18 seconds
      cpu time            0.03 seconds


240  DATA data.demo1;
241  SET  subset.qry_demographics;
242  RUN;

NOTE: There were 3008709 observations read from the data set SUBSET.QRY_DEMOGRAPHICS.
NOTE: The data set DATA.DEMO1 has 3008709 observations and 7 variables.
NOTE: DATA statement used (Total process time):
      real time           10.25 seconds
      cpu time            3.03 seconds


