NOTE: PROCEDURE PRINTTO used (Total process time):
      real time           0.00 seconds
      cpu time            0.00 seconds
      

NOTE: Writing ODS PDF output to DISK destination 
      "S:\FHPC\DATA\HCPF_Data_files_SECURE\Kim\isp\isp_utilization\reports\cost_rx_2023-06-22.pdf", 
      printer "PDF".
WARNING: Apparent symbolic reference ROOT not resolved.
WARNING: Apparent symbolic reference FILE not resolved.
NOTE: PROCEDURE ODSTEXT used (Total process time):
      real time           0.03 seconds
      cpu time            0.00 seconds
      

WARNING: The TITLE statement is ambiguous due to invalid options or unquoted text.

NOTE: Class levels for some variables were not printed due to excessive size.
NOTE: PROC GEE is modeling the probability that ind_rx_cost='1'.
NOTE: The GEE procedure generated the model item store WORK.P_MODEL.
NOTE: PROCEDURE GEE used (Total process time):
      real time           10:54.24
      cpu time            9:58.21
      

WARNING: The TITLE statement is ambiguous due to invalid options or unquoted text.

NOTE: Class levels for some variables were not printed due to excessive size.
NOTE: The GEE procedure generated the model item store WORK.C_MODEL.
NOTE: PROCEDURE GEE used (Total process time):
      real time           11:14.06
      cpu time            11:13.93
      


NOTE: There were 1893477 observations read from the data set DATA.ANALYSIS.
      WHERE int=1;
NOTE: There were 1893477 observations read from the data set DATA.ANALYSIS.
      WHERE int=1;
NOTE: The data set WORK.INTGROUP has 3786954 observations and 51 variables.
NOTE: DATA statement used (Total process time):
      real time           4.11 seconds
      cpu time            4.07 seconds
      


NOTE: The data set WORK.P_INTGROUP has 3786954 observations and 52 variables.
NOTE: PROCEDURE PLM used (Total process time):
      real time           8.46 seconds
      cpu time            8.43 seconds
      


NOTE: The data set WORK.CP_INTGROUP has 3786954 observations and 53 variables.
NOTE: PROCEDURE PLM used (Total process time):
      real time           8.15 seconds
      cpu time            8.12 seconds
      


NOTE: There were 3786954 observations read from the data set WORK.CP_INTGROUP.
NOTE: The data set OUT.COST_RX_MEANCOST has 3786954 observations and 54 variables.
NOTE: DATA statement used (Total process time):
      real time           22.25 seconds
      cpu time            2.53 seconds
      

NOTE: Table OUT.COST_RX_AVP created, with 1 rows and 3 columns.

NOTE: PROCEDURE SQL used (Total process time):
      real time           15.20 seconds
      cpu time            0.62 seconds
      


NOTE: There were 1 observations read from the data set OUT.COST_RX_AVP.
NOTE: PROCEDURE PRINT used (Total process time):
      real time           0.03 seconds
      cpu time            0.00 seconds
      


NOTE: There were 3786954 observations read from the data set OUT.COST_RX_MEANCOST.
NOTE: PROCEDURE MEANS used (Total process time):
      real time           1.45 seconds
      cpu time            1.43 seconds
      

