NOTE: PROCEDURE PRINTTO used (Total process time):
      real time           0.00 seconds
      cpu time            0.00 seconds
      

MPRINT(HURDLE1_GM_V_GEE):   ODS PDF FILE = 
"S:/FHPC/DATA/HCPF_Data_files_SECURE/Kim/isp/isp_utilization/reports/cost_pc_gm_norefs_2023-07-07.pd
f" STARTPAGE = no style=journal;
NOTE: Writing ODS PDF output to DISK destination 
      "S:\FHPC\DATA\HCPF_Data_files_SECURE\Kim\isp\isp_utilization\reports\cost_pc_gm_norefs_2023-07
      -07.pdf", printer "PDF".
WARNING: The TITLE statement is ambiguous due to invalid options or unquoted text.
MPRINT(HURDLE1_GM_V_GEE):   Title "Proc genmod with same settings as proc gee reports, DV=" cost_pc;
MPRINT(HURDLE1_GM_V_GEE):   footnote "2023-07-07";
MPRINT(HURDLE1_GM_V_GEE):   ods text = "Date: 2023-07-07";
MPRINT(HURDLE1_GM_V_GEE):   ods text = "Script: macro_cost_dvs_gm_vs_gee.sas";
MPRINT(HURDLE1_GM_V_GEE):   ods text = "Log File: 
S:/FHPC/DATA/HCPF_Data_files_SECURE/Kim/isp/isp_utilization/code/cost_pc_gm_norefs_2023-07-07.log";
WARNING: The TITLE statement is ambiguous due to invalid options or unquoted text.
MPRINT(HURDLE1_GM_V_GEE):   TITLE "Probability Model: " cost_pc;
MPRINT(HURDLE1_GM_V_GEE):   PROC GENMOD DATA = data.analysis;
MPRINT(HURDLE1_GM_V_GEE):   CLASS mcaid_id int(ref='0') int_imp(ref='0') budget_grp_num_r race sex 
rae_person_new age_cat_num fqhc(ref ='0') bh_oth16(ref='0') bh_oth17(ref='0') bh_oth18(ref='0') 
bh_er16(ref='0') bh_er17(ref='0') bh_er18(ref='0') bh_hosp16(ref='0') bh_hosp17(ref='0') 
bh_hosp18(ref='0') adj_pd_total_16cat(ref='0') adj_pd_total_17cat(ref='0') 
adj_pd_total_18cat(ref='0') ind_pc_cost(ref= '0') ;
MPRINT(HURDLE1_GM_V_GEE):   MODEL ind_pc_cost = int int_imp time budget_grp_num_r race sex 
rae_person_new age_cat_num fqhc bh_oth16 bh_oth17 bh_oth18 bh_er16 bh_er17 bh_er18 bh_hosp16 
bh_hosp17 bh_hosp18 adj_pd_total_16cat adj_pd_total_17cat adj_pd_total_18cat / DIST=binomial 
LINK=logit ;
MPRINT(HURDLE1_GM_V_GEE):   REPEATED SUBJECT = mcaid_id / corr=exch ;
MPRINT(HURDLE1_GM_V_GEE):   store out=out.pmodel_costpc_genmod_norefs;
MPRINT(HURDLE1_GM_V_GEE):   run;

NOTE: Class levels for some variables were not printed due to excessive size.
NOTE: PROC GENMOD is modeling the probability that ind_pc_cost='1'. One way to change this to model 
      the probability that ind_pc_cost='0' is to specify the DESCENDING option in the PROC 
      statement.
NOTE: Algorithm converged.
NOTE: Algorithm converged.
NOTE: The GENMOD procedure generated the model item store OUT.PMODEL_COSTPC_GENMOD_NOREFS.
NOTE: PROCEDURE GENMOD used (Total process time):
      real time           11:31.77
      cpu time            10:32.87
      

MPRINT(HURDLE1_GM_V_GEE):   * positive cost model ;
WARNING: The TITLE statement is ambiguous due to invalid options or unquoted text.
MPRINT(HURDLE1_GM_V_GEE):   TITLE "Cost Model:" cost_pc;
MPRINT(HURDLE1_GM_V_GEE):   PROC GEE DATA = data.analysis desc;
MPRINT(HURDLE1_GM_V_GEE):   WHERE adj_pd_pc_tc > 0;
MPRINT(HURDLE1_GM_V_GEE):   CLASS mcaid_id int(ref="0") int_imp(ref="0") budget_grp_num_r race sex 
rae_person_new age_cat_num fqhc(ref ="0") bh_oth16(ref="0") bh_oth17(ref="0") bh_oth18(ref="0") 
bh_er16(ref="0") bh_er17(ref="0") bh_er18(ref="0") bh_hosp16(ref="0") bh_hosp17(ref="0") 
bh_hosp18(ref="0") adj_pd_total_16cat(ref="0") adj_pd_total_17cat(ref="0") 
adj_pd_total_18cat(ref="0");
MPRINT(HURDLE1_GM_V_GEE):   MODEL adj_pd_pc_tc = time season1 season2 season3 int int_imp 
age_cat_num race sex budget_grp_num_r fqhc rae_person_new bh_er16 bh_er17 bh_er18 bh_hosp16 
bh_hosp17 bh_hosp18 bh_oth16 bh_oth17 bh_oth18 adj_pd_total_16cat adj_pd_total_17cat 
adj_pd_total_18cat / dist = gamma link = log ;
MPRINT(HURDLE1_GM_V_GEE):   REPEATED SUBJECT = mcaid_id / type = exch;
MPRINT(HURDLE1_GM_V_GEE):   store out=out.cmodel_costpc_genmod_norefs;
MPRINT(HURDLE1_GM_V_GEE):   RUN;

NOTE: Class levels for some variables were not printed due to excessive size.
NOTE: The GEE procedure generated the model item store OUT.CMODEL_COSTPC_GENMOD_NOREFS.
NOTE: PROCEDURE GEE used (Total process time):
      real time           5:57.13
      cpu time            5:56.73
      

MPRINT(HURDLE1_GM_V_GEE):   TITLE;
MPRINT(HURDLE1_GM_V_GEE):   * interest group = time invariant ISP participation, which is set 
twice. the top in the stack will be recoded as not exposed (unexposed) the bottom group keeps the 
exposed status;
MPRINT(HURDLE1_GM_V_GEE):   * [INTGROUP]------------------------------------------------------- 
from original dataset as b;
MPRINT(HURDLE1_GM_V_GEE):   data intgroup;
MPRINT(HURDLE1_GM_V_GEE):   set data.analysis data.analysis (in = b);
MPRINT(HURDLE1_GM_V_GEE):   where int = 1;
MPRINT(HURDLE1_GM_V_GEE):   if ^b then int = 0;
MPRINT(HURDLE1_GM_V_GEE):   exposed = b;
MPRINT(HURDLE1_GM_V_GEE):   run;

NOTE: There were 1893477 observations read from the data set DATA.ANALYSIS.
      WHERE int=1;
NOTE: There were 1893477 observations read from the data set DATA.ANALYSIS.
      WHERE int=1;
NOTE: The data set WORK.INTGROUP has 3786954 observations and 55 variables.
NOTE: DATA statement used (Total process time):
      real time           4.71 seconds
      cpu time            4.67 seconds
      

MPRINT(HURDLE1_GM_V_GEE):   * the predictions for util and cost will be made for each person twice, 
once exposed and once unexposed;
MPRINT(HURDLE1_GM_V_GEE):   * [P_INTGROUP] ----------------------------------------------------- 
(matching the proc gee specifications to see why results are different) prob of util / score data 
from [INTGROUP] and restored [OUT.PMODEL_COSTPC_GENMOD_NOREFS];
NOTE: PROCEDURE PLM used (Total process time):
      real time           0.00 seconds
      cpu time            0.00 seconds
      
MPRINT(HURDLE1_GM_V_GEE):   proc plm restore=out.pmodel_costpc_genmod_noref;
ERROR: The file OUT.PMODEL_COSTPC_GENMOD_NOREF does not exist or it is not a valid item store.
NOTE: The SAS System stopped processing this step because of errors.
MPRINT(HURDLE1_GM_V_GEE):   score data=intgroup out=p_intgroup predicted=p_prob / ilink;
MPRINT(HURDLE1_GM_V_GEE):   run;
MPRINT(HURDLE1_GM_V_GEE):   * [CP_INTGROUP] ---------------------------------------------------- 
prob of cost from [P_INTGROUP] and cmodel store [OUT.CMODEL_COSTPC_GENMOD_NOREFS];


NOTE: PROCEDURE PLM used (Total process time):
      real time           0.00 seconds
      cpu time            0.00 seconds
      
MPRINT(HURDLE1_GM_V_GEE):   proc plm restore=out.cmodel_costpc_genmod_noref;
ERROR: The file OUT.CMODEL_COSTPC_GENMOD_NOREF does not exist or it is not a valid item store.
NOTE: The SAS System stopped processing this step because of errors.
MPRINT(HURDLE1_GM_V_GEE):   score data=p_intgroup out=cp_intgroup predicted=p_cost / ilink;
MPRINT(HURDLE1_GM_V_GEE):   run;
MPRINT(HURDLE1_GM_V_GEE):   *[OUT.&DV_MEAN_GM] ------------------------------------------------ 
person average cost is calculated from [CP_INTGROUP] ;


MPRINT(HURDLE1_GM_V_GEE):   data out.cost_pc_mean_gm;
MPRINT(HURDLE1_GM_V_GEE):   set cp_intgroup;
ERROR: File WORK.CP_INTGROUP.DATA does not exist.
MPRINT(HURDLE1_GM_V_GEE):   a_cost = p_prob*p_cost;
MPRINT(HURDLE1_GM_V_GEE):  * (1-p term = 0);
MPRINT(HURDLE1_GM_V_GEE):   run;

NOTE: The SAS System stopped processing this step because of errors.
WARNING: The data set OUT.COST_PC_MEAN_GM may be incomplete.  When this step was stopped there were 
         0 observations and 3 variables.
WARNING: Data set OUT.COST_PC_MEAN_GM was not replaced because this step was stopped.
NOTE: DATA statement used (Total process time):
      real time           0.09 seconds
      cpu time            0.01 seconds
      

MPRINT(HURDLE1_GM_V_GEE):   * [OUT.&DV_AVP_GM] 
------------------------------------------------------ group average cost is calculated and 
contrasted from [OUT.&DV_MEAN_GM] ;
MPRINT(HURDLE1_GM_V_GEE):   proc sql;
MPRINT(HURDLE1_GM_V_GEE):   create table out.cost_pc_avp_gm as select mean(case when exposed=1 then 
a_cost else . end ) as cost_exposed, mean(case when exposed=0 then a_cost else . end ) as 
cost_unexposed, calculated cost_exposed - calculated cost_unexposed as cost_diff from 
out.cost_pc_mean_gm;
ERROR: The following columns were not found in the contributing tables: exposed.
MPRINT(HURDLE1_GM_V_GEE):   quit;
NOTE: The SAS System stopped processing this step because of errors.
NOTE: PROCEDURE SQL used (Total process time):
      real time           0.01 seconds
      cpu time            0.00 seconds
      
WARNING: The TITLE statement is ambiguous due to invalid options or unquoted text.
MPRINT(HURDLE1_GM_V_GEE):   TITLE cost_pc "avp";


MPRINT(HURDLE1_GM_V_GEE):   proc print data = out.cost_pc_avp_gm;
MPRINT(HURDLE1_GM_V_GEE):   run;

NOTE: There were 1 observations read from the data set OUT.COST_PC_AVP_GM.
NOTE: PROCEDURE PRINT used (Total process time):
      real time           0.05 seconds
      cpu time            0.00 seconds
      

MPRINT(HURDLE1_GM_V_GEE):   proc means data = out.cost_pc_mean_gm;
MPRINT(HURDLE1_GM_V_GEE):   by exposed;
ERROR: Variable EXPOSED not found.
MPRINT(HURDLE1_GM_V_GEE):   var p_prob p_cost a_cost;
MPRINT(HURDLE1_GM_V_GEE):   RUN;

NOTE: The SAS System stopped processing this step because of errors.
NOTE: PROCEDURE MEANS used (Total process time):
      real time           0.00 seconds
      cpu time            0.00 seconds
      


MPRINT(HURDLE1_GM_V_GEE):   PROC PRINTTO;
MPRINT(HURDLE1_GM_V_GEE):   RUN;

