NOTE: Copyright (c) 2016 by SAS Institute Inc., Cary, NC, USA.
NOTE: SAS (r) Proprietary Software 9.4 (TS1M7)
      Licensed to UNIVERSITY OF COLORADO SYSTEM - SFA - T&R, Site 70082279.
NOTE: This session is executing on the X64_10PRO  platform.



NOTE: Analytical products:

      SAS/STAT 15.2
      SAS/ETS 15.2
      SAS/OR 15.2
      SAS/IML 15.2
      SAS/QC 15.2

NOTE: Additional host information:

 X64_10PRO WIN 10.0.19041  Workstation

NOTE: SAS initialization used:
      real time           1.21 seconds
      cpu time            0.82 seconds

1    %INCLUDE "S:/FHPC/DATA/HCPF_DATA_files_SECURE/Kim/isp/isp_utilization/code/config.sas";
NOTE: Libref DATA was successfully assigned as follows:
      Engine:        V9
      Physical Name: S:\FHPC\DATA\HCPF_Data_files_SECURE\Kim\isp\isp_utilization\data
NOTE: Libref INT was successfully assigned as follows:
      Engine:        V9
      Physical Name: S:\FHPC\DATA\HCPF_Data_files_SECURE\Kim\isp\isp_utilization\data\interim
NOTE: Libref OUT was successfully assigned as follows:
      Engine:        V9
      Physical Name: S:\FHPC\DATA\HCPF_Data_files_SECURE\Kim\isp\isp_utilization\data\out_hurdle
NOTE: Library STORE does not exist.
NOTE: Libref RAW was successfully assigned as follows:
      Engine:        V9
      Physical Name: S:\FHPC\DATA\HCPF_Data_files_SECURE\Kim\isp\isp_utilization\data\_raw
NOTE: Libref ANA was successfully assigned as follows:
      Engine:        V9
      Physical Name: S:\FHPC\DATA\HCPF_Data_files_SECURE\HCPF_SqlServer\AnalyticSubset
NOTE: Format PCTFMT has been output.

NOTE: PROCEDURE FORMAT used (Total process time):
      real time           0.03 seconds
      cpu time            0.01 seconds


NOTE: Writing HTML Body file: sashtml.htm
NOTE: TABLE 'Base.Freq.OneWayList' has been saved to: WORK.TEMPLAT
NOTE: PROCEDURE TEMPLATE used (Total process time):
      real time           0.39 seconds
      cpu time            0.26 seconds


133  PROC SORT DATA=int.final_01; BY MCAID_ID FY TIME; RUN;

NOTE: Input data set is already sorted, no sorting done.
NOTE: PROCEDURE SORT used (Total process time):
      real time           0.01 seconds
      cpu time            0.01 seconds



134  %LET ds = int.demo;
135  %INCLUDE "&util/code/util_dataset_prep/incl_extract_check_fy1922.sas";
WARNING: Physical file does not exist,
         S:\FHPC\DATA\HCPF_Data_files_SECURE\Kim\isp\isp_utilization\code\util_dataset_prep\incl_ext
         ract_check_fy1922.sas.
ERROR: Cannot open %INCLUDE file
       S:/FHPC/DATA/HCPF_Data_files_SECURE/Kim/isp/isp_utilization/code/util_dataset_prep/incl_extra
       ct_check_fy1922.sas.
136  %INCLUDE "&util/code/util_dataset_pre/incl_extract_check_fy1922.sas";
WARNING: Apparent symbolic reference DV1922 not resolved.
185 +            FROM &dv1922
                      -
                      22
ERROR 22-322: Syntax error, expecting one of the following: a name, a quoted string, (, CONNECTION,
              DICTIONARY.

185 +            FROM &dv1922
                      -
                      200
ERROR 200-322: The symbol is not recognized and will be ignored.

NOTE: The SAS System stopped processing this step because of errors.
NOTE: PROCEDURE SQL used (Total process time):
      real time           0.03 seconds
      cpu time            0.01 seconds



197  %INCLUDE "&util/code/util_dataset_pre/incl_extract_check_fy1922.sas";
NOTE: The query requires remerging summary statistics back with the original data.
NOTE: Table INT.PCMP_ATTR_QRTR created, with 19283171 rows and 6 columns.

NOTE: PROCEDURE SQL used (Total process time):
      real time           2:26.90
      cpu time            1:07.09



