NOTE: PROCEDURE PRINTTO used (Total process time):
      real time           0.01 seconds
      cpu time            0.00 seconds
      

MPRINT(HURDLE):   PROC GENMOD DATA = data.utilization;
MPRINT(HURDLE):   CLASS mcaid_id int(ref='0') int_imp(ref='0') budget_grp_new(ref='MAGI Eligible 
Children') race(ref='non-Hispanic White/Caucasian') sex(ref='Female') rae_person_new(ref='3') 
age_cat(ref='ages 21-44') fqhc(ref ='0') bh_oth17(ref='0') bh_oth18(ref='0') bh_oth19(ref='0') 
bh_er17(ref='0') bh_er18(ref='0') bh_er19(ref='0') bh_hosp17(ref='0') bh_hosp18(ref='0') 
bh_hosp19(ref='0') adj_pd_total_17cat(ref='0') adj_pd_total_18cat(ref='0') 
adj_pd_total_19cat(ref='0') ind_cost_rx;
MPRINT(HURDLE):   MODEL ind_cost_rx(event='1') = int int_imp time season1 season2 season3 
budget_grp_new race sex rae_person_new age_cat fqhc bh_oth17 bh_oth18 bh_oth19 bh_er17 bh_er18 
bh_er19 bh_hosp17 bh_hosp18 bh_hosp19 adj_pd_total_17cat adj_pd_total_18cat adj_pd_total_19cat / 
DIST=binomial;
MPRINT(HURDLE):   REPEATED SUBJECT = mcaid_id / type=exch ;
MPRINT(HURDLE):   store out.cost_rx_pmodel_exch;
MPRINT(HURDLE):   run;


NOTE: Class levels for some variables were not printed due to excessive size.
NOTE: PROC GENMOD is modeling the probability that ind_cost_rx='1'. One way to change this to model 
      the probability that ind_cost_rx='0' is to specify the DESCENDING option in the PROC 
      statement.
NOTE: Algorithm converged.
NOTE: Algorithm converged.
NOTE: The GENMOD procedure generated the model item store OUT.COST_RX_PMODEL_EXCH.
NOTE: PROCEDURE GENMOD used (Total process time):
      real time           15:50.38
      cpu time            15:23.59
      

MPRINT(HURDLE):   TITLE 'Cost Model';
MPRINT(HURDLE):   PROC GENMOD DATA = data.utilization desc;
MPRINT(HURDLE):   WHERE cost_rx > 0;
MPRINT(HURDLE):   CLASS mcaid_id int(ref='0') int_imp(ref='0') budget_grp_new(ref='MAGI Eligible 
Children') race(ref='non-Hispanic White/Caucasian') sex(ref='Female') rae_person_new(ref='3') 
age_cat(ref='ages 21-44') fqhc(ref ='0') bh_oth17(ref='0') bh_oth18(ref='0') bh_oth19(ref='0') 
bh_er17(ref='0') bh_er18(ref='0') bh_er19(ref='0') bh_hosp17(ref='0') bh_hosp18(ref='0') 
bh_hosp19(ref='0') adj_pd_total_17cat(ref='0') adj_pd_total_18cat(ref='0') 
adj_pd_total_19cat(ref='0') ;
MPRINT(HURDLE):   MODEL cost_rx = int int_imp time season1 season2 season3 budget_grp_new race sex 
rae_person_new age_cat fqhc bh_oth17 bh_oth18 bh_oth19 bh_er17 bh_er18 bh_er19 bh_hosp17 bh_hosp18 
bh_hosp19 adj_pd_total_17cat adj_pd_total_18cat adj_pd_total_19cat / dist=gamma link=log ;
MPRINT(HURDLE):   REPEATED SUBJECT = mcaid_id / type = exch;
MPRINT(HURDLE):   store out.cost_rx_cmodel_exch;
MPRINT(HURDLE):   output out = out.cost_rx_c_predout_exch reschi = pearson_resid pred = 
predicted_cost STDRESCHI = STDRESCHI xbeta=xbeta;
MPRINT(HURDLE):   RUN;

NOTE: The DESCENDING option applies only to the multinomial distribution with ordinal response.
NOTE: Class levels for some variables were not printed due to excessive size.
NOTE: Algorithm converged.
NOTE: No convergence of GEE parameter estimates after 50 iterations.
WARNING: Iteration limit exceeded.
NOTE: The GENMOD procedure deleted the model item store OUT.COST_RX_CMODEL_EXCH because of 
      incomplete information for a subsequent analysis.
NOTE: The data set OUT.COST_RX_C_PREDOUT_EXCH has 5895337 observations and 43 variables.
NOTE: PROCEDURE GENMOD used (Total process time):
      real time           46:40.23
      cpu time            46:30.73
      

MPRINT(HURDLE):   TITLE;
MPRINT(HURDLE):   * OUT:[intgroup] IN :[&dat &dat] the group of interest is set twice, the top in 
the stack will be recoded as not participants (unexposed) the bottom group keeps the int_imp=1 
status------------------------------------------------ ;
MPRINT(HURDLE):   data intgroup;
MPRINT(HURDLE):   set data.utilization data.utilization (in = b);
MPRINT(HURDLE):   where int_imp = 1;
MPRINT(HURDLE):   if ^b then int_imp = 0;
MPRINT(HURDLE):   exposed = b;
MPRINT(HURDLE):   run;

NOTE: There were 1826819 observations read from the data set DATA.UTILIZATION.
      WHERE int_imp=1;
NOTE: There were 1826819 observations read from the data set DATA.UTILIZATION.
      WHERE int_imp=1;
NOTE: The data set WORK.INTGROUP has 3653638 observations and 40 variables.
NOTE: DATA statement used (Total process time):
      real time           2.94 seconds
      cpu time            2.81 seconds
      

MPRINT(HURDLE):   * the predictions for util and cost will be made for each person twice, once 
exposed and once unexposed;
MPRINT(HURDLE):   * OUT:[P_INTGROUP] IN :[out=out.&dv._pmodel] prob of 
util------------------------------------------------ ;
MPRINT(HURDLE):   proc plm restore=out.cost_rx_pmodel_exch ;
MPRINT(HURDLE):   score data=intgroup out=p_intgroup predicted=p_prob / ilink;
MPRINT(HURDLE):   run;

NOTE: The data set WORK.P_INTGROUP has 3653638 observations and 41 variables.
NOTE: PROCEDURE PLM used (Total process time):
      real time           8.49 seconds
      cpu time            8.15 seconds
      

MPRINT(HURDLE):   * OUT:[CP_INTGROUP] IN :[out=out.&dv._cmodel] prob of cost 
-------------------------------------------------;
NOTE: PROCEDURE PLM used (Total process time):
      real time           0.00 seconds
      cpu time            0.00 seconds
      
MPRINT(HURDLE):   proc plm restore=out.cost_rx_cmodel_exch ;
ERROR: The file OUT.COST_RX_CMODEL_EXCH does not exist or it is not a valid item store.
NOTE: The SAS System stopped processing this step because of errors.
MPRINT(HURDLE):   score data=p_intgroup out=cp_intgroup predicted=p_cost / ilink;
MPRINT(HURDLE):   run;
MPRINT(HURDLE):   * OUT:[out.&dv._mean] IN:[cp_intgroup] Person average cost is 
calculated------------------------------;


MPRINT(HURDLE):   data out.cost_rx_mean_exch ;
MPRINT(HURDLE):   set cp_intgroup;
ERROR: File WORK.CP_INTGROUP.DATA does not exist.
MPRINT(HURDLE):   a_cost = p_prob*p_cost;
MPRINT(HURDLE):  * (1-p term = 0);
MPRINT(HURDLE):   run;

NOTE: The SAS System stopped processing this step because of errors.
WARNING: The data set OUT.COST_RX_MEAN_EXCH may be incomplete.  When this step was stopped there 
         were 0 observations and 3 variables.
NOTE: DATA statement used (Total process time):
      real time           0.10 seconds
      cpu time            0.01 seconds
      

MPRINT(HURDLE):   * OUT:[out.&dv._avp] IN:[out.&dv._mean] Group average cost is calculated and 
contrasted-----------------;
MPRINT(HURDLE):   proc sql;
MPRINT(HURDLE):   create table out.cost_rx_avp_exch as select mean(case when exposed=1 then a_cost 
else . end ) as cost_exposed, mean(case when exposed=0 then a_cost else . end ) as cost_unexposed, 
calculated cost_exposed - calculated cost_unexposed as cost_diff from out.cost_rx_mean_exch;
ERROR: The following columns were not found in the contributing tables: exposed.
MPRINT(HURDLE):   quit;
NOTE: The SAS System stopped processing this step because of errors.
NOTE: PROCEDURE SQL used (Total process time):
      real time           0.01 seconds
      cpu time            0.00 seconds
      


MPRINT(HURDLE):   PROC PRINTTO;
MPRINT(HURDLE):   RUN;

NOTE: PROCEDURE PRINTTO used (Total process time):
      real time           0.02 seconds
      cpu time            0.00 seconds
      

MPRINT(HURDLE):   PROC GENMOD DATA = data.utilization;
MPRINT(HURDLE):   CLASS mcaid_id int(ref='0') int_imp(ref='0') budget_grp_new(ref='MAGI Eligible 
Children') race(ref='non-Hispanic White/Caucasian') sex(ref='Female') rae_person_new(ref='3') 
age_cat(ref='ages 21-44') fqhc(ref ='0') bh_oth17(ref='0') bh_oth18(ref='0') bh_oth19(ref='0') 
bh_er17(ref='0') bh_er18(ref='0') bh_er19(ref='0') bh_hosp17(ref='0') bh_hosp18(ref='0') 
bh_hosp19(ref='0') adj_pd_total_17cat(ref='0') adj_pd_total_18cat(ref='0') 
adj_pd_total_19cat(ref='0') ind_cost_rx;
MPRINT(HURDLE):   MODEL ind_cost_rx(event='1') = int int_imp time season1 season2 season3 
budget_grp_new race sex rae_person_new age_cat fqhc bh_oth17 bh_oth18 bh_oth19 bh_er17 bh_er18 
bh_er19 bh_hosp17 bh_hosp18 bh_hosp19 adj_pd_total_17cat adj_pd_total_18cat adj_pd_total_19cat / 
DIST=binomial;
MPRINT(HURDLE):   REPEATED SUBJECT = mcaid_id / type=exch ;
MPRINT(HURDLE):   store out.cost_rx_pmodel_exch;
MPRINT(HURDLE):   run;


NOTE: Class levels for some variables were not printed due to excessive size.
NOTE: PROC GENMOD is modeling the probability that ind_cost_rx='1'. One way to change this to model 
      the probability that ind_cost_rx='0' is to specify the DESCENDING option in the PROC 
      statement.
NOTE: Algorithm converged.
NOTE: Algorithm converged.
NOTE: The GENMOD procedure generated the model item store OUT.COST_RX_PMODEL_EXCH.
NOTE: PROCEDURE GENMOD used (Total process time):
      real time           16:10.80
      cpu time            15:43.76
      

MPRINT(HURDLE):   TITLE 'Cost Model';
MPRINT(HURDLE):   PROC GENMOD DATA = data.utilization desc;
MPRINT(HURDLE):   WHERE cost_rx > 0;
MPRINT(HURDLE):   CLASS mcaid_id int(ref='0') int_imp(ref='0') budget_grp_new(ref='MAGI Eligible 
Children') race(ref='non-Hispanic White/Caucasian') sex(ref='Female') rae_person_new(ref='3') 
age_cat(ref='ages 21-44') fqhc(ref ='0') bh_oth17(ref='0') bh_oth18(ref='0') bh_oth19(ref='0') 
bh_er17(ref='0') bh_er18(ref='0') bh_er19(ref='0') bh_hosp17(ref='0') bh_hosp18(ref='0') 
bh_hosp19(ref='0') adj_pd_total_17cat(ref='0') adj_pd_total_18cat(ref='0') 
adj_pd_total_19cat(ref='0') ;
MPRINT(HURDLE):   MODEL cost_rx = int int_imp time season1 season2 season3 budget_grp_new race sex 
rae_person_new age_cat fqhc bh_oth17 bh_oth18 bh_oth19 bh_er17 bh_er18 bh_er19 bh_hosp17 bh_hosp18 
bh_hosp19 adj_pd_total_17cat adj_pd_total_18cat adj_pd_total_19cat / dist=gamma link=log ;
MPRINT(HURDLE):   REPEATED SUBJECT = mcaid_id / type = exch;
MPRINT(HURDLE):   store out.cost_rx_cmodel_exch;
MPRINT(HURDLE):   output out = out.cost_rx_c_predout_exch reschi = pearson_resid pred = 
predicted_cost STDRESCHI = STDRESCHI xbeta=xbeta;
MPRINT(HURDLE):   RUN;

NOTE: The DESCENDING option applies only to the multinomial distribution with ordinal response.
NOTE: Class levels for some variables were not printed due to excessive size.
NOTE: Algorithm converged.
NOTE: No convergence of GEE parameter estimates after 50 iterations.
WARNING: Iteration limit exceeded.
NOTE: The GENMOD procedure deleted the model item store OUT.COST_RX_CMODEL_EXCH because of 
      incomplete information for a subsequent analysis.
NOTE: The data set OUT.COST_RX_C_PREDOUT_EXCH has 5895337 observations and 43 variables.
NOTE: PROCEDURE GENMOD used (Total process time):
      real time           46:29.55
      cpu time            46:21.48
      

MPRINT(HURDLE):   TITLE;
MPRINT(HURDLE):   * OUT:[intgroup] IN :[&dat &dat] the group of interest is set twice, the top in 
the stack will be recoded as not participants (unexposed) the bottom group keeps the int_imp=1 
status------------------------------------------------ ;
MPRINT(HURDLE):   data intgroup;
MPRINT(HURDLE):   set data.utilization data.utilization (in = b);
MPRINT(HURDLE):   where int_imp = 1;
MPRINT(HURDLE):   if ^b then int_imp = 0;
MPRINT(HURDLE):   exposed = b;
MPRINT(HURDLE):   run;

NOTE: There were 1826819 observations read from the data set DATA.UTILIZATION.
      WHERE int_imp=1;
NOTE: There were 1826819 observations read from the data set DATA.UTILIZATION.
      WHERE int_imp=1;
NOTE: The data set WORK.INTGROUP has 3653638 observations and 40 variables.
NOTE: DATA statement used (Total process time):
      real time           3.01 seconds
      cpu time            2.75 seconds
      

MPRINT(HURDLE):   * the predictions for util and cost will be made for each person twice, once 
exposed and once unexposed;
MPRINT(HURDLE):   * OUT:[P_INTGROUP] IN :[out=out.&dv._pmodel] prob of 
util------------------------------------------------ ;
MPRINT(HURDLE):   proc plm restore=out.cost_rx_pmodel_exch ;
MPRINT(HURDLE):   score data=intgroup out=p_intgroup predicted=p_prob / ilink;
MPRINT(HURDLE):   run;

NOTE: The data set WORK.P_INTGROUP has 3653638 observations and 41 variables.
NOTE: PROCEDURE PLM used (Total process time):
      real time           9.99 seconds
      cpu time            8.18 seconds
      

MPRINT(HURDLE):   * OUT:[CP_INTGROUP] IN :[out=out.&dv._cmodel] prob of cost 
-------------------------------------------------;
NOTE: PROCEDURE PLM used (Total process time):
      real time           0.00 seconds
      cpu time            0.00 seconds
      
MPRINT(HURDLE):   proc plm restore=out.cost_rx_cmodel_exch ;
ERROR: The file OUT.COST_RX_CMODEL_EXCH does not exist or it is not a valid item store.
NOTE: The SAS System stopped processing this step because of errors.
MPRINT(HURDLE):   score data=p_intgroup out=cp_intgroup predicted=p_cost / ilink;
MPRINT(HURDLE):   run;
MPRINT(HURDLE):   * OUT:[out.&dv._mean] IN:[cp_intgroup] Person average cost is 
calculated------------------------------;


MPRINT(HURDLE):   data out.cost_rx_mean_exch ;
MPRINT(HURDLE):   set cp_intgroup;
ERROR: File WORK.CP_INTGROUP.DATA does not exist.
MPRINT(HURDLE):   a_cost = p_prob*p_cost;
MPRINT(HURDLE):  * (1-p term = 0);
MPRINT(HURDLE):   run;

NOTE: The SAS System stopped processing this step because of errors.
WARNING: The data set OUT.COST_RX_MEAN_EXCH may be incomplete.  When this step was stopped there 
         were 0 observations and 3 variables.
WARNING: Data set OUT.COST_RX_MEAN_EXCH was not replaced because this step was stopped.
NOTE: DATA statement used (Total process time):
      real time           0.24 seconds
      cpu time            0.00 seconds
      

MPRINT(HURDLE):   * OUT:[out.&dv._avp] IN:[out.&dv._mean] Group average cost is calculated and 
contrasted-----------------;
MPRINT(HURDLE):   proc sql;
MPRINT(HURDLE):   create table out.cost_rx_avp_exch as select mean(case when exposed=1 then a_cost 
else . end ) as cost_exposed, mean(case when exposed=0 then a_cost else . end ) as cost_unexposed, 
calculated cost_exposed - calculated cost_unexposed as cost_diff from out.cost_rx_mean_exch;
ERROR: The following columns were not found in the contributing tables: exposed.
MPRINT(HURDLE):   quit;
NOTE: The SAS System stopped processing this step because of errors.
NOTE: PROCEDURE SQL used (Total process time):
      real time           0.01 seconds
      cpu time            0.00 seconds
      


MPRINT(HURDLE):   PROC PRINTTO;
MPRINT(HURDLE):   RUN;

