NOTE: PROCEDURE PRINTTO used (Total process time):
      real time           0.01 seconds
      cpu time            0.00 seconds
      

MPRINT(HURDLE):   PROC GENMOD DATA = data.utilization;
MPRINT(HURDLE):   CLASS mcaid_id int(ref='0') int_imp(ref='0') budget_grp_new(ref='MAGI 
Eligible Children') race(ref='non-Hispanic White/Caucasian') sex(ref='Female') 
rae_person_new(ref='3') age_cat(ref='ages 21-44') fqhc(ref ='0') bh_oth17(ref='0') 
bh_oth18(ref='0') bh_oth19(ref='0') bh_er17(ref='0') bh_er18(ref='0') bh_er19(ref='0') 
bh_hosp17(ref='0') bh_hosp18(ref='0') bh_hosp19(ref='0') adj_pd_total_17cat(ref='0') 
adj_pd_total_18cat(ref='0') adj_pd_total_19cat(ref='0') ind_cost_total;
MPRINT(HURDLE):   MODEL ind_cost_total(event='1') = int int_imp time season1 season2 
season3 budget_grp_new race sex rae_person_new age_cat fqhc bh_oth17 bh_oth18 bh_oth19 
bh_er17 bh_er18 bh_er19 bh_hosp17 bh_hosp18 bh_hosp19 adj_pd_total_17cat 
adj_pd_total_18cat adj_pd_total_19cat / DIST=binomial;
MPRINT(HURDLE):   REPEATED SUBJECT = mcaid_id / type=ind ;
MPRINT(HURDLE):   store out.cost_total_pmodel_ind;
MPRINT(HURDLE):   output out = predout pred = pred;
MPRINT(HURDLE):   run;

NOTE: Class levels for some variables were not printed due to excessive size.
NOTE: PROC GENMOD is modeling the probability that ind_cost_total='1'. One way to 
      change this to model the probability that ind_cost_total='0' is to specify the 
      DESCENDING option in the PROC statement.
NOTE: Algorithm converged.
NOTE: Algorithm converged.
NOTE: The GENMOD procedure generated the model item store OUT.COST_TOTAL_PMODEL_IND.
NOTE: The data set WORK.PREDOUT has 19283171 observations and 40 variables.
NOTE: PROCEDURE GENMOD used (Total process time):
      real time           8:53.39
      cpu time            8:22.07
      

MPRINT(HURDLE):   TITLE 'Cost Model';
MPRINT(HURDLE):   PROC GENMOD DATA = data.utilization desc;
MPRINT(HURDLE):   WHERE cost_total > 0;
MPRINT(HURDLE):   CLASS mcaid_id int(ref='0') int_imp(ref='0') budget_grp_new(ref='MAGI 
Eligible Children') race(ref='non-Hispanic White/Caucasian') sex(ref='Female') 
rae_person_new(ref='3') age_cat(ref='ages 21-44') fqhc(ref ='0') bh_oth17(ref='0') 
bh_oth18(ref='0') bh_oth19(ref='0') bh_er17(ref='0') bh_er18(ref='0') bh_er19(ref='0') 
bh_hosp17(ref='0') bh_hosp18(ref='0') bh_hosp19(ref='0') adj_pd_total_17cat(ref='0') 
adj_pd_total_18cat(ref='0') adj_pd_total_19cat(ref='0') ;
MPRINT(HURDLE):   MODEL cost_total = int int_imp time season1 season2 season3 
budget_grp_new race sex rae_person_new age_cat fqhc bh_oth17 bh_oth18 bh_oth19 bh_er17 
bh_er18 bh_er19 bh_hosp17 bh_hosp18 bh_hosp19 adj_pd_total_17cat adj_pd_total_18cat 
adj_pd_total_19cat / dist=gamma link=log ;
MPRINT(HURDLE):   REPEATED SUBJECT = mcaid_id / type = ind;
MPRINT(HURDLE):   store out.cost_total_cmodel_ind;
MPRINT(HURDLE):   RUN;

NOTE: The DESCENDING option applies only to the multinomial distribution with ordinal 
      response.
NOTE: Class levels for some variables were not printed due to excessive size.
NOTE: Algorithm converged.
NOTE: Algorithm converged.
NOTE: The GENMOD procedure generated the model item store OUT.COST_TOTAL_CMODEL_IND.
NOTE: PROCEDURE GENMOD used (Total process time):
      real time           4:47.15
      cpu time            4:46.21
      

MPRINT(HURDLE):   TITLE;
MPRINT(HURDLE):   * the predictions for cost will be made for each person twice, once 
exposed and once unexposed;
MPRINT(HURDLE):   * OUT:[P_INTGROUP] IN :[out=out.&dv._pmodel] prob of 
util------------------------------------------------ ;
MPRINT(HURDLE):   proc plm restore=out.cost_total_pmodel_ind ;
MPRINT(HURDLE):   score data=data.intgroup out=p_intgroup predicted=p_prob / ilink;
MPRINT(HURDLE):   run;

NOTE: The data set WORK.P_INTGROUP has 3653638 observations and 41 variables.
NOTE: PROCEDURE PLM used (Total process time):
      real time           14.04 seconds
      cpu time            8.96 seconds
      

MPRINT(HURDLE):   * OUT:[CP_INTGROUP] IN :[out=out.&dv._cmodel] prob of cost 
-------------------------------------------------;
MPRINT(HURDLE):   proc plm restore=out.cost_total_cmodel_ind ;
MPRINT(HURDLE):   score data=p_intgroup out=cp_intgroup predicted=p_cost / ilink;
MPRINT(HURDLE):   run;

NOTE: The data set WORK.CP_INTGROUP has 3653638 observations and 42 variables.
NOTE: PROCEDURE PLM used (Total process time):
      real time           7.67 seconds
      cpu time            7.60 seconds
      

MPRINT(HURDLE):   * OUT:[out.&dv._mean] IN:[cp_intgroup] Person average cost is 
calculated------------------------------;
MPRINT(HURDLE):   data out.cost_total_mean_ind ;
MPRINT(HURDLE):   set cp_intgroup;
MPRINT(HURDLE):   a_cost = p_prob*p_cost;
MPRINT(HURDLE):  * (1-p term = 0);
MPRINT(HURDLE):   run;

NOTE: There were 3653638 observations read from the data set WORK.CP_INTGROUP.
NOTE: The data set OUT.COST_TOTAL_MEAN_IND has 3653638 observations and 43 variables.
NOTE: DATA statement used (Total process time):
      real time           12.27 seconds
      cpu time            1.64 seconds
      

MPRINT(HURDLE):   * OUT:[out.&dv._avp] IN:[out.&dv._mean] Group average cost is 
calculated and contrasted-----------------;
MPRINT(HURDLE):   proc sql;
MPRINT(HURDLE):   create table out.cost_total_avp_ind as select mean(case when 
exposed=1 then a_cost else . end ) as cost_exposed, mean(case when exposed=0 then 
a_cost else . end ) as cost_unexposed, calculated cost_exposed - calculated 
cost_unexposed as cost_diff from out.cost_total_mean_ind;
NOTE: Table OUT.COST_TOTAL_AVP_IND created, with 1 rows and 3 columns.

MPRINT(HURDLE):   quit;
NOTE: PROCEDURE SQL used (Total process time):
      real time           8.10 seconds
      cpu time            0.39 seconds
      

MPRINT(HURDLE):   * put AVP results in log for reference/ comparing results;
MPRINT(HURDLE):   data _NULL_;
MPRINT(HURDLE):   SET out.cost_total_avp_ind;
MPRINT(HURDLE):   put cost_exposed= cost_unexposed= cost_diff=;
MPRINT(HURDLE):   RUN;

cost_exposed=473.46566774 cost_unexposed=479.39199745 cost_diff=-5.926329708
NOTE: There were 1 observations read from the data set OUT.COST_TOTAL_AVP_IND.
NOTE: DATA statement used (Total process time):
      real time           0.01 seconds
      cpu time            0.00 seconds
      

MPRINT(HURDLE):   proc rank data = predout out = predgroup groups = 10;
MPRINT(HURDLE):   var pred;
MPRINT(HURDLE):   ranks predgroup;
MPRINT(HURDLE):   run;

NOTE: The data set WORK.PREDGROUP has 19283171 observations and 41 variables.
NOTE: PROCEDURE RANK used (Total process time):
      real time           6.45 seconds
      cpu time            6.42 seconds
      

MPRINT(HURDLE):   proc means data = predgroup noprint nway;
MPRINT(HURDLE):   var pred ind_cost_total;
MPRINT(HURDLE):   class predgroup;
MPRINT(HURDLE):   output out = out.cost_total_meanout_ind mean = /autoname;
MPRINT(HURDLE):   run;

NOTE: There were 19283171 observations read from the data set WORK.PREDGROUP.
NOTE: The data set OUT.COST_TOTAL_MEANOUT_IND has 10 observations and 5 variables.
NOTE: PROCEDURE MEANS used (Total process time):
      real time           2.10 seconds
      cpu time            3.79 seconds
      

MPRINT(HURDLE):   data _NULL_;
MPRINT(HURDLE):   SET out.cost_total_meanout_ind (DROP= _TYPE_);
MPRINT(HURDLE):   put _all_;
MPRINT(HURDLE):   RUN;

predgroup=0 _FREQ_=1928312 pred_Mean=0.185880629 ind_cost_total_Mean=0.1944804575
_ERROR_=0 _N_=1
predgroup=1 _FREQ_=1928327 pred_Mean=0.329852296 ind_cost_total_Mean=0.3422661198
_ERROR_=0 _N_=2
predgroup=2 _FREQ_=1928317 pred_Mean=0.4214929396 ind_cost_total_Mean=0.4036426583
_ERROR_=0 _N_=3
predgroup=3 _FREQ_=1928306 pred_Mean=0.4749644074 ind_cost_total_Mean=0.464987922
_ERROR_=0 _N_=4
predgroup=4 _FREQ_=1928328 pred_Mean=0.5183925014 ind_cost_total_Mean=0.5258493368
_ERROR_=0 _N_=5
predgroup=5 _FREQ_=1928282 pred_Mean=0.5578316108 ind_cost_total_Mean=0.5675015376
_ERROR_=0 _N_=6
predgroup=6 _FREQ_=1928348 pred_Mean=0.6007000384 ind_cost_total_Mean=0.5995344201
_ERROR_=0 _N_=7
predgroup=7 _FREQ_=1928306 pred_Mean=0.6510651084 ind_cost_total_Mean=0.6412872231
_ERROR_=0 _N_=8
predgroup=8 _FREQ_=1928328 pred_Mean=0.723598462 ind_cost_total_Mean=0.7121345539
_ERROR_=0 _N_=9
predgroup=9 _FREQ_=1928317 pred_Mean=0.8534412494 ind_cost_total_Mean=0.8655350754
_ERROR_=0 _N_=10
NOTE: There were 10 observations read from the data set OUT.COST_TOTAL_MEANOUT_IND.
NOTE: DATA statement used (Total process time):
      real time           0.02 seconds
      cpu time            0.00 seconds
      

MPRINT(HURDLE):   PROC PRINTTO;
MPRINT(HURDLE):   RUN;

