NOTE: PROCEDURE PRINTTO used (Total process time):
      real time           0.01 seconds
      cpu time            0.00 seconds
      

1191  ODS PDF FILE     = "&pdf"
1192                      STARTPAGE = no;
1193  
1194  Title %sysget(SAS_EXECFILENAME);
1195  
1196  PROC SQL NOPRINT;
1197  SELECT count(*) into :nobs from &dat;
1198  QUIT;
NOTE: PROCEDURE SQL used (Total process time):
      real time           0.02 seconds
      cpu time            0.00 seconds
      

1199  
1200  PROC SQL NOPRINT;
1201  SELECT COUNT (DISTINCT mcaid_id ) into :nmem
1202  FROM &dat ;
NOTE: There were 2641428 observations read from the data set DATA.ANALYSIS.
NOTE: PROCEDURE SQL used (Total process time):
      real time           8.74 seconds
      cpu time            0.56 seconds
      

1445  ods proclabel 'adj FY 1618 MEANS'; RUN;
1446  
1447  %means_adj(FY=16);
1448  %means_adj(FY=17);
1449  %means_adj(FY=18);

1450  PROC PRINTTO; RUN;

