NOTE: PROCEDURE PRINTTO used (Total process time):
      real time           0.00 seconds
      cpu time            0.00 seconds
      

1865  ODS PDF FILE ="&pdf"; RUN;
SYMBOLGEN:  Macro variable PDF resolves to 
            S:/FHPC/DATA/HCPF_DATA_files_SECURE/Kim/isp/isp_utilization/code/util_avp_cost_pc_2023-0
            5-18.pdf
NOTE: Writing ODS PDF output to DISK destination 
      "S:\FHPC\DATA\HCPF_DATA_files_SECURE\Kim\isp\isp_utilization\code\util_avp_cost_pc_2023-05-18.
      pdf", printer "PDF".
1866  
1867  PROC GEE DATA  = &dat DESC;
SYMBOLGEN:  Macro variable DAT resolves to data.analysis
1868  CLASS  mcaid_id
1869         season1(ref='-1')    season2(ref='-1')     season3(ref='-1')
1870         int    (ref= '0')    int_imp(ref= '0')
1871         age    (ref= '1')    race                  sex
1872         budget_group         fqhc(ref= '0')        rae_person_new
1873         bh_hosp16(ref= '0')  bh_hosp17(ref= '0')   bh_hosp18(ref= '0')
1874         bh_er16  (ref= '0')  bh_er16  (ref= '0')   bh_er16  (ref= '0')
1875         bh_oth16 (ref= '0')  bh_oth17 (ref= '0')   bh_oth17 (ref= '0')
1876         adj_pd_total_16cat(ref='-1')
1877         adj_pd_total_17cat(ref='-1')
1878         adj_pd_total_18cat(ref='-1')
1879         ind_pc_cost       (ref= '0');
1880  MODEL  ind_pc_cost = time
1881                       season1    season2     season3
1882                       int        int_imp
1883                       age        race        sex
1884                       budget_group           fqhc       rae_person_new
1885                       bh_er16    bh_er17     bh_er18
1886                       bh_hosp16  bh_hosp17   bh_hosp18
1887                       bh_oth16   bh_oth17    bh_oth18
1888                       adj_pd_total_16cat
1889                       adj_pd_total_17cat
1890                       adj_pd_total_18cat
1891          / DIST=binomial LINK=logit ;
1892  REPEATED SUBJECT = mcaid_id / type=exch ;
1893  /*  store p_MODEL;*/
1894  run;

NOTE: Class levels for some variables were not printed due to excessive size.
NOTE: PROC GEE is modeling the probability that ind_pc_cost='1'.
NOTE: PROCEDURE GEE used (Total process time):
      real time           10:36.18
      cpu time            9:55.53
      

1895  
1896  PROC PRINTTO; RUN;

