NOTE: PROCEDURE PRINTTO used (Total process time):
      real time           0.00 seconds
      cpu time            0.00 seconds
      

1161  ODS PDF FILE     = "&pdf"
1162                      STARTPAGE = no;
NOTE: Writing ODS PDF output to DISK destination 
      "S:\FHPC\DATA\HCPF_Data_files_SECURE\Kim\isp\isp_utilization\reports\budget_grp_fr
      eqs2023-06-14.pdf", printer "PDF".
1163  
1164  Title %sysget(SAS_EXECFILENAME);
1165  
1166  proc odstext;
1167  p "Date:              &today";
1168  p "Root:   &root";
1169  p "Script:            %sysget(SAS_EXECFILENAME)";
1170  p "";
1171  p "Frequencies for budget_group variables";
1172  RUN;
NOTE: PROCEDURE ODSTEXT used (Total process time):
      real time           0.03 seconds
      cpu time            0.01 seconds
      

1173  
1174  PROC FREQ DATA = &dat; tables budget: ; RUN;

NOTE: There were 15124679 observations read from the data set DATA.ANALYSIS.
NOTE: PROCEDURE FREQ used (Total process time):
      real time           42.34 seconds
      cpu time            1.68 seconds
      

1175  
1176  proc printto; run;

