NOTE: PROCEDURE PRINTTO used (Total process time):
      real time           0.00 seconds
      cpu time            0.00 seconds
      

MPRINT(HURDLE):   ODS PDF FILE = 
"S:\FHPC\DATA\HCPF_Data_files_SECURE\Kim\isp\isp_utilization\code\util_avp_cost_macro_ru
n_2023-08-03.pdf" STARTPAGE = no;
NOTE: Writing ODS PDF output to DISK destination 
      "S:\FHPC\DATA\HCPF_Data_files_SECURE\Kim\isp\isp_utilization\code\util_avp_cost_ma
      cro_run_2023-08-03.pdf", printer "PDF".
MPRINT(HURDLE):   Title cost_pc;
MPRINT(HURDLE):   proc odstext;
MPRINT(HURDLE):   p "DATE: 2023-08-03";
MPRINT(HURDLE):   p "";
MPRINT(HURDLE):   p "Root: 
S:\FHPC\DATA\HCPF_Data_files_SECURE\Kim\isp\isp_utilization\code\";
MPRINT(HURDLE):   p "Script: util_avp_cost_macro_run";
MPRINT(HURDLE):   p "using macro macro_cost_genmod.sas";
MPRINT(HURDLE):   p "Log File: 
S:\FHPC\DATA\HCPF_Data_files_SECURE\Kim\isp\isp_utilization\code\util_avp_cost_macro_run
_2023-08-03.log";
MPRINT(HURDLE):   p "Results File: 
S:\FHPC\DATA\HCPF_Data_files_SECURE\Kim\isp\isp_utilization\code\util_avp_cost_macro_run
_2023-08-03.pdf";
NOTE: PROCEDURE ODSTEXT used (Total process time):
      real time           0.04 seconds
      cpu time            0.03 seconds
      

MPRINT(HURDLE):   RUN;
MPRINT(HURDLE):   PROC GENMOD DATA = data.analysis;
MPRINT(HURDLE):   CLASS mcaid_id int(ref='0') int_imp(ref='0') budget_grp_new(ref='MAGI 
Eligible Children') race(ref='non-Hispanic White/Caucasian') sex(ref='Female') 
rae_person_new(ref='3') age_cat(ref='6') fqhc(ref ='0') bh_oth16(ref='0') 
bh_oth17(ref='0') bh_oth18(ref='0') bh_er16(ref='0') bh_er17(ref='0') bh_er18(ref='0') 
bh_hosp16(ref='0') bh_hosp17(ref='0') bh_hosp18(ref='0') adj_pd_total_16cat(ref='0') 
adj_pd_total_17cat(ref='0') adj_pd_total_18cat(ref='0') ind_pc_cost(ref="0");
MPRINT(HURDLE):   MODEL ind_pc_cost = int int_imp time season1 season2 season3 
budget_grp_new race sex rae_person_new age_cat fqhc bh_oth16 bh_oth17 bh_oth18 bh_er16 
bh_er17 bh_er18 bh_hosp16 bh_hosp17 bh_hosp18 adj_pd_total_16cat adj_pd_total_17cat 
adj_pd_total_18cat / type3 DIST=binomial;
MPRINT(HURDLE):   REPEATED SUBJECT = mcaid_id / type=exch ;
MPRINT(HURDLE):   store logit;
MPRINT(HURDLE):   run;

NOTE: Class levels for some variables were not printed due to excessive size.
NOTE: PROC GENMOD is modeling the probability that ind_pc_cost='1'. One way to change 
      this to model the probability that ind_pc_cost='0' is to specify the DESCENDING 
      option in the PROC statement.
NOTE: Algorithm converged.
NOTE: Algorithm converged.
NOTE: The GENMOD procedure deleted the model item store WORK.LOGIT because of 
      incomplete information for a subsequent analysis.
NOTE: PROCEDURE GENMOD used (Total process time):
      real time           33:14.70
      cpu time            32:15.23
      

NOTE: SAS Institute Inc., SAS Campus Drive, Cary, NC USA 27513-2414
NOTE: The SAS System used:
      real time           34:29.43
      cpu time            32:18.18
      
