NOTE: PROCEDURE PRINTTO used (Total process time):
      real time           0.01 seconds
      cpu time            0.00 seconds
      

MPRINT(HURDLE):   PROC GENMOD DATA = data.analysis_final;
ERROR: File DATA.ANALYSIS_FINAL.DATA does not exist.
ERROR: No data set open to look up variables.
ERROR: No data set open to look up variables.
ERROR: No data set open to look up variables.
ERROR: No data set open to look up variables.
ERROR: No data set open to look up variables.
ERROR: No data set open to look up variables.
ERROR: No data set open to look up variables.
ERROR: No data set open to look up variables.
ERROR: No data set open to look up variables.
ERROR: No data set open to look up variables.
ERROR: No data set open to look up variables.
ERROR: No data set open to look up variables.
ERROR: No data set open to look up variables.
ERROR: No data set open to look up variables.
ERROR: No data set open to look up variables.
ERROR: No data set open to look up variables.
ERROR: No data set open to look up variables.
ERROR: No data set open to look up variables.
ERROR: No data set open to look up variables.
ERROR: No data set open to look up variables.
ERROR: No data set open to look up variables.
MPRINT(HURDLE):   CLASS mcaid_id int(ref='0') int_imp(ref='0') budget_grp_new(ref='MAGI 
Eligible Children') race(ref='non-Hispanic White/Caucasian') sex(ref='Female') 
rae_person_new(ref='3') age_cat(ref='5') fqhc(ref ='0') bh_oth16(ref='0') 
bh_oth17(ref='0') bh_oth18(ref='0') bh_er16(ref='0') bh_er17(ref='0') bh_er18(ref='0') 
bh_hosp16(ref='0') bh_hosp17(ref='0') bh_hosp18(ref='0') adj_pd_total_16cat(ref='0') 
adj_pd_total_17cat(ref='0') adj_pd_total_18cat(ref='0') ind_tel_visit;
ERROR: No data set open to look up variables.
ERROR: No data set open to look up variables.
MPRINT(HURDLE):   MODEL ind_tel_visit(event='1') = int int_imp time season1 season2 
season3 budget_grp_new race sex rae_person_new age_cat fqhc bh_oth16 bh_oth17 bh_oth18 
bh_er16 bh_er17 bh_er18 bh_hosp16 bh_hosp17 bh_hosp18 adj_pd_total_16cat 
adj_pd_total_17cat adj_pd_total_18cat / DIST=binomial;
MPRINT(HURDLE):   REPEATED SUBJECT = mcaid_id / type=exch ;
MPRINT(HURDLE):   store out.visits_tel_pmodel;
MPRINT(HURDLE):   run;


NOTE: The SAS System stopped processing this step because of errors.
NOTE: PROCEDURE GENMOD used (Total process time):
      real time           0.01 seconds
      cpu time            0.00 seconds
      
MPRINT(HURDLE):   TITLE 'Visit Model';


ERROR: File DATA.ANALYSIS_FINAL.DATA does not exist.
MPRINT(HURDLE):   PROC GENMOD DATA = data.analysis_final desc;
MPRINT(HURDLE):   WHERE n_tel_pm_r > 0;
WARNING: No data sets qualify for WHERE processing.
ERROR: No data set open to look up variables.
ERROR: No data set open to look up variables.
ERROR: No data set open to look up variables.
ERROR: No data set open to look up variables.
ERROR: No data set open to look up variables.
ERROR: No data set open to look up variables.
ERROR: No data set open to look up variables.
ERROR: No data set open to look up variables.
ERROR: No data set open to look up variables.
ERROR: No data set open to look up variables.
ERROR: No data set open to look up variables.
ERROR: No data set open to look up variables.
ERROR: No data set open to look up variables.
ERROR: No data set open to look up variables.
ERROR: No data set open to look up variables.
ERROR: No data set open to look up variables.
ERROR: No data set open to look up variables.
ERROR: No data set open to look up variables.
ERROR: No data set open to look up variables.
ERROR: No data set open to look up variables.
ERROR: No data set open to look up variables.
MPRINT(HURDLE):   CLASS mcaid_id int(ref='0') int_imp(ref='0') budget_grp_new(ref='MAGI 
Eligible Children') race(ref='non-Hispanic White/Caucasian') sex(ref='Female') 
rae_person_new(ref='3') age_cat(ref='5') fqhc(ref ='0') bh_oth16(ref='0') 
bh_oth17(ref='0') bh_oth18(ref='0') bh_er16(ref='0') bh_er17(ref='0') bh_er18(ref='0') 
bh_hosp16(ref='0') bh_hosp17(ref='0') bh_hosp18(ref='0') adj_pd_total_16cat(ref='0') 
adj_pd_total_17cat(ref='0') adj_pd_total_18cat(ref='0') ;
ERROR: No data set open to look up variables.
MPRINT(HURDLE):   MODEL n_tel_pm_r = int int_imp time season1 season2 season3 
budget_grp_new race sex rae_person_new age_cat fqhc bh_oth16 bh_oth17 bh_oth18 bh_er16 
bh_er17 bh_er18 bh_hosp16 bh_hosp17 bh_hosp18 adj_pd_total_16cat adj_pd_total_17cat 
adj_pd_total_18cat / dist=negbin link=log ;
MPRINT(HURDLE):   REPEATED SUBJECT = mcaid_id / type = exch;
MPRINT(HURDLE):   store out.visits_tel_vmodel;
MPRINT(HURDLE):   RUN;


NOTE: The SAS System stopped processing this step because of errors.
NOTE: PROCEDURE GENMOD used (Total process time):
      real time           0.00 seconds
      cpu time            0.00 seconds
      
MPRINT(HURDLE):   TITLE;
MPRINT(HURDLE):   * OUT:[intgroup] IN :[&dat &dat] the group of interest (int, 
time-invariant intervention status) is set twice, the top in the stack will be recoded 
as not participants (unexposed) the bottom group keeps the int=1 
status------------------------------------------------ ;


MPRINT(HURDLE):   data intgroup;
MPRINT(HURDLE):   set data.analysis_final data.analysis_final (in = b);
ERROR: File DATA.ANALYSIS_FINAL.DATA does not exist.
ERROR: File DATA.ANALYSIS_FINAL.DATA does not exist.
MPRINT(HURDLE):   where int_imp = 1;
MPRINT(HURDLE):   if ^b then int_imp = 0;
MPRINT(HURDLE):   exposed = b;
MPRINT(HURDLE):   run;

NOTE: The SAS System stopped processing this step because of errors.
WARNING: The data set WORK.INTGROUP may be incomplete.  When this step was stopped 
         there were 0 observations and 2 variables.
NOTE: DATA statement used (Total process time):
      real time           0.02 seconds
      cpu time            0.01 seconds
      

MPRINT(HURDLE):   * the predictions for util and visit will be made for each person 
twice, once exposed and once unexposed;
MPRINT(HURDLE):   * OUT:[P_INTGROUP] IN :[out=out.&dv._pmodel] prob of 
util------------------------------------------------ ;
MPRINT(HURDLE):   proc plm restore=out.visits_tel_pmodel;
MPRINT(HURDLE):   score data=intgroup out=p_intgroup predicted=p_prob / ilink;
MPRINT(HURDLE):   run;

WARNING: At least one variable used in the model is not present or has incompatible 
         type in the WORK.INTGROUP score data set. All computed score variables are set 
         to missing in WORK.P_INTGROUP.
NOTE: The data set WORK.P_INTGROUP has 0 observations and 3 variables.
NOTE: PROCEDURE PLM used (Total process time):
      real time           1.71 seconds
      cpu time            0.89 seconds
      

MPRINT(HURDLE):   * OUT:[VP_INTGROUP] IN :[out=out.&dv._vmodel] prob of visit 
-------------------------------------------------;
MPRINT(HURDLE):   proc plm restore=out.visits_tel_vmodel;
MPRINT(HURDLE):   score data=p_intgroup out=VP_intgroup predicted=p_visit / ilink;
MPRINT(HURDLE):   run;

WARNING: At least one variable used in the model is not present or has incompatible 
         type in the WORK.P_INTGROUP score data set. All computed score variables are 
         set to missing in WORK.VP_INTGROUP.
NOTE: The data set WORK.VP_INTGROUP has 0 observations and 4 variables.
NOTE: PROCEDURE PLM used (Total process time):
      real time           0.28 seconds
      cpu time            0.18 seconds
      

MPRINT(HURDLE):   * OUT:[out.&dv._mean] IN:[VP_intgroup] Person average visit is 
calculated------------------------------;
MPRINT(HURDLE):   data out.visits_tel_mean;
MPRINT(HURDLE):   set VP_intgroup;
MPRINT(HURDLE):   a_visit = p_prob*p_visit;
MPRINT(HURDLE):  * (1-p term = 0);
MPRINT(HURDLE):   run;

NOTE: There were 0 observations read from the data set WORK.VP_INTGROUP.
NOTE: The data set OUT.VISITS_TEL_MEAN has 0 observations and 5 variables.
NOTE: DATA statement used (Total process time):
      real time           0.14 seconds
      cpu time            0.01 seconds
      

MPRINT(HURDLE):   * OUT:[out.&dv._avp] IN:[out.&dv._mean] Group average visit is 
calculated and contrasted-----------------;
MPRINT(HURDLE):   proc sql;
MPRINT(HURDLE):   create table out.visits_tel_avp as select mean(case when exposed=1 
then a_visit else . end ) as visit_exposed, mean(case when exposed=0 then a_visit else 
. end ) as visit_unexposed, calculated visit_exposed - calculated visit_unexposed as 
visit_diff from out.visits_tel_mean;
NOTE: Table OUT.VISITS_TEL_AVP created, with 1 rows and 3 columns.

MPRINT(HURDLE):   quit;
NOTE: PROCEDURE SQL used (Total process time):
      real time           0.11 seconds
      cpu time            0.04 seconds
      

MPRINT(HURDLE):   PROC PRINTTO;
MPRINT(HURDLE):   RUN;

