NOTE: PROCEDURE PRINTTO used (Total process time):
      real time           0.00 seconds
      cpu time            0.00 seconds
      

NOTE: Writing ODS PDF output to DISK destination 
      "S:\FHPC\DATA\HCPF_Data_files_SECURE\Kim\isp\isp_utilization\reports\visits_ffsbh_2023-06-26.p
      df", printer "PDF".
NOTE: PROCEDURE ODSTEXT used (Total process time):
      real time           0.03 seconds
      cpu time            0.00 seconds
      

WARNING: The TITLE statement is ambiguous due to invalid options or unquoted text.

NOTE: Class levels for some variables were not printed due to excessive size.
NOTE: PROC GEE is modeling the probability that ind_ffs_bh_visit='1'.
NOTE: The GEE procedure generated the model item store WORK.P_MODEL.
NOTE: PROCEDURE GEE used (Total process time):
      real time           15:06.25
      cpu time            13:59.20
      

WARNING: The TITLE statement is ambiguous due to invalid options or unquoted text.

NOTE: Class levels for some variables were not printed due to excessive size.
ERROR: Error in computing the variance function.
NOTE: The GEE procedure deleted the model item store WORK.N_MODEL because of incomplete information 
      for a subsequent analysis.
NOTE: The SAS System stopped processing this step because of errors.
NOTE: PROCEDURE GEE used (Total process time):
      real time           23.98 seconds
      cpu time            23.67 seconds
      



NOTE: There were 1893477 observations read from the data set DATA.ANALYSIS.
      WHERE int=1;
NOTE: There were 1893477 observations read from the data set DATA.ANALYSIS.
      WHERE int=1;
NOTE: The data set WORK.INTGROUP has 3786954 observations and 55 variables.
NOTE: DATA statement used (Total process time):
      real time           4.66 seconds
      cpu time            4.62 seconds
      


NOTE: The data set WORK.P_INTGROUP has 3786954 observations and 56 variables.
NOTE: PROCEDURE PLM used (Total process time):
      real time           9.71 seconds
      cpu time            9.65 seconds
      

NOTE: PROCEDURE PLM used (Total process time):
      real time           0.00 seconds
      cpu time            0.00 seconds
      
ERROR: The file WORK.N_MODEL does not exist or it is not a valid item store.
NOTE: The SAS System stopped processing this step because of errors.



NOTE: There were 3786954 observations read from the data set WORK.NP_INTGROUP.
NOTE: The data set OUT.VISITS_FFSBH_MEANVISITS has 3786954 observations and 58 variables.
NOTE: DATA statement used (Total process time):
      real time           24.50 seconds
      cpu time            2.35 seconds
      

NOTE: Table OUT.VISITS_FFSBH_AVP created, with 1 rows and 3 columns.

NOTE: PROCEDURE SQL used (Total process time):
      real time           17.79 seconds
      cpu time            0.54 seconds
      


NOTE: There were 1 observations read from the data set OUT.VISITS_FFSBH_AVP.
NOTE: PROCEDURE PRINT used (Total process time):
      real time           0.04 seconds
      cpu time            0.00 seconds
      


NOTE: There were 3786954 observations read from the data set OUT.VISITS_FFSBH_MEANVISITS.
NOTE: PROCEDURE MEANS used (Total process time):
      real time           1.59 seconds
      cpu time            1.57 seconds
      

