NOTE: PROCEDURE PRINTTO used (Total process time):
      real time           0.03 seconds
      cpu time            0.00 seconds
      

NOTE: Writing ODS PDF output to DISK destination 
      "S:\FHPC\DATA\HCPF_Data_files_SECURE\Kim\isp\isp_utilization\reports\visits_pc_2023-06-26.pdf"
      , printer "PDF".
NOTE: Writing HTML Body file: sashtml1.htm
NOTE: PROCEDURE ODSTEXT used (Total process time):
      real time           0.42 seconds
      cpu time            0.28 seconds
      

WARNING: The TITLE statement is ambiguous due to invalid options or unquoted text.

NOTE: Class levels for some variables were not printed due to excessive size.
NOTE: PROC GEE is modeling the probability that ind_pc_visit='1'.
NOTE: The GEE procedure generated the model item store WORK.P_MODEL.
NOTE: PROCEDURE GEE used (Total process time):
      real time           11:29.16
      cpu time            10:23.45
      

WARNING: The TITLE statement is ambiguous due to invalid options or unquoted text.

NOTE: Class levels for some variables were not printed due to excessive size.
NOTE: The GEE procedure generated the model item store WORK.N_MODEL.
NOTE: PROCEDURE GEE used (Total process time):
      real time           6:20.22
      cpu time            6:20.06
      


NOTE: There were 1893477 observations read from the data set DATA.ANALYSIS.
      WHERE int=1;
NOTE: There were 1893477 observations read from the data set DATA.ANALYSIS.
      WHERE int=1;
NOTE: The data set WORK.INTGROUP has 3786954 observations and 55 variables.
NOTE: DATA statement used (Total process time):
      real time           4.51 seconds
      cpu time            4.50 seconds
      


NOTE: The data set WORK.P_INTGROUP has 3786954 observations and 56 variables.
NOTE: PROCEDURE PLM used (Total process time):
      real time           9.39 seconds
      cpu time            9.37 seconds
      


NOTE: The data set WORK.NP_INTGROUP has 3786954 observations and 57 variables.
NOTE: PROCEDURE PLM used (Total process time):
      real time           9.45 seconds
      cpu time            9.43 seconds
      


NOTE: There were 3786954 observations read from the data set WORK.NP_INTGROUP.
NOTE: The data set OUT.VISITS_PC_MEANVISITS has 3786954 observations and 58 variables.
NOTE: DATA statement used (Total process time):
      real time           24.13 seconds
      cpu time            2.42 seconds
      

NOTE: Table OUT.VISITS_PC_AVP created, with 1 rows and 3 columns.

NOTE: PROCEDURE SQL used (Total process time):
      real time           17.42 seconds
      cpu time            0.45 seconds
      


NOTE: There were 1 observations read from the data set OUT.VISITS_PC_AVP.
NOTE: PROCEDURE PRINT used (Total process time):
      real time           0.03 seconds
      cpu time            0.00 seconds
      

ERROR: Variable P_VISITS not found.

NOTE: The SAS System stopped processing this step because of errors.
NOTE: PROCEDURE MEANS used (Total process time):
      real time           0.00 seconds
      cpu time            0.00 seconds
      

