NOTE: PROCEDURE PRINTTO used (Total process time):
      real time           0.00 seconds
      cpu time            0.00 seconds
      

NOTE: Writing ODS PDF output to DISK destination 
      "S:\FHPC\DATA\HCPF_Data_files_SECURE\Kim\isp\isp_utilization\reports\visits_tel_2023-06-26.pdf
      ", printer "PDF".
NOTE: PROCEDURE ODSTEXT used (Total process time):
      real time           0.03 seconds
      cpu time            0.00 seconds
      

WARNING: The TITLE statement is ambiguous due to invalid options or unquoted text.

NOTE: Class levels for some variables were not printed due to excessive size.
NOTE: PROC GEE is modeling the probability that ind_tel_visit='1'.
NOTE: The GEE procedure generated the model item store WORK.P_MODEL.
NOTE: PROCEDURE GEE used (Total process time):
      real time           12:16.95
      cpu time            11:08.39
      

WARNING: The TITLE statement is ambiguous due to invalid options or unquoted text.

NOTE: Class levels for some variables were not printed due to excessive size.
NOTE: The GEE procedure generated the model item store WORK.N_MODEL.
NOTE: PROCEDURE GEE used (Total process time):
      real time           1:17.41
      cpu time            1:16.98
      


NOTE: There were 1893477 observations read from the data set DATA.ANALYSIS.
      WHERE int=1;
NOTE: There were 1893477 observations read from the data set DATA.ANALYSIS.
      WHERE int=1;
NOTE: The data set WORK.INTGROUP has 3786954 observations and 55 variables.
NOTE: DATA statement used (Total process time):
      real time           4.39 seconds
      cpu time            4.39 seconds
      


NOTE: The data set WORK.P_INTGROUP has 3786954 observations and 56 variables.
NOTE: PROCEDURE PLM used (Total process time):
      real time           8.98 seconds
      cpu time            8.95 seconds
      


NOTE: The data set WORK.NP_INTGROUP has 3786954 observations and 57 variables.
NOTE: PROCEDURE PLM used (Total process time):
      real time           8.30 seconds
      cpu time            8.26 seconds
      


NOTE: There were 3786954 observations read from the data set WORK.NP_INTGROUP.
NOTE: The data set OUT.VISITS_TEL_MEANVISITS has 3786954 observations and 58 variables.
NOTE: DATA statement used (Total process time):
      real time           23.21 seconds
      cpu time            3.06 seconds
      

NOTE: Table OUT.VISITS_TEL_AVP created, with 1 rows and 3 columns.

NOTE: PROCEDURE SQL used (Total process time):
      real time           16.45 seconds
      cpu time            0.59 seconds
      


NOTE: There were 1 observations read from the data set OUT.VISITS_TEL_AVP.
NOTE: PROCEDURE PRINT used (Total process time):
      real time           0.03 seconds
      cpu time            0.00 seconds
      


NOTE: There were 3786954 observations read from the data set OUT.VISITS_TEL_MEANVISITS.
NOTE: PROCEDURE MEANS used (Total process time):
      real time           1.51 seconds
      cpu time            1.51 seconds
      

