NOTE: PROCEDURE PRINTTO used (Total process time):
      real time           0.01 seconds
      cpu time            0.00 seconds
      

MPRINT(HURDLE):   PROC GENMOD DATA = data.utilization;
MPRINT(HURDLE):   CLASS mcaid_id int(ref='0') int_imp(ref='0') budget_grp_new(ref='MAGI 
Eligible Children') race(ref='non-Hispanic White/Caucasian') sex(ref='Female') 
rae_person_new(ref='3') age_cat(ref='ages 21-44') fqhc(ref ='0') bh_oth17(ref='0') 
bh_oth18(ref='0') bh_oth19(ref='0') bh_er17(ref='0') bh_er18(ref='0') bh_er19(ref='0') 
bh_hosp17(ref='0') bh_hosp18(ref='0') bh_hosp19(ref='0') adj_pd_total_17cat(ref='0') 
adj_pd_total_18cat(ref='0') adj_pd_total_19cat(ref='0') ind_visit_ffsbh;
MPRINT(HURDLE):   MODEL ind_visit_ffsbh(event='1') = int int_imp time season1 season2 
season3 budget_grp_new race sex rae_person_new age_cat fqhc bh_oth17 bh_oth18 bh_oth19 
bh_er17 bh_er18 bh_er19 bh_hosp17 bh_hosp18 bh_hosp19 adj_pd_total_17cat 
adj_pd_total_18cat adj_pd_total_19cat / DIST=binomial;
MPRINT(HURDLE):   REPEATED SUBJECT = mcaid_id / type=exch ;
MPRINT(HURDLE):   store out.visits_ffsbh_pmodel_exch;
MPRINT(HURDLE):   output out = predout pred = pred;
MPRINT(HURDLE):   run;

NOTE: Class levels for some variables were not printed due to excessive size.
NOTE: PROC GENMOD is modeling the probability that ind_visit_ffsbh='1'. One way to 
      change this to model the probability that ind_visit_ffsbh='0' is to specify the 
      DESCENDING option in the PROC statement.
NOTE: Algorithm converged.
NOTE: Algorithm converged.
NOTE: The GENMOD procedure generated the model item store OUT.VISITS_FFSBH_PMODEL_EXCH.
NOTE: The data set WORK.PREDOUT has 19283171 observations and 40 variables.
NOTE: PROCEDURE GENMOD used (Total process time):
      real time           19:25.19
      cpu time            18:44.95
      

MPRINT(HURDLE):   TITLE 'Visit Model';
MPRINT(HURDLE):   PROC GENMOD DATA = data.utilization desc;
MPRINT(HURDLE):   WHERE visits_ffsbh > 0;
MPRINT(HURDLE):   CLASS mcaid_id int(ref='0') int_imp(ref='0') budget_grp_new(ref='MAGI 
Eligible Children') race(ref='non-Hispanic White/Caucasian') sex(ref='Female') 
rae_person_new(ref='3') age_cat(ref='ages 21-44') fqhc(ref ='0') bh_oth17(ref='0') 
bh_oth18(ref='0') bh_oth19(ref='0') bh_er17(ref='0') bh_er18(ref='0') bh_er19(ref='0') 
bh_hosp17(ref='0') bh_hosp18(ref='0') bh_hosp19(ref='0') adj_pd_total_17cat(ref='0') 
adj_pd_total_18cat(ref='0') adj_pd_total_19cat(ref='0') ;
MPRINT(HURDLE):   MODEL visits_ffsbh = int int_imp time season1 season2 season3 
budget_grp_new race sex rae_person_new age_cat fqhc bh_oth17 bh_oth18 bh_oth19 bh_er17 
bh_er18 bh_er19 bh_hosp17 bh_hosp18 bh_hosp19 adj_pd_total_17cat adj_pd_total_18cat 
adj_pd_total_19cat / dist=negbin link=log ;
MPRINT(HURDLE):   REPEATED SUBJECT = mcaid_id / type = exch;
MPRINT(HURDLE):   store out.visits_ffsbh_vmodel_exch;
MPRINT(HURDLE):   RUN;

NOTE: The DESCENDING option applies only to the multinomial distribution with ordinal 
      response.
NOTE: Class levels for some variables were not printed due to excessive size.
NOTE: Algorithm converged.
ERROR: Error in computing the variance function.
ERROR: Error in parameter estimate covariance computation.
ERROR: Error in estimation routine.
NOTE: The GENMOD procedure deleted the model item store OUT.VISITS_FFSBH_VMODEL_EXCH 
      because of incomplete information for a subsequent analysis.
NOTE: The SAS System stopped processing this step because of errors.
NOTE: PROCEDURE GENMOD used (Total process time):
      real time           26.94 seconds
      cpu time            26.56 seconds
      
MPRINT(HURDLE):   TITLE;
MPRINT(HURDLE):   * OUT:[intgroup] IN :[&dat &dat] * the predictions for visits will be 
made for each person twice, once exposed and once unexposed;
MPRINT(HURDLE):   * OUT:[P_INTGROUP] IN :[out=out.&dv._pmodel] prob of 
util------------------------------------------------ ;


MPRINT(HURDLE):   proc plm restore=out.visits_ffsbh_pmodel_exch;
MPRINT(HURDLE):   score data=data.intgroup out=p_intgroup predicted=p_prob / ilink;
MPRINT(HURDLE):   run;

NOTE: The data set WORK.P_INTGROUP has 3653638 observations and 41 variables.
NOTE: PROCEDURE PLM used (Total process time):
      real time           13.22 seconds
      cpu time            8.40 seconds
      

MPRINT(HURDLE):   * OUT:[VP_INTGROUP] IN :[out=out.&dv._vmodel] prob of visit 
-------------------------------------------------;
NOTE: PROCEDURE PLM used (Total process time):
      real time           0.00 seconds
      cpu time            0.00 seconds
      
MPRINT(HURDLE):   proc plm restore=out.visits_ffsbh_vmodel_exch;
ERROR: The file OUT.VISITS_FFSBH_VMODEL_EXCH does not exist or it is not a valid item 
       store.
NOTE: The SAS System stopped processing this step because of errors.
MPRINT(HURDLE):   score data=p_intgroup out=VP_intgroup predicted=p_visit / ilink;
MPRINT(HURDLE):   run;
MPRINT(HURDLE):   * OUT:[out.&dv._mean_&type] IN:[VP_intgroup] Person average visit is 
calculated------------------------------;


MPRINT(HURDLE):   data out.visits_ffsbh_mean_exch;
MPRINT(HURDLE):   set VP_intgroup;
ERROR: File WORK.VP_INTGROUP.DATA does not exist.
MPRINT(HURDLE):   a_visit = p_prob*p_visit;
MPRINT(HURDLE):  * (1-p term = 0);
MPRINT(HURDLE):   run;

NOTE: The SAS System stopped processing this step because of errors.
WARNING: The data set OUT.VISITS_FFSBH_MEAN_EXCH may be incomplete.  When this step was 
         stopped there were 0 observations and 3 variables.
NOTE: DATA statement used (Total process time):
      real time           0.10 seconds
      cpu time            0.04 seconds
      

MPRINT(HURDLE):   * OUT:[out.&dv._avp_&type] IN:[out.&dv._mean_&type] Group average 
visit is calculated and contrasted-----------------;
MPRINT(HURDLE):   proc sql;
MPRINT(HURDLE):   create table out.visits_ffsbh_avp_exch as select mean(case when 
exposed=1 then a_visit else . end ) as visit_exposed, mean(case when exposed=0 then 
a_visit else . end ) as visit_unexposed, calculated visit_exposed - calculated 
visit_unexposed as visit_diff from out.visits_ffsbh_mean_exch;
ERROR: The following columns were not found in the contributing tables: exposed.
MPRINT(HURDLE):   quit;
NOTE: The SAS System stopped processing this step because of errors.
NOTE: PROCEDURE SQL used (Total process time):
      real time           0.01 seconds
      cpu time            0.00 seconds
      
MPRINT(HURDLE):   * put AVP results in log for reference/ comparing results;


MPRINT(HURDLE):   data _NULL_;
MPRINT(HURDLE):   SET out.visits_ffsbh_avp_exch;
ERROR: File OUT.VISITS_FFSBH_AVP_EXCH.DATA does not exist.
MPRINT(HURDLE):   put visit_exposed= visit_unexposed= visit_diff=;
MPRINT(HURDLE):   RUN;

NOTE: The SAS System stopped processing this step because of errors.
NOTE: DATA statement used (Total process time):
      real time           0.00 seconds
      cpu time            0.00 seconds
      


MPRINT(HURDLE):   * DECILE CALIBRATION plot prep/data 
==================================================;
MPRINT(HURDLE):   proc rank data = predout out = predgroup groups = 10;
MPRINT(HURDLE):   var pred;
MPRINT(HURDLE):   ranks predgroup;
MPRINT(HURDLE):   run;

NOTE: The data set WORK.PREDGROUP has 19283171 observations and 41 variables.
NOTE: PROCEDURE RANK used (Total process time):
      real time           6.44 seconds
      cpu time            6.37 seconds
      

MPRINT(HURDLE):   proc means data = predgroup noprint nway;
MPRINT(HURDLE):   var pred ind_visit_ffsbh;
MPRINT(HURDLE):   class predgroup;
MPRINT(HURDLE):   output out = out.visits_ffsbh_meanout_exch mean = /autoname;
MPRINT(HURDLE):   run;

NOTE: There were 19283171 observations read from the data set WORK.PREDGROUP.
NOTE: The data set OUT.VISITS_FFSBH_MEANOUT_EXCH has 10 observations and 5 variables.
NOTE: PROCEDURE MEANS used (Total process time):
      real time           2.04 seconds
      cpu time            3.98 seconds
      

MPRINT(HURDLE):   * print results to log for reference;
MPRINT(HURDLE):   data _NULL_;
MPRINT(HURDLE):   SET out.visits_ffsbh_meanout_exch (DROP= _TYPE_);
MPRINT(HURDLE):   put _all_;
MPRINT(HURDLE):   RUN;

predgroup=0 _FREQ_=1928315 pred_Mean=0.0031231456 ind_visit_ffsbh_Mean=0.0027739244
_ERROR_=0 _N_=1
predgroup=1 _FREQ_=1928299 pred_Mean=0.0049584782 ind_visit_ffsbh_Mean=0.0051418374
_ERROR_=0 _N_=2
predgroup=2 _FREQ_=1928307 pred_Mean=0.0063514071 ind_visit_ffsbh_Mean=0.006775892
_ERROR_=0 _N_=3
predgroup=3 _FREQ_=1928347 pred_Mean=0.0075878453 ind_visit_ffsbh_Mean=0.0075930318
_ERROR_=0 _N_=4
predgroup=4 _FREQ_=1928427 pred_Mean=0.0087518117 ind_visit_ffsbh_Mean=0.0086697604
_ERROR_=0 _N_=5
predgroup=5 _FREQ_=1926529 pred_Mean=0.0099856611 ind_visit_ffsbh_Mean=0.0096411733
_ERROR_=0 _N_=6
predgroup=6 _FREQ_=1929995 pred_Mean=0.0113953102 ind_visit_ffsbh_Mean=0.010438369
_ERROR_=0 _N_=7
predgroup=7 _FREQ_=1928384 pred_Mean=0.0133892506 ind_visit_ffsbh_Mean=0.0124700267
_ERROR_=0 _N_=8
predgroup=8 _FREQ_=1928251 pred_Mean=0.0179291802 ind_visit_ffsbh_Mean=0.0183451221
_ERROR_=0 _N_=9
predgroup=9 _FREQ_=1928317 pred_Mean=0.0774501794 ind_visit_ffsbh_Mean=0.0863198323
_ERROR_=0 _N_=10
NOTE: There were 10 observations read from the data set OUT.VISITS_FFSBH_MEANOUT_EXCH.
NOTE: DATA statement used (Total process time):
      real time           0.01 seconds
      cpu time            0.00 seconds
      

MPRINT(HURDLE):   PROC PRINTTO;
MPRINT(HURDLE):   RUN;

