NOTE: PROCEDURE PRINTTO used (Total process time):
      real time           0.03 seconds
      cpu time            0.00 seconds
      

1515  ODS PDF FILE     = "&pdf"
SYMBOLGEN:  Macro variable PDF resolves to 
            S:\FHPC\DATA\HCPF_Data_files_SECURE\Kim\isp\isp_utilization\code\util_03b_ed
            a_export_pdf_2023-06-06.pdf
SYMBOLGEN:  Some characters in the above value which were subject to macro quoting have 
            been unquoted for printing.
1516                      STARTPAGE = no;
NOTE: Writing ODS PDF output to DISK destination 
      "S:\FHPC\DATA\HCPF_Data_files_SECURE\Kim\isp\isp_utilization\code\util_03b_eda_exp
      ort_pdf_2023-06-06.pdf", printer "PDF".
1517  
1518  Title %sysget(SAS_EXECFILENAME);
1519  
1520  PROC SQL NOPRINT;
1521  SELECT count(*) into :nobs from &dat;
SYMBOLGEN:  Macro variable DAT resolves to data.analysis
1522  QUIT;
NOTE: PROCEDURE SQL used (Total process time):
      real time           0.03 seconds
      cpu time            0.00 seconds
      

1523  
1524  PROC SQL NOPRINT;
1525  SELECT COUNT (DISTINCT mcaid_id ) into :nmem
1526  FROM &dat ;
SYMBOLGEN:  Macro variable DAT resolves to data.analysis
1527  QUIT ;
NOTE: PROCEDURE SQL used (Total process time):
      real time           38.76 seconds
      cpu time            2.37 seconds
      

1528  
1529  proc odstext;
SYMBOLGEN:  Macro variable TODAY resolves to 2023-06-06
1530  p "Date:              &today";
SYMBOLGEN:  Macro variable ROOT resolves to 
            S:\FHPC\DATA\HCPF_Data_files_SECURE\Kim\isp\isp_utilization
SYMBOLGEN:  Some characters in the above value which were subject to macro quoting have 
            been unquoted for printing.
1531  p "Project Root: &root";
1532  p "Script:            %sysget(SAS_EXECFILENAME)";
SYMBOLGEN:  Macro variable LOG resolves to 
            S:\FHPC\DATA\HCPF_Data_files_SECURE\Kim\isp\isp_utilization\code\util_03b_ed
            a_export_pdf_2023-06-06.log
SYMBOLGEN:  Some characters in the above value which were subject to macro quoting have 
            been unquoted for printing.
1533  p "Log File:         &log";
SYMBOLGEN:  Macro variable PDF resolves to 
            S:\FHPC\DATA\HCPF_Data_files_SECURE\Kim\isp\isp_utilization\code\util_03b_ed
            a_export_pdf_2023-06-06.pdf
SYMBOLGEN:  Some characters in the above value which were subject to macro quoting have 
            been unquoted for printing.
1534  p "Results File:  &pdf";
SYMBOLGEN:  Macro variable NOBS resolves to 15104152
1535  p "Total Observations in Dataset: &nobs";
SYMBOLGEN:  Macro variable NMEM resolves to  1613033
1536  p "Total unique medicaid IDs in Dataset: &nmem";
1537  RUN;
NOTE: PROCEDURE ODSTEXT used (Total process time):
      real time           0.03 seconds
      cpu time            0.01 seconds
      

1538  
1539  PROC PRINT DATA = data.analysis_meta; RUN;

NOTE: There were 33 observations read from the data set DATA.ANALYSIS_META.
NOTE: PROCEDURE PRINT used (Total process time):
      real time           0.04 seconds
      cpu time            0.01 seconds
      

1540  
1541  PROC FREQ
1542       DATA = data.analysis;
1543       TABLES int int_imp time race sex budget_group age
1544              fqhc rae: bh: adj_pd_total_16cat adj_pd_total_17cat adj_pd_total_18cat
1545              ind: season: ;
1546  RUN;

NOTE: There were 15104152 observations read from the data set DATA.ANALYSIS.
NOTE: PROCEDURE FREQ used (Total process time):
      real time           5.30 seconds
      cpu time            5.26 seconds
      

1547  
1548  ods pdf close; proc printto; run;
NOTE: ODS PDF printed 7 pages to 
      S:\FHPC\DATA\HCPF_Data_files_SECURE\Kim\isp\isp_utilization\code\util_03b_eda_expo
      rt_pdf_2023-06-06.pdf.
