NOTE: PROCEDURE PRINTTO used (Total process time):
      real time           0.01 seconds
      cpu time            0.00 seconds
      

MPRINT(HURDLE):   PROC GENMOD DATA = data.utilization;
MPRINT(HURDLE):   CLASS mcaid_id int(ref='0') int_imp(ref='0') budget_grp_new(ref='MAGI Eligible 
Children') race(ref='non-Hispanic White/Caucasian') sex(ref='Female') rae_person_new(ref='3') 
age_cat(ref='ages 21-44') fqhc(ref ='0') bh_oth17(ref='0') bh_oth18(ref='0') bh_oth19(ref='0') 
bh_er17(ref='0') bh_er18(ref='0') bh_er19(ref='0') bh_hosp17(ref='0') bh_hosp18(ref='0') 
bh_hosp19(ref='0') adj_pd_total_17cat(ref='0') adj_pd_total_18cat(ref='0') 
adj_pd_total_19cat(ref='0') ind_cost_total;
MPRINT(HURDLE):   MODEL ind_cost_total(event='1') = int int_imp time season1 season2 season3 
budget_grp_new race sex rae_person_new age_cat fqhc bh_oth17 bh_oth18 bh_oth19 bh_er17 bh_er18 
bh_er19 bh_hosp17 bh_hosp18 bh_hosp19 adj_pd_total_17cat adj_pd_total_18cat adj_pd_total_19cat / 
DIST=binomial;
MPRINT(HURDLE):   REPEATED SUBJECT = mcaid_id / type=ind ;
MPRINT(HURDLE):   store out.cost_total_pmodel_ind;
MPRINT(HURDLE):   run;


NOTE: Class levels for some variables were not printed due to excessive size.
NOTE: PROC GENMOD is modeling the probability that ind_cost_total='1'. One way to change this to 
      model the probability that ind_cost_total='0' is to specify the DESCENDING option in the PROC 
      statement.
NOTE: Algorithm converged.
NOTE: Algorithm converged.
NOTE: The GENMOD procedure generated the model item store OUT.COST_TOTAL_PMODEL_IND.
NOTE: PROCEDURE GENMOD used (Total process time):
      real time           8:06.28
      cpu time            7:38.14
      

MPRINT(HURDLE):   TITLE 'Cost Model';
MPRINT(HURDLE):   PROC GENMOD DATA = data.utilization desc;
MPRINT(HURDLE):   WHERE cost_total > 0;
MPRINT(HURDLE):   CLASS mcaid_id int(ref='0') int_imp(ref='0') budget_grp_new(ref='MAGI Eligible 
Children') race(ref='non-Hispanic White/Caucasian') sex(ref='Female') rae_person_new(ref='3') 
age_cat(ref='ages 21-44') fqhc(ref ='0') bh_oth17(ref='0') bh_oth18(ref='0') bh_oth19(ref='0') 
bh_er17(ref='0') bh_er18(ref='0') bh_er19(ref='0') bh_hosp17(ref='0') bh_hosp18(ref='0') 
bh_hosp19(ref='0') adj_pd_total_17cat(ref='0') adj_pd_total_18cat(ref='0') 
adj_pd_total_19cat(ref='0') ;
MPRINT(HURDLE):   MODEL cost_total = int int_imp time season1 season2 season3 budget_grp_new race 
sex rae_person_new age_cat fqhc bh_oth17 bh_oth18 bh_oth19 bh_er17 bh_er18 bh_er19 bh_hosp17 
bh_hosp18 bh_hosp19 adj_pd_total_17cat adj_pd_total_18cat adj_pd_total_19cat / dist=gamma link=log ;
MPRINT(HURDLE):   REPEATED SUBJECT = mcaid_id / type = ind;
MPRINT(HURDLE):   store out.cost_total_cmodel_ind;
MPRINT(HURDLE):   output out = out.cost_total_c_predout_ind reschi = pearson_resid pred = 
predicted_cost STDRESCHI = STDRESCHI xbeta=xbeta;
MPRINT(HURDLE):   RUN;

NOTE: The DESCENDING option applies only to the multinomial distribution with ordinal response.
NOTE: Class levels for some variables were not printed due to excessive size.
NOTE: Algorithm converged.
NOTE: Algorithm converged.
NOTE: The GENMOD procedure generated the model item store OUT.COST_TOTAL_CMODEL_IND.
NOTE: The data set OUT.COST_TOTAL_C_PREDOUT_IND has 10236836 observations and 43 variables.
NOTE: PROCEDURE GENMOD used (Total process time):
      real time           5:59.10
      cpu time            5:47.42
      

MPRINT(HURDLE):   TITLE;
MPRINT(HURDLE):   * OUT:[intgroup] IN :[&dat &dat] the group of interest is set twice, the top in 
the stack will be recoded as not participants (unexposed) the bottom group keeps the int_imp=1 
status------------------------------------------------ ;
MPRINT(HURDLE):   data intgroup;
MPRINT(HURDLE):   set data.utilization data.utilization (in = b);
MPRINT(HURDLE):   where int_imp = 1;
MPRINT(HURDLE):   if ^b then int_imp = 0;
MPRINT(HURDLE):   exposed = b;
MPRINT(HURDLE):   run;

NOTE: There were 1826819 observations read from the data set DATA.UTILIZATION.
      WHERE int_imp=1;
NOTE: There were 1826819 observations read from the data set DATA.UTILIZATION.
      WHERE int_imp=1;
NOTE: The data set WORK.INTGROUP has 3653638 observations and 40 variables.
NOTE: DATA statement used (Total process time):
      real time           2.87 seconds
      cpu time            2.82 seconds
      

MPRINT(HURDLE):   * the predictions for util and cost will be made for each person twice, once 
exposed and once unexposed;
MPRINT(HURDLE):   * OUT:[P_INTGROUP] IN :[out=out.&dv._pmodel] prob of 
util------------------------------------------------ ;
MPRINT(HURDLE):   proc plm restore=out.cost_total_pmodel_ind ;
MPRINT(HURDLE):   score data=intgroup out=p_intgroup predicted=p_prob / ilink;
MPRINT(HURDLE):   run;

NOTE: The data set WORK.P_INTGROUP has 3653638 observations and 41 variables.
NOTE: PROCEDURE PLM used (Total process time):
      real time           8.25 seconds
      cpu time            8.01 seconds
      

MPRINT(HURDLE):   * OUT:[CP_INTGROUP] IN :[out=out.&dv._cmodel] prob of cost 
-------------------------------------------------;
MPRINT(HURDLE):   proc plm restore=out.cost_total_cmodel_ind ;
MPRINT(HURDLE):   score data=p_intgroup out=cp_intgroup predicted=p_cost / ilink;
MPRINT(HURDLE):   run;

NOTE: The data set WORK.CP_INTGROUP has 3653638 observations and 42 variables.
NOTE: PROCEDURE PLM used (Total process time):
      real time           7.79 seconds
      cpu time            7.62 seconds
      

MPRINT(HURDLE):   * OUT:[out.&dv._mean] IN:[cp_intgroup] Person average cost is 
calculated------------------------------;
MPRINT(HURDLE):   data out.cost_total_mean_ind ;
MPRINT(HURDLE):   set cp_intgroup;
MPRINT(HURDLE):   a_cost = p_prob*p_cost;
MPRINT(HURDLE):  * (1-p term = 0);
MPRINT(HURDLE):   run;

NOTE: There were 3653638 observations read from the data set WORK.CP_INTGROUP.
NOTE: The data set OUT.COST_TOTAL_MEAN_IND has 3653638 observations and 43 variables.
NOTE: DATA statement used (Total process time):
      real time           9.90 seconds
      cpu time            1.53 seconds
      

MPRINT(HURDLE):   * OUT:[out.&dv._avp] IN:[out.&dv._mean] Group average cost is calculated and 
contrasted-----------------;
MPRINT(HURDLE):   proc sql;
MPRINT(HURDLE):   create table out.cost_total_avp_ind as select mean(case when exposed=1 then 
a_cost else . end ) as cost_exposed, mean(case when exposed=0 then a_cost else . end ) as 
cost_unexposed, calculated cost_exposed - calculated cost_unexposed as cost_diff from 
out.cost_total_mean_ind;
NOTE: Table OUT.COST_TOTAL_AVP_IND created, with 1 rows and 3 columns.

MPRINT(HURDLE):   quit;
NOTE: PROCEDURE SQL used (Total process time):
      real time           6.73 seconds
      cpu time            0.36 seconds
      

MPRINT(HURDLE):   PROC PRINTTO;
MPRINT(HURDLE):   RUN;

