NOTE: PROCEDURE PRINTTO used (Total process time):
      real time           0.00 seconds
      cpu time            0.00 seconds
      

MPRINT(HURDLE):   PROC GENMOD DATA = data.analysis_final;
MPRINT(HURDLE):   CLASS mcaid_id int(ref='0') int_imp(ref='0') budget_grp_new(ref='MAGI 
Eligible Children') race(ref='non-Hispanic White/Caucasian') sex(ref='Female') 
rae_person_new(ref='3') age_cat(ref='5') fqhc(ref ='0') bh_oth16(ref='0') 
bh_oth17(ref='0') bh_oth18(ref='0') bh_er16(ref='0') bh_er17(ref='0') bh_er18(ref='0') 
bh_hosp16(ref='0') bh_hosp17(ref='0') bh_hosp18(ref='0') adj_pd_total_16cat(ref='0') 
adj_pd_total_17cat(ref='0') adj_pd_total_18cat(ref='0') ind_pc_cost;
MPRINT(HURDLE):   MODEL ind_pc_cost(event='1') = int int_imp time season1 season2 
season3 budget_grp_new race sex rae_person_new age_cat fqhc bh_oth16 bh_oth17 bh_oth18 
bh_er16 bh_er17 bh_er18 bh_hosp16 bh_hosp17 bh_hosp18 adj_pd_total_16cat 
adj_pd_total_17cat adj_pd_total_18cat / DIST=binomial;
MPRINT(HURDLE):   REPEATED SUBJECT = mcaid_id / type=exch ;
MPRINT(HURDLE):   store out.cost_pc_pmodel;
MPRINT(HURDLE):   run;


NOTE: Class levels for some variables were not printed due to excessive size.
NOTE: PROC GENMOD is modeling the probability that ind_pc_cost='1'. One way to change 
      this to model the probability that ind_pc_cost='0' is to specify the DESCENDING 
      option in the PROC statement.
NOTE: Algorithm converged.
NOTE: Algorithm converged.
NOTE: The GENMOD procedure generated the model item store OUT.COST_PC_PMODEL.
NOTE: PROCEDURE GENMOD used (Total process time):
      real time           11:57.59
      cpu time            11:14.48
      

MPRINT(HURDLE):   TITLE 'Cost Model';
MPRINT(HURDLE):   PROC GENMOD DATA = data.analysis_final desc;
MPRINT(HURDLE):   WHERE adj_pd_pc_tc > 0;
MPRINT(HURDLE):   CLASS mcaid_id int(ref='0') int_imp(ref='0') budget_grp_new(ref='MAGI 
Eligible Children') race(ref='non-Hispanic White/Caucasian') sex(ref='Female') 
rae_person_new(ref='3') age_cat(ref='5') fqhc(ref ='0') bh_oth16(ref='0') 
bh_oth17(ref='0') bh_oth18(ref='0') bh_er16(ref='0') bh_er17(ref='0') bh_er18(ref='0') 
bh_hosp16(ref='0') bh_hosp17(ref='0') bh_hosp18(ref='0') adj_pd_total_16cat(ref='0') 
adj_pd_total_17cat(ref='0') adj_pd_total_18cat(ref='0') ;
MPRINT(HURDLE):   MODEL adj_pd_pc_tc = int int_imp time season1 season2 season3 
budget_grp_new race sex rae_person_new age_cat fqhc bh_oth16 bh_oth17 bh_oth18 bh_er16 
bh_er17 bh_er18 bh_hosp16 bh_hosp17 bh_hosp18 adj_pd_total_16cat adj_pd_total_17cat 
adj_pd_total_18cat / dist=gamma link=log ;
MPRINT(HURDLE):   REPEATED SUBJECT = mcaid_id / type = exch;
MPRINT(HURDLE):   store out.cost_pc_cmodel;
MPRINT(HURDLE):   RUN;


NOTE: The DESCENDING option applies only to the multinomial distribution with ordinal 
      response.
NOTE: Class levels for some variables were not printed due to excessive size.
NOTE: Algorithm converged.
NOTE: Algorithm converged.
NOTE: The GENMOD procedure generated the model item store OUT.COST_PC_CMODEL.
NOTE: PROCEDURE GENMOD used (Total process time):
      real time           7:25.87
      cpu time            7:25.31
      

MPRINT(HURDLE):   TITLE;
MPRINT(HURDLE):   * OUT:[intgroup] IN :[&dat &dat] the group of interest (int, 
time-invariant intervention status) is set twice, the top in the stack will be recoded 
as not participants (unexposed) the bottom group keeps the int=1 
status------------------------------------------------ ;
MPRINT(HURDLE):   data intgroup;
MPRINT(HURDLE):   set data.analysis_final data.analysis_final (in = b);
MPRINT(HURDLE):   where int = 1;
MPRINT(HURDLE):   if ^b then int = 0;
MPRINT(HURDLE):   exposed = b;
MPRINT(HURDLE):   run;

NOTE: There were 1893477 observations read from the data set DATA.ANALYSIS_FINAL.
      WHERE int=1;
NOTE: There were 1893477 observations read from the data set DATA.ANALYSIS_FINAL.
      WHERE int=1;
NOTE: The data set WORK.INTGROUP has 3786954 observations and 40 variables.
NOTE: DATA statement used (Total process time):
      real time           3.33 seconds
      cpu time            3.31 seconds
      

MPRINT(HURDLE):   * the predictions for util and cost will be made for each person 
twice, once exposed and once unexposed;
MPRINT(HURDLE):   * OUT:[P_INTGROUP] IN :[out=out.&dv._pmodel] prob of 
util------------------------------------------------ ;
MPRINT(HURDLE):   proc plm restore=out.cost_pc_pmodel;
MPRINT(HURDLE):   score data=intgroup out=p_intgroup predicted=p_prob / ilink;
MPRINT(HURDLE):   run;

NOTE: The data set WORK.P_INTGROUP has 3786954 observations and 41 variables.
NOTE: PROCEDURE PLM used (Total process time):
      real time           8.26 seconds
      cpu time            8.12 seconds
      

MPRINT(HURDLE):   * OUT:[CP_INTGROUP] IN :[out=out.&dv._cmodel] prob of cost 
-------------------------------------------------;
MPRINT(HURDLE):   proc plm restore=out.cost_pc_cmodel;
MPRINT(HURDLE):   score data=p_intgroup out=cp_intgroup predicted=p_cost / ilink;
MPRINT(HURDLE):   run;

NOTE: The data set WORK.CP_INTGROUP has 3786954 observations and 42 variables.
NOTE: PROCEDURE PLM used (Total process time):
      real time           7.68 seconds
      cpu time            7.68 seconds
      

MPRINT(HURDLE):   * OUT:[out.&dv._meanCost] IN:[cp_intgroup] Person average cost is 
calculated------------------------------;
MPRINT(HURDLE):   data out.cost_pc_meanCost;
MPRINT(HURDLE):   set cp_intgroup;
MPRINT(HURDLE):   a_cost = p_prob*p_cost;
MPRINT(HURDLE):  * (1-p term = 0);
MPRINT(HURDLE):   run;

NOTE: There were 3786954 observations read from the data set WORK.CP_INTGROUP.
NOTE: The data set OUT.COST_PC_MEANCOST has 3786954 observations and 43 variables.
NOTE: DATA statement used (Total process time):
      real time           17.95 seconds
      cpu time            1.73 seconds
      

MPRINT(HURDLE):   * OUT:[out.&dv._avp] IN:[out.&dv._meanCost] Group average cost is 
calculated and contrasted-----------------;
MPRINT(HURDLE):   proc sql;
MPRINT(HURDLE):   create table out.cost_pc_avp as select mean(case when exposed=1 then 
a_cost else . end ) as cost_exposed, mean(case when exposed=0 then a_cost else . end ) 
as cost_unexposed, calculated cost_exposed - calculated cost_unexposed as cost_diff 
from out.cost_pc_meanCost;
NOTE: Table OUT.COST_PC_AVP created, with 1 rows and 3 columns.

MPRINT(HURDLE):   quit;
NOTE: PROCEDURE SQL used (Total process time):
      real time           13.05 seconds
      cpu time            0.59 seconds
      

MPRINT(HURDLE):   PROC PRINTTO;
MPRINT(HURDLE):   RUN;

