NOTE: PROCEDURE PRINTTO used (Total process time):
      real time           0.00 seconds
      cpu time            0.01 seconds
      

WARNING: The SAS/STAT product with which GENMOD is associated will be expiring soon, 
         and is currently in warning mode to indicate this upcoming expiration. Please 
         run PROC SETINIT to obtain more information on your warning period.
MPRINT(HURDLE):   PROC GENMOD DATA = data.analysis_final;
MPRINT(HURDLE):   CLASS mcaid_id int(ref='0') int_imp(ref='0') budget_grp_new(ref='MAGI 
Eligible Children') race(ref='non-Hispanic White/Caucasian') sex(ref='Female') 
rae_person_new(ref='3') age_cat(ref='5') fqhc(ref ='0') bh_oth16(ref='0') 
bh_oth17(ref='0') bh_oth18(ref='0') bh_er16(ref='0') bh_er17(ref='0') bh_er18(ref='0') 
bh_hosp16(ref='0') bh_hosp17(ref='0') bh_hosp18(ref='0') adj_pd_total_16cat(ref='0') 
adj_pd_total_17cat(ref='0') adj_pd_total_18cat(ref='0') ind_ffs_bh_visit;
MPRINT(HURDLE):   MODEL ind_ffs_bh_visit(event='1') = int int_imp time season1 season2 
season3 budget_grp_new race sex rae_person_new age_cat fqhc bh_oth16 bh_oth17 bh_oth18 
bh_er16 bh_er17 bh_er18 bh_hosp16 bh_hosp17 bh_hosp18 adj_pd_total_16cat 
adj_pd_total_17cat adj_pd_total_18cat / DIST=binomial;
MPRINT(HURDLE):   REPEATED SUBJECT = mcaid_id / type=exch ;
MPRINT(HURDLE):   store out.visits_ffs_bh_pmodel;
MPRINT(HURDLE):   run;


NOTE: Class levels for some variables were not printed due to excessive size.
NOTE: PROC GENMOD is modeling the probability that ind_ffs_bh_visit='1'. One way to 
      change this to model the probability that ind_ffs_bh_visit='0' is to specify the 
      DESCENDING option in the PROC statement.
NOTE: Algorithm converged.
NOTE: Algorithm converged.
NOTE: The GENMOD procedure generated the model item store OUT.VISITS_FFS_BH_PMODEL.
NOTE: PROCEDURE GENMOD used (Total process time):
      real time           13:51.09
      cpu time            13:04.14
      

MPRINT(HURDLE):   TITLE 'Visit Model';
MPRINT(HURDLE):   PROC GENMOD DATA = data.analysis_final desc;
MPRINT(HURDLE):   WHERE n_ffs_bh_pm_r > 0;
MPRINT(HURDLE):   CLASS mcaid_id int(ref='0') int_imp(ref='0') budget_grp_new(ref='MAGI 
Eligible Children') race(ref='non-Hispanic White/Caucasian') sex(ref='Female') 
rae_person_new(ref='3') age_cat(ref='5') fqhc(ref ='0') bh_oth16(ref='0') 
bh_oth17(ref='0') bh_oth18(ref='0') bh_er16(ref='0') bh_er17(ref='0') bh_er18(ref='0') 
bh_hosp16(ref='0') bh_hosp17(ref='0') bh_hosp18(ref='0') adj_pd_total_16cat(ref='0') 
adj_pd_total_17cat(ref='0') adj_pd_total_18cat(ref='0') ;
MPRINT(HURDLE):   MODEL n_ffs_bh_pm_r = int int_imp time season1 season2 season3 
budget_grp_new race sex rae_person_new age_cat fqhc bh_oth16 bh_oth17 bh_oth18 bh_er16 
bh_er17 bh_er18 bh_hosp16 bh_hosp17 bh_hosp18 adj_pd_total_16cat adj_pd_total_17cat 
adj_pd_total_18cat / dist=negbin link=log ;
MPRINT(HURDLE):   REPEATED SUBJECT = mcaid_id / type = exch;
MPRINT(HURDLE):   store out.visits_ffs_bh_vmodel;
MPRINT(HURDLE):   RUN;


NOTE: The DESCENDING option applies only to the multinomial distribution with ordinal 
      response.
NOTE: Class levels for some variables were not printed due to excessive size.
NOTE: Algorithm converged.
ERROR: Error in computing the variance function.
ERROR: Error in parameter estimate covariance computation.
ERROR: Error in estimation routine.
NOTE: The GENMOD procedure deleted the model item store OUT.VISITS_FFS_BH_VMODEL 
      because of incomplete information for a subsequent analysis.
NOTE: The SAS System stopped processing this step because of errors.
NOTE: PROCEDURE GENMOD used (Total process time):
      real time           23.74 seconds
      cpu time            23.59 seconds
      
MPRINT(HURDLE):   TITLE;
MPRINT(HURDLE):   * OUT:[intgroup] IN :[&dat &dat] the group of interest (int, 
time-invariant intervention status) is set twice, the top in the stack will be recoded 
as not participants (unexposed) the bottom group keeps the int=1 
status------------------------------------------------ ;


MPRINT(HURDLE):   data intgroup;
MPRINT(HURDLE):   set data.analysis_final data.analysis_final (in = b);
MPRINT(HURDLE):   where int = 1;
MPRINT(HURDLE):   if ^b then int = 0;
MPRINT(HURDLE):   exposed = b;
MPRINT(HURDLE):   run;

NOTE: There were 1893477 observations read from the data set DATA.ANALYSIS_FINAL.
      WHERE int=1;
NOTE: There were 1893477 observations read from the data set DATA.ANALYSIS_FINAL.
      WHERE int=1;
NOTE: The data set WORK.INTGROUP has 3786954 observations and 40 variables.
NOTE: DATA statement used (Total process time):
      real time           3.36 seconds
      cpu time            3.32 seconds
      

MPRINT(HURDLE):   * the predictions for util and visit will be made for each person 
twice, once exposed and once unexposed;
MPRINT(HURDLE):   * OUT:[P_INTGROUP] IN :[out=out.&dv._pmodel] prob of 
util------------------------------------------------ ;
MPRINT(HURDLE):   proc plm restore=out.visits_ffs_bh_pmodel;
MPRINT(HURDLE):   score data=intgroup out=p_intgroup predicted=p_prob / ilink;
MPRINT(HURDLE):   run;

NOTE: The data set WORK.P_INTGROUP has 3786954 observations and 41 variables.
NOTE: PROCEDURE PLM used (Total process time):
      real time           8.45 seconds
      cpu time            8.28 seconds
      

MPRINT(HURDLE):   * OUT:[VP_INTGROUP] IN :[out=out.&dv._vmodel] prob of visit 
-------------------------------------------------;
NOTE: PROCEDURE PLM used (Total process time):
      real time           0.00 seconds
      cpu time            0.00 seconds
      
MPRINT(HURDLE):   proc plm restore=out.visits_ffs_bh_vmodel;
ERROR: The file OUT.VISITS_FFS_BH_VMODEL does not exist or it is not a valid item store.
NOTE: The SAS System stopped processing this step because of errors.
MPRINT(HURDLE):   score data=p_intgroup out=VP_intgroup predicted=p_visit / ilink;
MPRINT(HURDLE):   run;
MPRINT(HURDLE):   * OUT:[out.&dv._mean] IN:[VP_intgroup] Person average visit is 
calculated------------------------------;


MPRINT(HURDLE):   data out.visits_ffs_bh_mean;
MPRINT(HURDLE):   set VP_intgroup;
ERROR: File WORK.VP_INTGROUP.DATA does not exist.
MPRINT(HURDLE):   a_visit = p_prob*p_visit;
MPRINT(HURDLE):  * (1-p term = 0);
MPRINT(HURDLE):   run;

NOTE: The SAS System stopped processing this step because of errors.
WARNING: The data set OUT.VISITS_FFS_BH_MEAN may be incomplete.  When this step was 
         stopped there were 0 observations and 3 variables.
NOTE: DATA statement used (Total process time):
      real time           0.11 seconds
      cpu time            0.00 seconds
      

MPRINT(HURDLE):   * OUT:[out.&dv._avp] IN:[out.&dv._mean] Group average visit is 
calculated and contrasted-----------------;
MPRINT(HURDLE):   proc sql;
MPRINT(HURDLE):   create table out.visits_ffs_bh_avp as select mean(case when exposed=1 
then a_visit else . end ) as visit_exposed, mean(case when exposed=0 then a_visit else 
. end ) as visit_unexposed, calculated visit_exposed - calculated visit_unexposed as 
visit_diff from out.visits_ffs_bh_mean;
ERROR: The following columns were not found in the contributing tables: exposed.
MPRINT(HURDLE):   quit;
NOTE: The SAS System stopped processing this step because of errors.
NOTE: PROCEDURE SQL used (Total process time):
      real time           0.02 seconds
      cpu time            0.00 seconds
      


MPRINT(HURDLE):   PROC PRINTTO;
MPRINT(HURDLE):   RUN;

