NOTE: PROCEDURE PRINTTO used (Total process time):
      real time           0.00 seconds
      cpu time            0.01 seconds
      

310  ODS PDF FILE     = "&pdf"
SYMBOLGEN:  Macro variable PDF resolves to 
            S:\FHPC\DATA\HCPF_Data_files_SECURE\Kim\isp\isp_utilization\code\util_03b_ed
            a_export_pdf_log_2023-06-02.pdf
SYMBOLGEN:  Some characters in the above value which were subject to macro quoting have 
            been unquoted for printing.
311                      STARTPAGE = no;
NOTE: Writing ODS PDF output to DISK destination 
      "S:\FHPC\DATA\HCPF_Data_files_SECURE\Kim\isp\isp_utilization\code\util_03b_eda_exp
      ort_pdf_log_2023-06-02.pdf", printer "PDF".
312  
313  Title %sysget(SAS_EXECFILENAME);
314  
315  proc odstext;
SYMBOLGEN:  Macro variable TODAY resolves to 2023-06-02
316  p "Date:              &today";
SYMBOLGEN:  Macro variable ROOT resolves to 
            S:\FHPC\DATA\HCPF_Data_files_SECURE\Kim\isp\isp_utilization
SYMBOLGEN:  Some characters in the above value which were subject to macro quoting have 
            been unquoted for printing.
317  p "Project Root: &root";
318  p "Script:            %sysget(SAS_EXECFILENAME)";
SYMBOLGEN:  Macro variable LOG resolves to 
            S:\FHPC\DATA\HCPF_Data_files_SECURE\Kim\isp\isp_utilization\code\util_03b_ed
            a_export_pdf_log_2023-06-02.log
SYMBOLGEN:  Some characters in the above value which were subject to macro quoting have 
            been unquoted for printing.
319  p "Log File:         &log";
SYMBOLGEN:  Macro variable PDF resolves to 
            S:\FHPC\DATA\HCPF_Data_files_SECURE\Kim\isp\isp_utilization\code\util_03b_ed
            a_export_pdf_log_2023-06-02.pdf
SYMBOLGEN:  Some characters in the above value which were subject to macro quoting have 
            been unquoted for printing.
320  p "Results File:  &pdf";
321  RUN;
NOTE: PROCEDURE ODSTEXT used (Total process time):
      real time           0.04 seconds
      cpu time            0.01 seconds
      

322  
323  PROC SQL NOPRINT;
324  SELECT count(*) into :nobs from &dat;
SYMBOLGEN:  Macro variable DAT resolves to data.analysis
325  QUIT;
NOTE: PROCEDURE SQL used (Total process time):
      real time           0.03 seconds
      cpu time            0.00 seconds
      

326  
327  PROC SQL;
328  SELECT COUNT (DISTINCT mcaid_id ) into :nmem
329  FROM &dat ;
SYMBOLGEN:  Macro variable DAT resolves to data.analysis
330  QUIT ;
NOTE: PROCEDURE SQL used (Total process time):
      real time           45.23 seconds
      cpu time            2.40 seconds
      

331  
332  
333  %macro univar_gt0(var, title);
334  PROC UNIVARIATE DATA = &dat;
335  TITLE &TITLE;
336  VAR &var;
337  WHERE &var gt 0 ;
338  HISTOGRAM;
339  RUN;
340  TITLE;
341  %mend;
342  
343  %macro univar(var, title);
344  PROC UNIVARIATE DATA = &dat;
345  TITLE &TITLE;
346  VAR &var;
347  HISTOGRAM;
348  RUN;
349  TITLE;
350  %mend;
351  
352  
353  PROC FORMAT;
354  VALUE adj1618fy
355  -1 = "(-1) Not Eligble for HFC during FY"
356  0 = "(0) PMPM in YR is $0 (Eligible HFC)"
357  1 = "(1) PMPM YR >0 and <= 50th percentile"
358  2 = "(2) PMPM YR >50th percentiles, <= 75th percentile"
359  3 = "(3) PMPM YR >75th percentiles, <= 90th percentile"
360  4 = "(4) PMPM YR >90th percentiles, <= 95th percentile"
361  5 = "(5) PMPM YR > 95th percentile";
NOTE: Format ADJ1618FY has been output.
362  
363  VALUE bh1618fy
364  0 = "FY Visits = 0"
365  0.001 - high = "FY Visits >0";
NOTE: Format BH1618FY has been output.
366  
367  RUN;

NOTE: PROCEDURE FORMAT used (Total process time):
      real time           0.00 seconds
      cpu time            0.00 seconds
      

368  
369  ods proclabel 'Data Specs';
370  * Print specs ;
371  PROC ODSTEXT;
372  p "Update/s to data.analysis (final ds)";
373  p "-- 06/02: Re-generated dataset and updated to include FY22 Q1";
374  p "-- 5/15: Effect Coding time with season variables";
375  p "-- 5/10: Included fyqrtr variable in final analysis dataset";
376  p " ";
377  
378  p "Final Dataset Inclusion Rules"
379    /style = systemtitle;
380  p "Eligibility determination based on ID presence in qry_longitudinal where records
380!  for FYs 19-22 indicated:"
381    /style = header;
382  p "-----1) Age 0-64";
383  p "-----2) rae_id not NA";
384  p "-----3) pcmp_loc_id not NA";
385  p "-----4) Sex = M, F only (excluded U)";
386  p "-----5) ManagedCare = 0";
387  p "-----6) budget_group NOT 16:27, -1";
388  p "Final dataset records aggregated by quarters.";
389  p "-- Where unique value per quarter n >1 for variables rae_id, budget_group, and
389! pcmp_loc_id:";
390  p "----- a) Max value used where possible";
391  p "----- b) In cases of ties, used value in quarter months that was most recent";
392  p " ";
SYMBOLGEN:  Macro variable NOBS resolves to 15104152
SYMBOLGEN:  Macro variable NMEM resolves to  1613033
393  p "The final dataset contains n=&nobs unique mcaid_id*time (quarter) records, with
393! n=&nmem unique member ids." / style=header;
394  p " ";
395  RUN;
NOTE: PROCEDURE ODSTEXT used (Total process time):
      real time           0.02 seconds
      cpu time            0.00 seconds
      

396  
397  
398  *******************************************************************************
399  * Print columns for dataset (use abbreviation 'columns');
400  ods proclabel 'Analysis_Dataset Columns'; RUN;
401  PROC ODSTEXT;
402  p "Dataset Contents" /style=systemtitle;
403  RUN;
NOTE: PROCEDURE ODSTEXT used (Total process time):
      real time           0.01 seconds
      cpu time            0.01 seconds
      

404  PROC PRINT DATA = data.analysis_meta ; RUN;

NOTE: There were 40 observations read from the data set DATA.ANALYSIS_META.
NOTE: PROCEDURE PRINT used (Total process time):
      real time           0.03 seconds
      cpu time            0.01 seconds
      

405  
406  ***********************************************************************************
406! ***
407  * CATEGORICAL FREQUENCIES, ungrouped (entire dataset)
408  ***********************************************************************************
408! ***;
409  ods proclabel 'Frequencies, Cat Vars: Ungrouped'; RUN;
410  proc odstext;
411  p "Frequencies, Categorical Vars: Ungrouped" / style=systemtitle; RUN;
NOTE: PROCEDURE ODSTEXT used (Total process time):
      real time           0.01 seconds
      cpu time            0.00 seconds
      

412  
413  PROC FREQ DATA = int.eda_n_ids; TABLES n_id; RUN;

NOTE: There were 1613033 observations read from the data set INT.EDA_N_IDS.
NOTE: PROCEDURE FREQ used (Total process time):
      real time           0.45 seconds
      cpu time            0.06 seconds
      

414  
415  * Categorical vars;
416  PROC FREQ
417  DATA   = &dat;
SYMBOLGEN:  Macro variable DAT resolves to data.analysis
418  TABLES int: age race sex budget_group rae_person_new fqhc bh: ind:
419         adj_pd_total_16cat adj_pd_total_17cat adj_pd_total_18cat fy: season:;
420  RUN ;

NOTE: There were 15104152 observations read from the data set DATA.ANALYSIS.
NOTE: PROCEDURE FREQ used (Total process time):
      real time           6.14 seconds
      cpu time            6.11 seconds
      

421  
422  *******************************************************************************
423  * Time frequency : find missing time, pct time;
424  ods proclabel 'Time Frequency Description';
425  proc odstext;
426  p "Time freq by member" / style=systemtitle;
SYMBOLGEN:  Macro variable NMEM resolves to  1613033
427  p "(Divided time frequency by total unique member ids (n=&nmem) to get percent,
427! then subtracted percent from 1 to get missing val)";
428  p "";
429  RUN;
NOTE: PROCEDURE ODSTEXT used (Total process time):
      real time           0.01 seconds
      cpu time            0.01 seconds
      

430  
431  ods proclabel 'Time Frequency Table';
432  PROC PRINT DATA = int.eda_time_freq;
433  format pct: percent10.2;
434  VAR  time n_time pct_time_mem pct_time_missing;
435  RUN;

NOTE: No observations in data set INT.EDA_TIME_FREQ.
NOTE: PROCEDURE PRINT used (Total process time):
      real time           0.01 seconds
      cpu time            0.00 seconds
      

436  
437  ***********************************************************************************
437! ***
438  * UNIQUE PCMP COUNT;
439  ods proclabel 'PCMP Loc ID Description'; RUN;
440  proc odstext;
441  p "Counts of Unique PCMP_LOC_IDs by Intervention Status (Time Invariant Var:
441! 'int')"
442     / style=systemtitle;RUN;
NOTE: PROCEDURE ODSTEXT used (Total process time):
      real time           0.01 seconds
      cpu time            0.00 seconds
      

443  ods proclabel 'PCMP Loc ID table'; RUN;
444  PROC SQL ;
445  SELECT COUNT(DISTINCT pcmp_loc_id) as n_pcmp
446       , int as intervention
447  FROM &dat
SYMBOLGEN:  Macro variable DAT resolves to data.analysis
448  GROUP BY int;
ERROR: The following columns were not found in the contributing tables: pcmp_loc_id.
449  QUIT;
NOTE: The SAS System stopped processing this step because of errors.
NOTE: PROCEDURE SQL used (Total process time):
      real time           0.00 seconds
      cpu time            0.00 seconds
      
450  TITLE ;
451  
452  ***********************************************************************************
452! ***
453  * PROC UNIVAR for continuous vars, ungrouped (entire dataset);
454  ods proclabel 'Top Coded Vals, text'; RUN;


455  PROC ODSTEXT;
456  p "Percentiles and values for top-coded DVs (cost: pc, rx, total)"
457    /style = systemtitle;
458  p "Means taken where value gt 95th percentile"; RUN;
NOTE: PROCEDURE ODSTEXT used (Total process time):
      real time           0.01 seconds
      cpu time            0.00 seconds
      

459  
460  /*PROC TRANSPOSE DATA = int.mu_pctl_1922 OUT=int.mu_pctl_1922_long (rename=(_NAME_
460!  = percentile*/
461  /*                                                                          _LABEL_
461!  = label*/
462  /*                                                                          COL1
462!  = original_value));*/
463  /*RUN; */
464  ods proclabel 'Top Coded Vals'; RUN;
465  PROC PRINT DATA = int.mu_pctl_1922_long; RUN;

NOTE: There were 24 observations read from the data set INT.MU_PCTL_1922_LONG.
NOTE: PROCEDURE PRINT used (Total process time):
      real time           0.03 seconds
      cpu time            0.01 seconds
      

466  
467  ods proclabel 'Univar for DVs, text'; RUN;
468  
469  proc odstext;
470  p "PROC UNIVAR for DV's: WHERE VALUES >0 ONLY" / style=systemtitle;
471  p "For all values, including 0's, see the ind_: variables";  RUN;
NOTE: PROCEDURE ODSTEXT used (Total process time):
      real time           0.01 seconds
      cpu time            0.00 seconds
      

472  
473  * Cost vars;
474  %univar_gt0(var=adj_pd_total_tc, title = "WHERE &var gt 0");
MLOGIC(UNIVAR_GT0):  Beginning execution.
WARNING: Apparent symbolic reference VAR not resolved.
MLOGIC(UNIVAR_GT0):  Parameter VAR has value adj_pd_total_tc
MLOGIC(UNIVAR_GT0):  Parameter TITLE has value "WHERE &var gt 0"
SYMBOLGEN:  Macro variable DAT resolves to data.analysis
MPRINT(UNIVAR_GT0):   PROC UNIVARIATE DATA = data.analysis;
SYMBOLGEN:  Macro variable TITLE resolves to "WHERE &var gt 0"
SYMBOLGEN:  Macro variable VAR resolves to adj_pd_total_tc
MPRINT(UNIVAR_GT0):   TITLE "WHERE adj_pd_total_tc gt 0";
SYMBOLGEN:  Macro variable VAR resolves to adj_pd_total_tc
MPRINT(UNIVAR_GT0):   VAR adj_pd_total_tc;
SYMBOLGEN:  Macro variable VAR resolves to adj_pd_total_tc
MPRINT(UNIVAR_GT0):   WHERE adj_pd_total_tc gt 0 ;
MPRINT(UNIVAR_GT0):   HISTOGRAM;
MPRINT(UNIVAR_GT0):   RUN;

NOTE: PROCEDURE UNIVARIATE used (Total process time):
      real time           14.39 seconds
      cpu time            13.79 seconds
      

MPRINT(UNIVAR_GT0):   TITLE;
MLOGIC(UNIVAR_GT0):  Ending execution.
475  %univar_gt0(var=adj_pd_pc_tc,    title = "WHERE &var gt 0");
MLOGIC(UNIVAR_GT0):  Beginning execution.
WARNING: Apparent symbolic reference VAR not resolved.
MLOGIC(UNIVAR_GT0):  Parameter VAR has value adj_pd_pc_tc
MLOGIC(UNIVAR_GT0):  Parameter TITLE has value "WHERE &var gt 0"
SYMBOLGEN:  Macro variable DAT resolves to data.analysis
MPRINT(UNIVAR_GT0):   PROC UNIVARIATE DATA = data.analysis;
SYMBOLGEN:  Macro variable TITLE resolves to "WHERE &var gt 0"
SYMBOLGEN:  Macro variable VAR resolves to adj_pd_pc_tc
MPRINT(UNIVAR_GT0):   TITLE "WHERE adj_pd_pc_tc gt 0";
SYMBOLGEN:  Macro variable VAR resolves to adj_pd_pc_tc
MPRINT(UNIVAR_GT0):   VAR adj_pd_pc_tc;
SYMBOLGEN:  Macro variable VAR resolves to adj_pd_pc_tc
MPRINT(UNIVAR_GT0):   WHERE adj_pd_pc_tc gt 0 ;
MPRINT(UNIVAR_GT0):   HISTOGRAM;
MPRINT(UNIVAR_GT0):   RUN;

NOTE: PROCEDURE UNIVARIATE used (Total process time):
      real time           6.68 seconds
      cpu time            6.50 seconds
      

MPRINT(UNIVAR_GT0):   TITLE;
MLOGIC(UNIVAR_GT0):  Ending execution.
476  %univar_gt0(var=adj_pd_rx_tc,    title = "WHERE &var gt 0");
MLOGIC(UNIVAR_GT0):  Beginning execution.
WARNING: Apparent symbolic reference VAR not resolved.
MLOGIC(UNIVAR_GT0):  Parameter VAR has value adj_pd_rx_tc
MLOGIC(UNIVAR_GT0):  Parameter TITLE has value "WHERE &var gt 0"
SYMBOLGEN:  Macro variable DAT resolves to data.analysis
MPRINT(UNIVAR_GT0):   PROC UNIVARIATE DATA = data.analysis;
SYMBOLGEN:  Macro variable TITLE resolves to "WHERE &var gt 0"
SYMBOLGEN:  Macro variable VAR resolves to adj_pd_rx_tc
MPRINT(UNIVAR_GT0):   TITLE "WHERE adj_pd_rx_tc gt 0";
SYMBOLGEN:  Macro variable VAR resolves to adj_pd_rx_tc
MPRINT(UNIVAR_GT0):   VAR adj_pd_rx_tc;
SYMBOLGEN:  Macro variable VAR resolves to adj_pd_rx_tc
MPRINT(UNIVAR_GT0):   WHERE adj_pd_rx_tc gt 0 ;
MPRINT(UNIVAR_GT0):   HISTOGRAM;
MPRINT(UNIVAR_GT0):   RUN;

NOTE: PROCEDURE UNIVARIATE used (Total process time):
      real time           7.00 seconds
      cpu time            6.89 seconds
      

MPRINT(UNIVAR_GT0):   TITLE;
MLOGIC(UNIVAR_GT0):  Ending execution.
477  
478  * Visit vars;
479  %univar_gt0(var=n_pc_pm,     title = "&var (Visits)");
MLOGIC(UNIVAR_GT0):  Beginning execution.
WARNING: Apparent symbolic reference VAR not resolved.
MLOGIC(UNIVAR_GT0):  Parameter VAR has value n_pc_pm
MLOGIC(UNIVAR_GT0):  Parameter TITLE has value "&var (Visits)"
SYMBOLGEN:  Macro variable DAT resolves to data.analysis
MPRINT(UNIVAR_GT0):   PROC UNIVARIATE DATA = data.analysis;
SYMBOLGEN:  Macro variable TITLE resolves to "&var (Visits)"
SYMBOLGEN:  Macro variable VAR resolves to n_pc_pm
MPRINT(UNIVAR_GT0):   TITLE "n_pc_pm (Visits)";
SYMBOLGEN:  Macro variable VAR resolves to n_pc_pm
MPRINT(UNIVAR_GT0):   VAR n_pc_pm;
SYMBOLGEN:  Macro variable VAR resolves to n_pc_pm
MPRINT(UNIVAR_GT0):   WHERE n_pc_pm gt 0 ;
MPRINT(UNIVAR_GT0):   HISTOGRAM;
MPRINT(UNIVAR_GT0):   RUN;

NOTE: PROCEDURE UNIVARIATE used (Total process time):
      real time           4.11 seconds
      cpu time            3.93 seconds
      

MPRINT(UNIVAR_GT0):   TITLE;
MLOGIC(UNIVAR_GT0):  Ending execution.
480  %univar_gt0(var=n_ed_pm,     title = "&var (Visits)");
MLOGIC(UNIVAR_GT0):  Beginning execution.
WARNING: Apparent symbolic reference VAR not resolved.
MLOGIC(UNIVAR_GT0):  Parameter VAR has value n_ed_pm
MLOGIC(UNIVAR_GT0):  Parameter TITLE has value "&var (Visits)"
SYMBOLGEN:  Macro variable DAT resolves to data.analysis
MPRINT(UNIVAR_GT0):   PROC UNIVARIATE DATA = data.analysis;
SYMBOLGEN:  Macro variable TITLE resolves to "&var (Visits)"
SYMBOLGEN:  Macro variable VAR resolves to n_ed_pm
MPRINT(UNIVAR_GT0):   TITLE "n_ed_pm (Visits)";
SYMBOLGEN:  Macro variable VAR resolves to n_ed_pm
MPRINT(UNIVAR_GT0):   VAR n_ed_pm;
SYMBOLGEN:  Macro variable VAR resolves to n_ed_pm
MPRINT(UNIVAR_GT0):   WHERE n_ed_pm gt 0 ;
MPRINT(UNIVAR_GT0):   HISTOGRAM;
MPRINT(UNIVAR_GT0):   RUN;

NOTE: PROCEDURE UNIVARIATE used (Total process time):
      real time           2.20 seconds
      cpu time            2.04 seconds
      

MPRINT(UNIVAR_GT0):   TITLE;
MLOGIC(UNIVAR_GT0):  Ending execution.
481  %univar_gt0(var=n_ffs_bh_pm, title = "&var (Visits)");
MLOGIC(UNIVAR_GT0):  Beginning execution.
WARNING: Apparent symbolic reference VAR not resolved.
MLOGIC(UNIVAR_GT0):  Parameter VAR has value n_ffs_bh_pm
MLOGIC(UNIVAR_GT0):  Parameter TITLE has value "&var (Visits)"
SYMBOLGEN:  Macro variable DAT resolves to data.analysis
MPRINT(UNIVAR_GT0):   PROC UNIVARIATE DATA = data.analysis;
SYMBOLGEN:  Macro variable TITLE resolves to "&var (Visits)"
SYMBOLGEN:  Macro variable VAR resolves to n_ffs_bh_pm
MPRINT(UNIVAR_GT0):   TITLE "n_ffs_bh_pm (Visits)";
SYMBOLGEN:  Macro variable VAR resolves to n_ffs_bh_pm
MPRINT(UNIVAR_GT0):   VAR n_ffs_bh_pm;
SYMBOLGEN:  Macro variable VAR resolves to n_ffs_bh_pm
MPRINT(UNIVAR_GT0):   WHERE n_ffs_bh_pm gt 0 ;
MPRINT(UNIVAR_GT0):   HISTOGRAM;
MPRINT(UNIVAR_GT0):   RUN;

NOTE: PROCEDURE UNIVARIATE used (Total process time):
      real time           1.61 seconds
      cpu time            1.42 seconds
      

MPRINT(UNIVAR_GT0):   TITLE;
MLOGIC(UNIVAR_GT0):  Ending execution.
482  %univar_gt0(var=n_tel_pm,    title = "&var (Visits)");
MLOGIC(UNIVAR_GT0):  Beginning execution.
WARNING: Apparent symbolic reference VAR not resolved.
MLOGIC(UNIVAR_GT0):  Parameter VAR has value n_tel_pm
MLOGIC(UNIVAR_GT0):  Parameter TITLE has value "&var (Visits)"
SYMBOLGEN:  Macro variable DAT resolves to data.analysis
MPRINT(UNIVAR_GT0):   PROC UNIVARIATE DATA = data.analysis;
SYMBOLGEN:  Macro variable TITLE resolves to "&var (Visits)"
SYMBOLGEN:  Macro variable VAR resolves to n_tel_pm
MPRINT(UNIVAR_GT0):   TITLE "n_tel_pm (Visits)";
SYMBOLGEN:  Macro variable VAR resolves to n_tel_pm
MPRINT(UNIVAR_GT0):   VAR n_tel_pm;
SYMBOLGEN:  Macro variable VAR resolves to n_tel_pm
MPRINT(UNIVAR_GT0):   WHERE n_tel_pm gt 0 ;
MPRINT(UNIVAR_GT0):   HISTOGRAM;
MPRINT(UNIVAR_GT0):   RUN;

NOTE: PROCEDURE UNIVARIATE used (Total process time):
      real time           1.84 seconds
      cpu time            1.73 seconds
      

MPRINT(UNIVAR_GT0):   TITLE;
MLOGIC(UNIVAR_GT0):  Ending execution.
483  
484  ***********************************************************************************
484! ***
485  * CATEGORICAL FREQUENCIES, Grouped by INTERVENTION (0,1), time invariant
486  ***********************************************************************************
486! ***;
487  ods proclabel 'Frequencies, Cat Vars: Int Status (excluded: adj fy1618)'; RUN;
488  proc odstext;
489  p "Frequencies, Categorical Vars by ISP Participation (Time-Invariant Indicator
489! ('int'))" / style=systemtitle;
490  p "adj fy 1618 vars have their own section";
491  RUN;
NOTE: PROCEDURE ODSTEXT used (Total process time):
      real time           0.02 seconds
      cpu time            0.00 seconds
      

492  ods proclabel 'Frequencies, Cat Vars: Int Status'; RUN;
493  PROC FREQ DATA = &all;
SYMBOLGEN:  Macro variable ALL resolves to data.analysis_allcols
494  TABLES (int_imp age race sex time budget_group rae_person_new fqhc fy: bh:
494! ind:)*int;
495  RUN ;

NOTE: There were 15104152 observations read from the data set DATA.ANALYSIS_ALLCOLS.
NOTE: PROCEDURE FREQ used (Total process time):
      real time           1:02.27
      cpu time            16.70 seconds
      

496  
497  ***********************************************************************************
497! ***
498  * adj vars 16-18
499  ***********************************************************************************
499! ***;
500  ods proclabel 'adj FY 1618: categories'; RUN;
501  
502  PROC ODSTEXT;
503  p "FY16-18 Adjusted, Categorized Monthly Utilization (Cost) Frequencies (variables
503! adj_pd_total_YYcat)"
504    /style = systemtitle;
505  
506  p "(-1): Not Eligible";
507  p "( 0): Eligible, PMPM $0";
508  p "( 1): Eligible, PMPM > 0 and <=50 percentile";
509  p "( 2): Eligible, PMPM >50 and <=75 percentile";
510  p "( 3): Eligible, PMPM >75 and <=90 percentile";
511  p "( 4): Eligible, PMPM >90 and <=95 percentile";
512  p "( 5): Eligible, PMPM >95 percentile";
513  p "";
514  RUN;
NOTE: PROCEDURE ODSTEXT used (Total process time):
      real time           0.02 seconds
      cpu time            0.00 seconds
      

515  ods proclabel 'adj FY 1618: Percentiles, Mus (text)'; RUN;
516  PROC ODSTEXT;
517  p "Percentiles,  Values for FY16-18 vars" /style = header;
518  p "NB: Frequencies below generated from UNIQUE member records only - not from the
518! final analysis dataset, where record frequency is multiplied by the quarters"/style
518!  = header;
519  p "Frequencies from final dataset are in section 2, and match Jakes proportions
519! almost exactly."/style = header;
520  RUN;
NOTE: PROCEDURE ODSTEXT used (Total process time):
      real time           0.01 seconds
      cpu time            0.01 seconds
      

521  /*PROC TRANSPOSE DATA = int.pctl1618 OUT=int.pctl1618_long (rename=(_NAME_  =
521! percentile*/
522  /*                                                                  _LABEL_ =
522! label*/
523  /*                                                                  COL1    =
523! original_value));*/
524  /*RUN; */
525  ods proclabel 'adj FY 1618: Percentiles, Mus (table)'; RUN;
526  PROC PRINT DATA = int.pctl1618_long; RUN;
ERROR: File INT.PCTL1618_LONG.DATA does not exist.

NOTE: The SAS System stopped processing this step because of errors.
NOTE: PROCEDURE PRINT used (Total process time):
      real time           0.00 seconds
      cpu time            0.00 seconds
      
527  
528  ***********************************************************************************
528! ***
529  * ADJ means FY1618
530  ***********************************************************************************
530! ***;


531  PROC FREQ DATA = int.eda_FY1618;
532  FORMAT adj_pd_total_16cat adj_pd_total_17cat adj_pd_total_18cat adj1618fy. bho:
532! bh1618fy.;
533  TABLES adj_pd_total_16cat adj_pd_total_17cat adj_pd_total_18cat bho:;
534  RUN;

NOTE: There were 1131492 observations read from the data set INT.EDA_FY1618.
NOTE: PROCEDURE FREQ used (Total process time):
      real time           3.92 seconds
      cpu time            0.23 seconds
      

535  
536  %macro means_adj(FY);
537  PROC MEANS DATA = int.fy1618 stackodsoutput n mean std min max;
538  CLASS adj_pd_total_&fy.cat;
539  VAR   adj_pd_&fy.pm;
540  ods output summary= mus&FY (drop=_control_ Variable) ;
541  RUN;
542  
543  PROC PRINT DATA = mus&fy (drop=_control_ Variable NObs); RUN;
544  %mend;
545  
546  ods proclabel 'adj FY 1618 MEANS'; RUN;
547  
548  %means_adj(FY=16);
MLOGIC(MEANS_ADJ):  Beginning execution.
MLOGIC(MEANS_ADJ):  Parameter FY has value 16
ERROR: File INT.FY1618.DATA does not exist.
MPRINT(MEANS_ADJ):   PROC MEANS DATA = int.fy1618 stackodsoutput n mean std min max;
SYMBOLGEN:  Macro variable FY resolves to 16
MPRINT(MEANS_ADJ):   CLASS adj_pd_total_16cat;
ERROR: No data set open to look up variables.
SYMBOLGEN:  Macro variable FY resolves to 16
MPRINT(MEANS_ADJ):   VAR adj_pd_16pm;
ERROR: No data set open to look up variables.
SYMBOLGEN:  Macro variable FY resolves to 16
MPRINT(MEANS_ADJ):   ods output summary= mus16 (drop=_control_ Variable) ;
MPRINT(MEANS_ADJ):   RUN;
NOTE: The SAS System stopped processing this step because of errors.
NOTE: PROCEDURE MEANS used (Total process time):
      real time           0.00 seconds
      cpu time            0.00 seconds
      
WARNING: Output 'summary' was not created.  Make sure that the output object name, 
         label, or path is spelled correctly.  Also, verify that the appropriate 
         procedure options are used to produce the requested output object.  For 
         example, verify that the NOPRINT option is not used.

SYMBOLGEN:  Macro variable FY resolves to 16
MPRINT(MEANS_ADJ):   PROC PRINT DATA = mus16 (drop=_control_ Variable NObs);
ERROR: File WORK.MUS16.DATA does not exist.
MPRINT(MEANS_ADJ):   RUN;

NOTE: The SAS System stopped processing this step because of errors.
NOTE: PROCEDURE PRINT used (Total process time):
      real time           0.00 seconds
      cpu time            0.00 seconds
      
MLOGIC(MEANS_ADJ):  Ending execution.
549  %means_adj(FY=17);
MLOGIC(MEANS_ADJ):  Beginning execution.
MLOGIC(MEANS_ADJ):  Parameter FY has value 17


ERROR: File INT.FY1618.DATA does not exist.
MPRINT(MEANS_ADJ):   PROC MEANS DATA = int.fy1618 stackodsoutput n mean std min max;
SYMBOLGEN:  Macro variable FY resolves to 17
MPRINT(MEANS_ADJ):   CLASS adj_pd_total_17cat;
ERROR: No data set open to look up variables.
SYMBOLGEN:  Macro variable FY resolves to 17
MPRINT(MEANS_ADJ):   VAR adj_pd_17pm;
ERROR: No data set open to look up variables.
SYMBOLGEN:  Macro variable FY resolves to 17
MPRINT(MEANS_ADJ):   ods output summary= mus17 (drop=_control_ Variable) ;
MPRINT(MEANS_ADJ):   RUN;
NOTE: The SAS System stopped processing this step because of errors.
NOTE: PROCEDURE MEANS used (Total process time):
      real time           0.00 seconds
      cpu time            0.00 seconds
      
WARNING: Output 'summary' was not created.  Make sure that the output object name, 
         label, or path is spelled correctly.  Also, verify that the appropriate 
         procedure options are used to produce the requested output object.  For 
         example, verify that the NOPRINT option is not used.

SYMBOLGEN:  Macro variable FY resolves to 17
MPRINT(MEANS_ADJ):   PROC PRINT DATA = mus17 (drop=_control_ Variable NObs);
ERROR: File WORK.MUS17.DATA does not exist.
MPRINT(MEANS_ADJ):   RUN;

NOTE: The SAS System stopped processing this step because of errors.
NOTE: PROCEDURE PRINT used (Total process time):
      real time           0.00 seconds
      cpu time            0.00 seconds
      
MLOGIC(MEANS_ADJ):  Ending execution.
550  %means_adj(FY=18);
MLOGIC(MEANS_ADJ):  Beginning execution.
MLOGIC(MEANS_ADJ):  Parameter FY has value 18


ERROR: File INT.FY1618.DATA does not exist.
MPRINT(MEANS_ADJ):   PROC MEANS DATA = int.fy1618 stackodsoutput n mean std min max;
SYMBOLGEN:  Macro variable FY resolves to 18
MPRINT(MEANS_ADJ):   CLASS adj_pd_total_18cat;
ERROR: No data set open to look up variables.
SYMBOLGEN:  Macro variable FY resolves to 18
MPRINT(MEANS_ADJ):   VAR adj_pd_18pm;
ERROR: No data set open to look up variables.
SYMBOLGEN:  Macro variable FY resolves to 18
MPRINT(MEANS_ADJ):   ods output summary= mus18 (drop=_control_ Variable) ;
MPRINT(MEANS_ADJ):   RUN;
NOTE: The SAS System stopped processing this step because of errors.
NOTE: PROCEDURE MEANS used (Total process time):
      real time           0.00 seconds
      cpu time            0.00 seconds
      
WARNING: Output 'summary' was not created.  Make sure that the output object name, 
         label, or path is spelled correctly.  Also, verify that the appropriate 
         procedure options are used to produce the requested output object.  For 
         example, verify that the NOPRINT option is not used.

SYMBOLGEN:  Macro variable FY resolves to 18
MPRINT(MEANS_ADJ):   PROC PRINT DATA = mus18 (drop=_control_ Variable NObs);
ERROR: File WORK.MUS18.DATA does not exist.
MPRINT(MEANS_ADJ):   RUN;

NOTE: The SAS System stopped processing this step because of errors.
NOTE: PROCEDURE PRINT used (Total process time):
      real time           0.00 seconds
      cpu time            0.00 seconds
      
MLOGIC(MEANS_ADJ):  Ending execution.
551  


552  proc printto; run;

