NOTE: PROCEDURE PRINTTO used (Total process time):
      real time           0.01 seconds
      cpu time            0.00 seconds
      

NOTE: Writing ODS PDF output to DISK destination 
      "S:\FHPC\DATA\HCPF_Data_files_SECURE\Kim\isp\isp_utilization\reports\visits_ed_2023-06-26.pdf"
      , printer "PDF".
NOTE: PROCEDURE ODSTEXT used (Total process time):
      real time           0.04 seconds
      cpu time            0.01 seconds
      

WARNING: The TITLE statement is ambiguous due to invalid options or unquoted text.

NOTE: Class levels for some variables were not printed due to excessive size.
NOTE: PROC GEE is modeling the probability that ind_ed_visit='1'.
NOTE: The GEE procedure generated the model item store WORK.P_MODEL.
NOTE: PROCEDURE GEE used (Total process time):
      real time           10:31.34
      cpu time            9:28.76
      

WARNING: The TITLE statement is ambiguous due to invalid options or unquoted text.

NOTE: Class levels for some variables were not printed due to excessive size.
NOTE: The GEE procedure generated the model item store WORK.N_MODEL.
NOTE: PROCEDURE GEE used (Total process time):
      real time           2:51.69
      cpu time            2:51.48
      


NOTE: There were 1893477 observations read from the data set DATA.ANALYSIS.
      WHERE int=1;
NOTE: There were 1893477 observations read from the data set DATA.ANALYSIS.
      WHERE int=1;
NOTE: The data set WORK.INTGROUP has 3786954 observations and 55 variables.
NOTE: DATA statement used (Total process time):
      real time           4.61 seconds
      cpu time            4.60 seconds
      


NOTE: The data set WORK.P_INTGROUP has 3786954 observations and 56 variables.
NOTE: PROCEDURE PLM used (Total process time):
      real time           9.38 seconds
      cpu time            9.23 seconds
      


NOTE: The data set WORK.NP_INTGROUP has 3786954 observations and 57 variables.
NOTE: PROCEDURE PLM used (Total process time):
      real time           8.52 seconds
      cpu time            8.50 seconds
      


NOTE: There were 3786954 observations read from the data set WORK.NP_INTGROUP.
NOTE: The data set OUT.VISITS_ED_MEANVISITS has 3786954 observations and 58 variables.
NOTE: DATA statement used (Total process time):
      real time           23.25 seconds
      cpu time            3.06 seconds
      

NOTE: Table OUT.VISITS_ED_AVP created, with 1 rows and 3 columns.

NOTE: PROCEDURE SQL used (Total process time):
      real time           16.38 seconds
      cpu time            0.51 seconds
      


NOTE: There were 1 observations read from the data set OUT.VISITS_ED_AVP.
NOTE: PROCEDURE PRINT used (Total process time):
      real time           0.03 seconds
      cpu time            0.00 seconds
      


NOTE: There were 3786954 observations read from the data set OUT.VISITS_ED_MEANVISITS.
NOTE: PROCEDURE MEANS used (Total process time):
      real time           1.51 seconds
      cpu time            1.49 seconds
      

