NOTE: PROCEDURE PRINTTO used (Total process time):
      real time           0.00 seconds
      cpu time            0.00 seconds
      

NOTE: Writing ODS PDF output to DISK destination 
      "S:\FHPC\DATA\HCPF_Data_files_SECURE\Kim\isp\isp_utilization\reports\visits_pc_2023-06-26.pdf"
      , printer "PDF".
NOTE: Writing HTML Body file: sashtml2.htm
NOTE: PROCEDURE ODSTEXT used (Total process time):
      real time           0.41 seconds
      cpu time            0.34 seconds
      

WARNING: The TITLE statement is ambiguous due to invalid options or unquoted text.

NOTE: Class levels for some variables were not printed due to excessive size.
NOTE: PROC GEE is modeling the probability that ind_pc_visit='1'.
NOTE: The GEE procedure generated the model item store WORK.P_MODEL.
NOTE: PROCEDURE GEE used (Total process time):
      real time           11:36.01
      cpu time            10:32.18
      

WARNING: The TITLE statement is ambiguous due to invalid options or unquoted text.

NOTE: Class levels for some variables were not printed due to excessive size.
NOTE: The GEE procedure generated the model item store WORK.N_MODEL.
NOTE: PROCEDURE GEE used (Total process time):
      real time           6:17.14
      cpu time            6:16.73
      


NOTE: There were 1893477 observations read from the data set DATA.ANALYSIS.
      WHERE int=1;
NOTE: There were 1893477 observations read from the data set DATA.ANALYSIS.
      WHERE int=1;
NOTE: The data set WORK.INTGROUP has 3786954 observations and 55 variables.
NOTE: DATA statement used (Total process time):
      real time           4.77 seconds
      cpu time            4.62 seconds
      


NOTE: The data set WORK.P_INTGROUP has 3786954 observations and 56 variables.
NOTE: PROCEDURE PLM used (Total process time):
      real time           9.56 seconds
      cpu time            9.35 seconds
      


NOTE: The data set WORK.NP_INTGROUP has 3786954 observations and 57 variables.
NOTE: PROCEDURE PLM used (Total process time):
      real time           8.94 seconds
      cpu time            8.90 seconds
      


NOTE: There were 3786954 observations read from the data set WORK.NP_INTGROUP.
NOTE: The data set OUT.VISITS_PC_MEANVISITS has 3786954 observations and 58 variables.
NOTE: DATA statement used (Total process time):
      real time           24.55 seconds
      cpu time            2.25 seconds
      

NOTE: Table OUT.VISITS_PC_AVP created, with 1 rows and 3 columns.

NOTE: PROCEDURE SQL used (Total process time):
      real time           17.44 seconds
      cpu time            0.68 seconds
      


NOTE: There were 1 observations read from the data set OUT.VISITS_PC_AVP.
NOTE: PROCEDURE PRINT used (Total process time):
      real time           0.03 seconds
      cpu time            0.00 seconds
      


NOTE: There were 3786954 observations read from the data set OUT.VISITS_PC_MEANVISITS.
NOTE: PROCEDURE MEANS used (Total process time):
      real time           1.58 seconds
      cpu time            1.54 seconds
      

