NOTE: Copyright (c) 2016 by SAS Institute Inc., Cary, NC, USA.
NOTE: SAS (r) Proprietary Software 9.4 (TS1M7)
      Licensed to UNIVERSITY OF COLORADO SYSTEM - SFA - T&R, Site 70082279.
NOTE: This session is executing on the X64_10PRO  platform.



NOTE: Analytical products:

      SAS/STAT 15.2
      SAS/ETS 15.2
      SAS/OR 15.2
      SAS/IML 15.2
      SAS/QC 15.2

WARNING: Your system is scheduled to expire on September 28, 2023, which is 30 days from now. The
         SAS System will no longer function on or after that date. Please contact your SAS
         Installation Representative to obtain your updated SAS Installation Data (SID) file, which
         includes SETINIT information.
To locate the name of your SAS Installation Representative go to http://support.sas.com/repfinder
and provide your site number 70082279 and company name as UNIVERSITY OF COLORADO SYSTEM - SFA -
T&R. On the SAS REP list provided, locate the REP for operating system Windows.
NOTE: Additional host information:

 X64_10PRO WIN 10.0.19041  Workstation

NOTE: SAS initialization used:
      real time           1.16 seconds
      cpu time            0.90 seconds

WARNING: The Base SAS Software product with which RESULTS is associated will be expiring soon, and
WARNING: is currently in warning mode to indicate this upcoming expiration. Please run PROC SETINIT
WARNING: to obtain more information on your warning period.
1    %let projRoot = S:/FHPC/DATA/HCPF_DATA_files_SECURE/Kim/cs_boot;
2    %include "&projRoot\MACRO_parallel.sas";

104  **********************************************************************************************
105  AUTHOR   : Carter Sevick, adapted by KW
106  PROJECT  : ISP
107  PURPOSE  : bootstrap specs
108  VERSION  : 2023-08-24
109  HISTORY  : copied on 08-24-2023 from Carter/Examples/boot total cost/
110  ;
111
112  ***********************************************************************************************
112! ;
113
114  %let projRoot = S:/FHPC/DATA/HCPF_DATA_files_SECURE/Kim/cs_boot;
115
116  * include macro programs ;
117  %include "&projRoot\MACRO_parallel.sas";
219
220  * kick off the processes ;
221  %parallel(
222      folder=  &projRoot /* data / program location */,
223      progName= program_to_boot.sas /* name of the program that will act on the data  */,
224      taskName= mytask /*, place holder names for the individual tasks */,
225      nprocess = 8 /* number of processes to activate */,
226      nboot    = 500 /* total number of bootstrap iterations*/,
227      seed     = 837567 /* a seed value for replicability */,
228      topseed = 1000000000 /* largest possible seed */
229  );

NOTE: The data set WORK._SEEDS_ has 1 observations and 8 variables.
NOTE: DATA statement used (Total process time):
      real time           0.01 seconds
      cpu time            0.03 seconds



NOTE: The data set WORK._NBOOTS_ has 1 observations and 8 variables.
NOTE: DATA statement used (Total process time):
      real time           0.00 seconds
      cpu time            0.01 seconds



NOTE: There were 1 observations read from the data set WORK._SEEDS_.
NOTE: DATA statement used (Total process time):
      real time           0.00 seconds
      cpu time            0.01 seconds



NOTE: There were 1 observations read from the data set WORK._NBOOTS_.
NOTE: DATA statement used (Total process time):
      real time           0.00 seconds
      cpu time            0.01 seconds


NOTE: The quoted string currently being processed has become more than 262 characters long.  You
      might have unbalanced quotation marks.

NOTE: There were 1 observations read from the data set WORK._SEEDS_.
NOTE: DATA statement used (Total process time):
      real time           0.00 seconds
      cpu time            0.00 seconds



NOTE: There were 1 observations read from the data set WORK._NBOOTS_.
NOTE: DATA statement used (Total process time):
      real time           0.00 seconds
      cpu time            0.00 seconds


NOTE: The quoted string currently being processed has become more than 262 characters long.  You
      might have unbalanced quotation marks.

NOTE: There were 1 observations read from the data set WORK._SEEDS_.
NOTE: DATA statement used (Total process time):
      real time           0.00 seconds
      cpu time            0.00 seconds



NOTE: There were 1 observations read from the data set WORK._NBOOTS_.
NOTE: DATA statement used (Total process time):
      real time           0.00 seconds
      cpu time            0.01 seconds


NOTE: The quoted string currently being processed has become more than 262 characters long.  You
      might have unbalanced quotation marks.

NOTE: There were 1 observations read from the data set WORK._SEEDS_.
NOTE: DATA statement used (Total process time):
      real time           0.00 seconds
      cpu time            0.00 seconds



NOTE: There were 1 observations read from the data set WORK._NBOOTS_.
NOTE: DATA statement used (Total process time):
      real time           0.00 seconds
      cpu time            0.00 seconds


NOTE: The quoted string currently being processed has become more than 262 characters long.  You
      might have unbalanced quotation marks.

NOTE: There were 1 observations read from the data set WORK._SEEDS_.
NOTE: DATA statement used (Total process time):
      real time           0.00 seconds
      cpu time            0.01 seconds



NOTE: There were 1 observations read from the data set WORK._NBOOTS_.
NOTE: DATA statement used (Total process time):
      real time           0.00 seconds
      cpu time            0.00 seconds


NOTE: The quoted string currently being processed has become more than 262 characters long.  You
      might have unbalanced quotation marks.

NOTE: There were 1 observations read from the data set WORK._SEEDS_.
NOTE: DATA statement used (Total process time):
      real time           0.00 seconds
      cpu time            0.00 seconds



NOTE: There were 1 observations read from the data set WORK._NBOOTS_.
NOTE: DATA statement used (Total process time):
      real time           0.00 seconds
      cpu time            0.01 seconds


NOTE: The quoted string currently being processed has become more than 262 characters long.  You
      might have unbalanced quotation marks.

NOTE: There were 1 observations read from the data set WORK._SEEDS_.
NOTE: DATA statement used (Total process time):
      real time           0.00 seconds
      cpu time            0.00 seconds



NOTE: There were 1 observations read from the data set WORK._NBOOTS_.
NOTE: DATA statement used (Total process time):
      real time           0.00 seconds
      cpu time            0.01 seconds


NOTE: The quoted string currently being processed has become more than 262 characters long.  You
      might have unbalanced quotation marks.

NOTE: There were 1 observations read from the data set WORK._SEEDS_.
NOTE: DATA statement used (Total process time):
      real time           0.00 seconds
      cpu time            0.00 seconds



NOTE: There were 1 observations read from the data set WORK._NBOOTS_.
NOTE: DATA statement used (Total process time):
      real time           0.00 seconds
      cpu time            0.00 seconds


NOTE: The quoted string currently being processed has become more than 262 characters long.  You
      might have unbalanced quotation marks.
NOTE: Task "task_mytask8" produced no LOG/Output.
NOTE: Task "task_mytask1" produced no LOG/Output.
NOTE: Task "task_mytask3" produced no LOG/Output.
NOTE: Task "task_mytask7" produced no LOG/Output.
NOTE: Task "task_mytask6" produced no LOG/Output.
NOTE: Task "task_mytask5" produced no LOG/Output.
NOTE: Task "task_mytask4" produced no LOG/Output.
230
231  * Results/Notes:
232    - no out folder yet needed
233    - made 8 log files in the root folder with i:8 program_to_boot_log_1.txt
234    -

NOTE: Task "task_mytask2" produced no LOG/Output.
235  *****************************************************************************************
236  DATE CREATED: 3/ 29/ 2023
237
238  PROGRAMMER  : Carter Sevick
239
240  PURPOSE     : combine the parallel process results and analyze
241
242  NOTES       :
243
244  UPDATES     :
245
246  *****************************************************************************************;
247
248  %let projRoot = S:/FHPC/DATA/HCPF_DATA_files_SECURE/Kim/cs_boot;
249
250  * location for bootstrap products ;
251
252  libname dataPro "&projRoot\dataProcessed";
NOTE: Libref DATAPRO was successfully assigned as follows:
      Engine:        V9
      Physical Name: S:\FHPC\DATA\HCPF_DATA_files_SECURE\Kim\cs_boot\dataProcessed
253
254
255  %macro combineAndScore(data= /*list datasets to combine and score*/,
256                         lib = dataPro /*libname for the data location */,
257                         prob= prob_stored_/*prifix of the store objects for the probability
257! model */,
258                         cost= cost_stored_/*prifix of the store objects for the cost model */,
259                         subset= /* subset of the data to score */,
260                         exposure = /* define exposure */,
261                         compare = /* define comparison */,
262                         out = /* name dataset for bootstrap results */
263  );
264
265  %local N_data;
266
267  * count data sets to score ;
268  %let N_data = %sysfunc(countw(&data, %str( )));
269
270  * define exposure groups, score the results and aggregate by boot replicate ;
271  %do i = 1 %to &N_data;
272
273    data _tmp_&i;
274      set &lib..%scan(&data, &i, %str( )) (in = a) &lib..%scan(&data, &i, %str( ));
275      %if %scan(&subset, 1) NE %then %do;
276        where &subset;
277      %end;
278
279      if a then do;
280        _score_group_ = 1;
281        &exposure;
282      end;
283
284      if ^a then do;
285        _score_group_ = 2;
286        &compare;
287      end;
288
289    run;
290
291    * the predictions for util and cost will be made for each person twice, once exposed and once
291!  unexposed;
292    * prob of util ;
293    ods select none;
294    proc plm restore=&lib..&prob&i;
295       score data=_tmp_&i out=p_tmp_&i predicted=pred_prob / ilink;
296    run;
297
298    * predicted cost ;
299    proc plm restore=&lib..&cost&i;
300       score data=p_tmp_&i out=cp_tmp_&i predicted=pred_cost / ilink;
301    run;
302    ods select all;
303
304    * average cost is calculated ;
305    proc sql;
306    create table _calcCost_&i as
307      select  &i as p_set, /* tracker for the parallel run */
308              replicate, _score_group_,  mean(pred_prob*pred_cost) as m_cost
309      from cp_tmp_&i
310      group by p_set, replicate, _score_group_
311      order by p_set, replicate, _score_group_;
312    quit;
313
314  %end;
315
316  * combine the results from each parallel process ;
317  data _allPred_;
318    set _calcCost_:;
319  run;
320
321  * contrast the risk groups ;
322  data &out;
323    merge _allPred_(keep =  m_cost _score_group_  p_set replicate
324                    where = (_score_group_ = 1))
325          _allPred_( keep =  m_cost _score_group_ p_set replicate
326                     rename = (m_cost = m_cost_2)
327                     where = (_score_group_ = 2));
328    by p_set replicate ;
329
330    diff = m_cost - m_cost_2;
331
332    drop _score_group_;
333  run;
334
335  %mend;
336  option mprint;
337
338  * call the MACRO analysis ;
339  %combineAndScore(
340      data= _resample_out_1 _resample_out_2 _resample_out_3 _resample_out_4 _resample_out_5
340! _resample_out_6 _resample_out_7 _resample_out_8/*list datasets to combine and score*/,
341      lib = dataPro /*libname for the data location */,
342      prob= prob_stored_/*prifix of the store objects for the probability model */,
343      cost= cost_stored_/*prifix of the store objects for the cost model */,
344      subset= %str(gender = 1 and pvar = 1)/* subset of the data to score */,
345      exposure = %str(ageEmanc = 20;)/* define exposure */,
346      compare = %str(ageEmanc = 17;)/* define comparison */,
347      out = _diff_
348  );
MPRINT(COMBINEANDSCORE):   * count data sets to score ;
MPRINT(COMBINEANDSCORE):   * define exposure groups, score the results and aggregate by boot
replicate ;
MPRINT(COMBINEANDSCORE):   data _tmp_1;
MPRINT(COMBINEANDSCORE):   set dataPro._resample_out_1 (in = a) dataPro._resample_out_1;
MPRINT(COMBINEANDSCORE):   where gender = 1 and pvar = 1;
MPRINT(COMBINEANDSCORE):   if a then do;
MPRINT(COMBINEANDSCORE):   _score_group_ = 1;
MPRINT(COMBINEANDSCORE):   ageEmanc = 20;
MPRINT(COMBINEANDSCORE):  ;
MPRINT(COMBINEANDSCORE):   end;
MPRINT(COMBINEANDSCORE):   if ^a then do;
MPRINT(COMBINEANDSCORE):   _score_group_ = 2;
MPRINT(COMBINEANDSCORE):   ageEmanc = 17;
MPRINT(COMBINEANDSCORE):  ;
MPRINT(COMBINEANDSCORE):   end;
MPRINT(COMBINEANDSCORE):   run;

NOTE: There were 68696 observations read from the data set DATAPRO._RESAMPLE_OUT_1.
      WHERE (gender=1) and (pvar=1);
NOTE: There were 68696 observations read from the data set DATAPRO._RESAMPLE_OUT_1.
      WHERE (gender=1) and (pvar=1);
NOTE: The data set WORK._TMP_1 has 137392 observations and 18 variables.
NOTE: DATA statement used (Total process time):
      real time           0.31 seconds
      cpu time            0.06 seconds


MPRINT(COMBINEANDSCORE):   * the predictions for util and cost will be made for each person twice,
once exposed and once unexposed;
MPRINT(COMBINEANDSCORE):   * prob of util ;
MPRINT(COMBINEANDSCORE):   ods select none;
WARNING: The SAS/STAT product with which PLM is associated will be expiring soon, and is currently
         in warning mode to indicate this upcoming expiration. Please run PROC SETINIT to obtain
         more information on your warning period.
NOTE: Writing HTML Body file: sashtml.htm
MPRINT(COMBINEANDSCORE):   proc plm restore=dataPro.prob_stored_1;
MPRINT(COMBINEANDSCORE):   score data=_tmp_1 out=p_tmp_1 predicted=pred_prob / ilink;
MPRINT(COMBINEANDSCORE):   run;

NOTE: The data set WORK.P_TMP_1 has 137392 observations and 19 variables.
NOTE: PROCEDURE PLM used (Total process time):
      real time           0.54 seconds
      cpu time            0.40 seconds


MPRINT(COMBINEANDSCORE):   * predicted cost ;
MPRINT(COMBINEANDSCORE):   proc plm restore=dataPro.cost_stored_1;
MPRINT(COMBINEANDSCORE):   score data=p_tmp_1 out=cp_tmp_1 predicted=pred_cost / ilink;
MPRINT(COMBINEANDSCORE):   run;

NOTE: The data set WORK.CP_TMP_1 has 137392 observations and 20 variables.
NOTE: PROCEDURE PLM used (Total process time):
      real time           0.22 seconds
      cpu time            0.17 seconds


MPRINT(COMBINEANDSCORE):   ods select all;
MPRINT(COMBINEANDSCORE):   * average cost is calculated ;
MPRINT(COMBINEANDSCORE):   proc sql;
MPRINT(COMBINEANDSCORE):   create table _calcCost_1 as select 1 as p_set, replicate, _score_group_,
mean(pred_prob*pred_cost) as m_cost from cp_tmp_1 group by p_set, replicate, _score_group_ order by
p_set, replicate, _score_group_;
NOTE: At least one nonessential grouping column reference has been removed from a GROUP BY's
      reference list.
NOTE: At least one nonessential ordering column reference has been removed from an ORDER BY's
      reference list.
NOTE: Table WORK._CALCCOST_1 created, with 126 rows and 4 columns.

MPRINT(COMBINEANDSCORE):   quit;
NOTE: PROCEDURE SQL used (Total process time):
      real time           0.05 seconds
      cpu time            0.06 seconds


MPRINT(COMBINEANDSCORE):   data _tmp_2;
MPRINT(COMBINEANDSCORE):   set dataPro._resample_out_2 (in = a) dataPro._resample_out_2;
MPRINT(COMBINEANDSCORE):   where gender = 1 and pvar = 1;
MPRINT(COMBINEANDSCORE):   if a then do;
MPRINT(COMBINEANDSCORE):   _score_group_ = 1;
MPRINT(COMBINEANDSCORE):   ageEmanc = 20;
MPRINT(COMBINEANDSCORE):  ;
MPRINT(COMBINEANDSCORE):   end;
MPRINT(COMBINEANDSCORE):   if ^a then do;
MPRINT(COMBINEANDSCORE):   _score_group_ = 2;
MPRINT(COMBINEANDSCORE):   ageEmanc = 17;
MPRINT(COMBINEANDSCORE):  ;
MPRINT(COMBINEANDSCORE):   end;
MPRINT(COMBINEANDSCORE):   run;

NOTE: There were 68688 observations read from the data set DATAPRO._RESAMPLE_OUT_2.
      WHERE (gender=1) and (pvar=1);
NOTE: There were 68688 observations read from the data set DATAPRO._RESAMPLE_OUT_2.
      WHERE (gender=1) and (pvar=1);
NOTE: The data set WORK._TMP_2 has 137376 observations and 18 variables.
NOTE: DATA statement used (Total process time):
      real time           0.31 seconds
      cpu time            0.03 seconds


MPRINT(COMBINEANDSCORE):   * the predictions for util and cost will be made for each person twice,
once exposed and once unexposed;
MPRINT(COMBINEANDSCORE):   * prob of util ;
MPRINT(COMBINEANDSCORE):   ods select none;
MPRINT(COMBINEANDSCORE):   proc plm restore=dataPro.prob_stored_2;
MPRINT(COMBINEANDSCORE):   score data=_tmp_2 out=p_tmp_2 predicted=pred_prob / ilink;
MPRINT(COMBINEANDSCORE):   run;

NOTE: The data set WORK.P_TMP_2 has 137376 observations and 19 variables.
NOTE: PROCEDURE PLM used (Total process time):
      real time           0.24 seconds
      cpu time            0.21 seconds


MPRINT(COMBINEANDSCORE):   * predicted cost ;
MPRINT(COMBINEANDSCORE):   proc plm restore=dataPro.cost_stored_2;
MPRINT(COMBINEANDSCORE):   score data=p_tmp_2 out=cp_tmp_2 predicted=pred_cost / ilink;
MPRINT(COMBINEANDSCORE):   run;

NOTE: The data set WORK.CP_TMP_2 has 137376 observations and 20 variables.
NOTE: PROCEDURE PLM used (Total process time):
      real time           0.23 seconds
      cpu time            0.17 seconds


MPRINT(COMBINEANDSCORE):   ods select all;
MPRINT(COMBINEANDSCORE):   * average cost is calculated ;
MPRINT(COMBINEANDSCORE):   proc sql;
MPRINT(COMBINEANDSCORE):   create table _calcCost_2 as select 2 as p_set, replicate, _score_group_,
mean(pred_prob*pred_cost) as m_cost from cp_tmp_2 group by p_set, replicate, _score_group_ order by
p_set, replicate, _score_group_;
NOTE: At least one nonessential grouping column reference has been removed from a GROUP BY's
      reference list.
NOTE: At least one nonessential ordering column reference has been removed from an ORDER BY's
      reference list.
NOTE: Table WORK._CALCCOST_2 created, with 126 rows and 4 columns.

MPRINT(COMBINEANDSCORE):   quit;
NOTE: PROCEDURE SQL used (Total process time):
      real time           0.04 seconds
      cpu time            0.04 seconds


MPRINT(COMBINEANDSCORE):   data _tmp_3;
MPRINT(COMBINEANDSCORE):   set dataPro._resample_out_3 (in = a) dataPro._resample_out_3;
MPRINT(COMBINEANDSCORE):   where gender = 1 and pvar = 1;
MPRINT(COMBINEANDSCORE):   if a then do;
MPRINT(COMBINEANDSCORE):   _score_group_ = 1;
MPRINT(COMBINEANDSCORE):   ageEmanc = 20;
MPRINT(COMBINEANDSCORE):  ;
MPRINT(COMBINEANDSCORE):   end;
MPRINT(COMBINEANDSCORE):   if ^a then do;
MPRINT(COMBINEANDSCORE):   _score_group_ = 2;
MPRINT(COMBINEANDSCORE):   ageEmanc = 17;
MPRINT(COMBINEANDSCORE):  ;
MPRINT(COMBINEANDSCORE):   end;
MPRINT(COMBINEANDSCORE):   run;

NOTE: There were 67208 observations read from the data set DATAPRO._RESAMPLE_OUT_3.
      WHERE (gender=1) and (pvar=1);
NOTE: There were 67208 observations read from the data set DATAPRO._RESAMPLE_OUT_3.
      WHERE (gender=1) and (pvar=1);
NOTE: The data set WORK._TMP_3 has 134416 observations and 18 variables.
NOTE: DATA statement used (Total process time):
      real time           0.33 seconds
      cpu time            0.01 seconds


MPRINT(COMBINEANDSCORE):   * the predictions for util and cost will be made for each person twice,
once exposed and once unexposed;
MPRINT(COMBINEANDSCORE):   * prob of util ;
MPRINT(COMBINEANDSCORE):   ods select none;
MPRINT(COMBINEANDSCORE):   proc plm restore=dataPro.prob_stored_3;
MPRINT(COMBINEANDSCORE):   score data=_tmp_3 out=p_tmp_3 predicted=pred_prob / ilink;
MPRINT(COMBINEANDSCORE):   run;

NOTE: The data set WORK.P_TMP_3 has 134416 observations and 19 variables.
NOTE: PROCEDURE PLM used (Total process time):
      real time           0.23 seconds
      cpu time            0.18 seconds


MPRINT(COMBINEANDSCORE):   * predicted cost ;
MPRINT(COMBINEANDSCORE):   proc plm restore=dataPro.cost_stored_3;
MPRINT(COMBINEANDSCORE):   score data=p_tmp_3 out=cp_tmp_3 predicted=pred_cost / ilink;
MPRINT(COMBINEANDSCORE):   run;

NOTE: The data set WORK.CP_TMP_3 has 134416 observations and 20 variables.
NOTE: PROCEDURE PLM used (Total process time):
      real time           0.22 seconds
      cpu time            0.17 seconds


MPRINT(COMBINEANDSCORE):   ods select all;
MPRINT(COMBINEANDSCORE):   * average cost is calculated ;
MPRINT(COMBINEANDSCORE):   proc sql;
MPRINT(COMBINEANDSCORE):   create table _calcCost_3 as select 3 as p_set, replicate, _score_group_,
mean(pred_prob*pred_cost) as m_cost from cp_tmp_3 group by p_set, replicate, _score_group_ order by
p_set, replicate, _score_group_;
NOTE: At least one nonessential grouping column reference has been removed from a GROUP BY's
      reference list.
NOTE: At least one nonessential ordering column reference has been removed from an ORDER BY's
      reference list.
NOTE: Table WORK._CALCCOST_3 created, with 126 rows and 4 columns.

MPRINT(COMBINEANDSCORE):   quit;
NOTE: PROCEDURE SQL used (Total process time):
      real time           0.04 seconds
      cpu time            0.04 seconds


MPRINT(COMBINEANDSCORE):   data _tmp_4;
MPRINT(COMBINEANDSCORE):   set dataPro._resample_out_4 (in = a) dataPro._resample_out_4;
MPRINT(COMBINEANDSCORE):   where gender = 1 and pvar = 1;
MPRINT(COMBINEANDSCORE):   if a then do;
MPRINT(COMBINEANDSCORE):   _score_group_ = 1;
MPRINT(COMBINEANDSCORE):   ageEmanc = 20;
MPRINT(COMBINEANDSCORE):  ;
MPRINT(COMBINEANDSCORE):   end;
MPRINT(COMBINEANDSCORE):   if ^a then do;
MPRINT(COMBINEANDSCORE):   _score_group_ = 2;
MPRINT(COMBINEANDSCORE):   ageEmanc = 17;
MPRINT(COMBINEANDSCORE):  ;
MPRINT(COMBINEANDSCORE):   end;
MPRINT(COMBINEANDSCORE):   run;

NOTE: There were 67813 observations read from the data set DATAPRO._RESAMPLE_OUT_4.
      WHERE (gender=1) and (pvar=1);
NOTE: There were 67813 observations read from the data set DATAPRO._RESAMPLE_OUT_4.
      WHERE (gender=1) and (pvar=1);
NOTE: The data set WORK._TMP_4 has 135626 observations and 18 variables.
NOTE: DATA statement used (Total process time):
      real time           0.31 seconds
      cpu time            0.06 seconds


MPRINT(COMBINEANDSCORE):   * the predictions for util and cost will be made for each person twice,
once exposed and once unexposed;
MPRINT(COMBINEANDSCORE):   * prob of util ;
MPRINT(COMBINEANDSCORE):   ods select none;
MPRINT(COMBINEANDSCORE):   proc plm restore=dataPro.prob_stored_4;
MPRINT(COMBINEANDSCORE):   score data=_tmp_4 out=p_tmp_4 predicted=pred_prob / ilink;
MPRINT(COMBINEANDSCORE):   run;

NOTE: The data set WORK.P_TMP_4 has 135626 observations and 19 variables.
NOTE: PROCEDURE PLM used (Total process time):
      real time           0.25 seconds
      cpu time            0.21 seconds


MPRINT(COMBINEANDSCORE):   * predicted cost ;
MPRINT(COMBINEANDSCORE):   proc plm restore=dataPro.cost_stored_4;
MPRINT(COMBINEANDSCORE):   score data=p_tmp_4 out=cp_tmp_4 predicted=pred_cost / ilink;
MPRINT(COMBINEANDSCORE):   run;

NOTE: The data set WORK.CP_TMP_4 has 135626 observations and 20 variables.
NOTE: PROCEDURE PLM used (Total process time):
      real time           0.23 seconds
      cpu time            0.17 seconds


MPRINT(COMBINEANDSCORE):   ods select all;
MPRINT(COMBINEANDSCORE):   * average cost is calculated ;
MPRINT(COMBINEANDSCORE):   proc sql;
MPRINT(COMBINEANDSCORE):   create table _calcCost_4 as select 4 as p_set, replicate, _score_group_,
mean(pred_prob*pred_cost) as m_cost from cp_tmp_4 group by p_set, replicate, _score_group_ order by
p_set, replicate, _score_group_;
NOTE: At least one nonessential grouping column reference has been removed from a GROUP BY's
      reference list.
NOTE: At least one nonessential ordering column reference has been removed from an ORDER BY's
      reference list.
NOTE: Table WORK._CALCCOST_4 created, with 126 rows and 4 columns.

MPRINT(COMBINEANDSCORE):   quit;
NOTE: PROCEDURE SQL used (Total process time):
      real time           0.04 seconds
      cpu time            0.06 seconds


MPRINT(COMBINEANDSCORE):   data _tmp_5;
MPRINT(COMBINEANDSCORE):   set dataPro._resample_out_5 (in = a) dataPro._resample_out_5;
MPRINT(COMBINEANDSCORE):   where gender = 1 and pvar = 1;
MPRINT(COMBINEANDSCORE):   if a then do;
MPRINT(COMBINEANDSCORE):   _score_group_ = 1;
MPRINT(COMBINEANDSCORE):   ageEmanc = 20;
MPRINT(COMBINEANDSCORE):  ;
MPRINT(COMBINEANDSCORE):   end;
MPRINT(COMBINEANDSCORE):   if ^a then do;
MPRINT(COMBINEANDSCORE):   _score_group_ = 2;
MPRINT(COMBINEANDSCORE):   ageEmanc = 17;
MPRINT(COMBINEANDSCORE):  ;
MPRINT(COMBINEANDSCORE):   end;
MPRINT(COMBINEANDSCORE):   run;

NOTE: There were 68767 observations read from the data set DATAPRO._RESAMPLE_OUT_5.
      WHERE (gender=1) and (pvar=1);
NOTE: There were 68767 observations read from the data set DATAPRO._RESAMPLE_OUT_5.
      WHERE (gender=1) and (pvar=1);
NOTE: The data set WORK._TMP_5 has 137534 observations and 18 variables.
NOTE: DATA statement used (Total process time):
      real time           0.31 seconds
      cpu time            0.06 seconds


MPRINT(COMBINEANDSCORE):   * the predictions for util and cost will be made for each person twice,
once exposed and once unexposed;
MPRINT(COMBINEANDSCORE):   * prob of util ;
MPRINT(COMBINEANDSCORE):   ods select none;
MPRINT(COMBINEANDSCORE):   proc plm restore=dataPro.prob_stored_5;
MPRINT(COMBINEANDSCORE):   score data=_tmp_5 out=p_tmp_5 predicted=pred_prob / ilink;
MPRINT(COMBINEANDSCORE):   run;

NOTE: The data set WORK.P_TMP_5 has 137534 observations and 19 variables.
NOTE: PROCEDURE PLM used (Total process time):
      real time           0.23 seconds
      cpu time            0.20 seconds


MPRINT(COMBINEANDSCORE):   * predicted cost ;
MPRINT(COMBINEANDSCORE):   proc plm restore=dataPro.cost_stored_5;
MPRINT(COMBINEANDSCORE):   score data=p_tmp_5 out=cp_tmp_5 predicted=pred_cost / ilink;
MPRINT(COMBINEANDSCORE):   run;

NOTE: The data set WORK.CP_TMP_5 has 137534 observations and 20 variables.
NOTE: PROCEDURE PLM used (Total process time):
      real time           0.22 seconds
      cpu time            0.18 seconds


MPRINT(COMBINEANDSCORE):   ods select all;
MPRINT(COMBINEANDSCORE):   * average cost is calculated ;
MPRINT(COMBINEANDSCORE):   proc sql;
MPRINT(COMBINEANDSCORE):   create table _calcCost_5 as select 5 as p_set, replicate, _score_group_,
mean(pred_prob*pred_cost) as m_cost from cp_tmp_5 group by p_set, replicate, _score_group_ order by
p_set, replicate, _score_group_;
NOTE: At least one nonessential grouping column reference has been removed from a GROUP BY's
      reference list.
NOTE: At least one nonessential ordering column reference has been removed from an ORDER BY's
      reference list.
NOTE: Table WORK._CALCCOST_5 created, with 126 rows and 4 columns.

MPRINT(COMBINEANDSCORE):   quit;
NOTE: PROCEDURE SQL used (Total process time):
      real time           0.04 seconds
      cpu time            0.06 seconds


MPRINT(COMBINEANDSCORE):   data _tmp_6;
MPRINT(COMBINEANDSCORE):   set dataPro._resample_out_6 (in = a) dataPro._resample_out_6;
MPRINT(COMBINEANDSCORE):   where gender = 1 and pvar = 1;
MPRINT(COMBINEANDSCORE):   if a then do;
MPRINT(COMBINEANDSCORE):   _score_group_ = 1;
MPRINT(COMBINEANDSCORE):   ageEmanc = 20;
MPRINT(COMBINEANDSCORE):  ;
MPRINT(COMBINEANDSCORE):   end;
MPRINT(COMBINEANDSCORE):   if ^a then do;
MPRINT(COMBINEANDSCORE):   _score_group_ = 2;
MPRINT(COMBINEANDSCORE):   ageEmanc = 17;
MPRINT(COMBINEANDSCORE):  ;
MPRINT(COMBINEANDSCORE):   end;
MPRINT(COMBINEANDSCORE):   run;

NOTE: There were 67488 observations read from the data set DATAPRO._RESAMPLE_OUT_6.
      WHERE (gender=1) and (pvar=1);
NOTE: There were 67488 observations read from the data set DATAPRO._RESAMPLE_OUT_6.
      WHERE (gender=1) and (pvar=1);
NOTE: The data set WORK._TMP_6 has 134976 observations and 18 variables.
NOTE: DATA statement used (Total process time):
      real time           0.31 seconds
      cpu time            0.04 seconds


MPRINT(COMBINEANDSCORE):   * the predictions for util and cost will be made for each person twice,
once exposed and once unexposed;
MPRINT(COMBINEANDSCORE):   * prob of util ;
MPRINT(COMBINEANDSCORE):   ods select none;
MPRINT(COMBINEANDSCORE):   proc plm restore=dataPro.prob_stored_6;
MPRINT(COMBINEANDSCORE):   score data=_tmp_6 out=p_tmp_6 predicted=pred_prob / ilink;
MPRINT(COMBINEANDSCORE):   run;

NOTE: The data set WORK.P_TMP_6 has 134976 observations and 19 variables.
NOTE: PROCEDURE PLM used (Total process time):
      real time           0.24 seconds
      cpu time            0.23 seconds


MPRINT(COMBINEANDSCORE):   * predicted cost ;
MPRINT(COMBINEANDSCORE):   proc plm restore=dataPro.cost_stored_6;
MPRINT(COMBINEANDSCORE):   score data=p_tmp_6 out=cp_tmp_6 predicted=pred_cost / ilink;
MPRINT(COMBINEANDSCORE):   run;

NOTE: The data set WORK.CP_TMP_6 has 134976 observations and 20 variables.
NOTE: PROCEDURE PLM used (Total process time):
      real time           0.22 seconds
      cpu time            0.20 seconds


MPRINT(COMBINEANDSCORE):   ods select all;
MPRINT(COMBINEANDSCORE):   * average cost is calculated ;
MPRINT(COMBINEANDSCORE):   proc sql;
MPRINT(COMBINEANDSCORE):   create table _calcCost_6 as select 6 as p_set, replicate, _score_group_,
mean(pred_prob*pred_cost) as m_cost from cp_tmp_6 group by p_set, replicate, _score_group_ order by
p_set, replicate, _score_group_;
NOTE: At least one nonessential grouping column reference has been removed from a GROUP BY's
      reference list.
NOTE: At least one nonessential ordering column reference has been removed from an ORDER BY's
      reference list.
NOTE: Table WORK._CALCCOST_6 created, with 126 rows and 4 columns.

MPRINT(COMBINEANDSCORE):   quit;
NOTE: PROCEDURE SQL used (Total process time):
      real time           0.04 seconds
      cpu time            0.07 seconds


MPRINT(COMBINEANDSCORE):   data _tmp_7;
MPRINT(COMBINEANDSCORE):   set dataPro._resample_out_7 (in = a) dataPro._resample_out_7;
MPRINT(COMBINEANDSCORE):   where gender = 1 and pvar = 1;
MPRINT(COMBINEANDSCORE):   if a then do;
MPRINT(COMBINEANDSCORE):   _score_group_ = 1;
MPRINT(COMBINEANDSCORE):   ageEmanc = 20;
MPRINT(COMBINEANDSCORE):  ;
MPRINT(COMBINEANDSCORE):   end;
MPRINT(COMBINEANDSCORE):   if ^a then do;
MPRINT(COMBINEANDSCORE):   _score_group_ = 2;
MPRINT(COMBINEANDSCORE):   ageEmanc = 17;
MPRINT(COMBINEANDSCORE):  ;
MPRINT(COMBINEANDSCORE):   end;
MPRINT(COMBINEANDSCORE):   run;

NOTE: There were 67408 observations read from the data set DATAPRO._RESAMPLE_OUT_7.
      WHERE (gender=1) and (pvar=1);
NOTE: There were 67408 observations read from the data set DATAPRO._RESAMPLE_OUT_7.
      WHERE (gender=1) and (pvar=1);
NOTE: The data set WORK._TMP_7 has 134816 observations and 18 variables.
NOTE: DATA statement used (Total process time):
      real time           0.33 seconds
      cpu time            0.04 seconds


MPRINT(COMBINEANDSCORE):   * the predictions for util and cost will be made for each person twice,
once exposed and once unexposed;
MPRINT(COMBINEANDSCORE):   * prob of util ;
MPRINT(COMBINEANDSCORE):   ods select none;
MPRINT(COMBINEANDSCORE):   proc plm restore=dataPro.prob_stored_7;
MPRINT(COMBINEANDSCORE):   score data=_tmp_7 out=p_tmp_7 predicted=pred_prob / ilink;
MPRINT(COMBINEANDSCORE):   run;

NOTE: The data set WORK.P_TMP_7 has 134816 observations and 19 variables.
NOTE: PROCEDURE PLM used (Total process time):
      real time           0.24 seconds
      cpu time            0.18 seconds


MPRINT(COMBINEANDSCORE):   * predicted cost ;
MPRINT(COMBINEANDSCORE):   proc plm restore=dataPro.cost_stored_7;
MPRINT(COMBINEANDSCORE):   score data=p_tmp_7 out=cp_tmp_7 predicted=pred_cost / ilink;
MPRINT(COMBINEANDSCORE):   run;

NOTE: The data set WORK.CP_TMP_7 has 134816 observations and 20 variables.
NOTE: PROCEDURE PLM used (Total process time):
      real time           0.22 seconds
      cpu time            0.17 seconds


MPRINT(COMBINEANDSCORE):   ods select all;
MPRINT(COMBINEANDSCORE):   * average cost is calculated ;
MPRINT(COMBINEANDSCORE):   proc sql;
MPRINT(COMBINEANDSCORE):   create table _calcCost_7 as select 7 as p_set, replicate, _score_group_,
mean(pred_prob*pred_cost) as m_cost from cp_tmp_7 group by p_set, replicate, _score_group_ order by
p_set, replicate, _score_group_;
NOTE: At least one nonessential grouping column reference has been removed from a GROUP BY's
      reference list.
NOTE: At least one nonessential ordering column reference has been removed from an ORDER BY's
      reference list.
NOTE: Table WORK._CALCCOST_7 created, with 126 rows and 4 columns.

MPRINT(COMBINEANDSCORE):   quit;
NOTE: PROCEDURE SQL used (Total process time):
      real time           0.04 seconds
      cpu time            0.06 seconds


MPRINT(COMBINEANDSCORE):   data _tmp_8;
MPRINT(COMBINEANDSCORE):   set dataPro._resample_out_8 (in = a) dataPro._resample_out_8;
MPRINT(COMBINEANDSCORE):   where gender = 1 and pvar = 1;
MPRINT(COMBINEANDSCORE):   if a then do;
MPRINT(COMBINEANDSCORE):   _score_group_ = 1;
MPRINT(COMBINEANDSCORE):   ageEmanc = 20;
MPRINT(COMBINEANDSCORE):  ;
MPRINT(COMBINEANDSCORE):   end;
MPRINT(COMBINEANDSCORE):   if ^a then do;
MPRINT(COMBINEANDSCORE):   _score_group_ = 2;
MPRINT(COMBINEANDSCORE):   ageEmanc = 17;
MPRINT(COMBINEANDSCORE):  ;
MPRINT(COMBINEANDSCORE):   end;
MPRINT(COMBINEANDSCORE):   run;

NOTE: There were 64225 observations read from the data set DATAPRO._RESAMPLE_OUT_8.
      WHERE (gender=1) and (pvar=1);
NOTE: There were 64225 observations read from the data set DATAPRO._RESAMPLE_OUT_8.
      WHERE (gender=1) and (pvar=1);
NOTE: The data set WORK._TMP_8 has 128450 observations and 18 variables.
NOTE: DATA statement used (Total process time):
      real time           0.30 seconds
      cpu time            0.03 seconds


MPRINT(COMBINEANDSCORE):   * the predictions for util and cost will be made for each person twice,
once exposed and once unexposed;
MPRINT(COMBINEANDSCORE):   * prob of util ;
MPRINT(COMBINEANDSCORE):   ods select none;
MPRINT(COMBINEANDSCORE):   proc plm restore=dataPro.prob_stored_8;
MPRINT(COMBINEANDSCORE):   score data=_tmp_8 out=p_tmp_8 predicted=pred_prob / ilink;
MPRINT(COMBINEANDSCORE):   run;

NOTE: The data set WORK.P_TMP_8 has 128450 observations and 19 variables.
NOTE: PROCEDURE PLM used (Total process time):
      real time           0.23 seconds
      cpu time            0.17 seconds


MPRINT(COMBINEANDSCORE):   * predicted cost ;
MPRINT(COMBINEANDSCORE):   proc plm restore=dataPro.cost_stored_8;
MPRINT(COMBINEANDSCORE):   score data=p_tmp_8 out=cp_tmp_8 predicted=pred_cost / ilink;
MPRINT(COMBINEANDSCORE):   run;

NOTE: The data set WORK.CP_TMP_8 has 128450 observations and 20 variables.
NOTE: PROCEDURE PLM used (Total process time):
      real time           0.21 seconds
      cpu time            0.17 seconds


MPRINT(COMBINEANDSCORE):   ods select all;
MPRINT(COMBINEANDSCORE):   * average cost is calculated ;
MPRINT(COMBINEANDSCORE):   proc sql;
MPRINT(COMBINEANDSCORE):   create table _calcCost_8 as select 8 as p_set, replicate, _score_group_,
mean(pred_prob*pred_cost) as m_cost from cp_tmp_8 group by p_set, replicate, _score_group_ order by
p_set, replicate, _score_group_;
NOTE: At least one nonessential grouping column reference has been removed from a GROUP BY's
      reference list.
NOTE: At least one nonessential ordering column reference has been removed from an ORDER BY's
      reference list.
NOTE: Table WORK._CALCCOST_8 created, with 118 rows and 4 columns.

MPRINT(COMBINEANDSCORE):   quit;
NOTE: PROCEDURE SQL used (Total process time):
      real time           0.04 seconds
      cpu time            0.06 seconds


MPRINT(COMBINEANDSCORE):   * combine the results from each parallel process ;
MPRINT(COMBINEANDSCORE):   data _allPred_;
MPRINT(COMBINEANDSCORE):   set _calcCost_:;
MPRINT(COMBINEANDSCORE):   run;

NOTE: There were 126 observations read from the data set WORK._CALCCOST_1.
NOTE: There were 126 observations read from the data set WORK._CALCCOST_2.
NOTE: There were 126 observations read from the data set WORK._CALCCOST_3.
NOTE: There were 126 observations read from the data set WORK._CALCCOST_4.
NOTE: There were 126 observations read from the data set WORK._CALCCOST_5.
NOTE: There were 126 observations read from the data set WORK._CALCCOST_6.
NOTE: There were 126 observations read from the data set WORK._CALCCOST_7.
NOTE: There were 118 observations read from the data set WORK._CALCCOST_8.
NOTE: The data set WORK._ALLPRED_ has 1000 observations and 4 variables.
NOTE: DATA statement used (Total process time):
      real time           0.01 seconds
      cpu time            0.01 seconds


MPRINT(COMBINEANDSCORE):   * contrast the risk groups ;
MPRINT(COMBINEANDSCORE):   data _diff_;
MPRINT(COMBINEANDSCORE):   merge _allPred_(keep = m_cost _score_group_ p_set replicate where =
(_score_group_ = 1)) _allPred_( keep = m_cost _score_group_ p_set replicate rename = (m_cost =
m_cost_2) where = (_score_group_ = 2));
MPRINT(COMBINEANDSCORE):   by p_set replicate ;
MPRINT(COMBINEANDSCORE):   diff = m_cost - m_cost_2;
MPRINT(COMBINEANDSCORE):   drop _score_group_;
MPRINT(COMBINEANDSCORE):   run;

NOTE: There were 500 observations read from the data set WORK._ALLPRED_.
      WHERE _score_group_=1;
NOTE: There were 500 observations read from the data set WORK._ALLPRED_.
      WHERE _score_group_=2;
NOTE: The data set WORK._DIFF_ has 500 observations and 5 variables.
NOTE: DATA statement used (Total process time):
      real time           0.00 seconds
      cpu time            0.01 seconds


349
350
351  %combineAndScore(
352      data= _resample_out_1 _resample_out_2 _resample_out_3 _resample_out_4 _resample_out_5
352! _resample_out_6 _resample_out_7 _resample_out_8/*list datasets to combine and score*/,
353      lib = dataPro /*libname for the data location */,
354      prob= prob_stored_/*prifix of the store objects for the probability model */,
355      cost= cost_stored_/*prifix of the store objects for the cost model */,
356      subset= %str(gender = 1 and pvar = 1)/* subset of the data to score */,
357      exposure = %str(pmca_cat = 3;)/* define exposure */,
MPRINT(COMBINEANDSCORE):   * count data sets to score ;
358      compare = %str(pmca_cat = 2;)/* define comparison */,
359      out = _diff_
360  );
MPRINT(COMBINEANDSCORE):   * define exposure groups, score the results and aggregate by boot
replicate ;
MPRINT(COMBINEANDSCORE):   data _tmp_1;
MPRINT(COMBINEANDSCORE):   set dataPro._resample_out_1 (in = a) dataPro._resample_out_1;
MPRINT(COMBINEANDSCORE):   where gender = 1 and pvar = 1;
MPRINT(COMBINEANDSCORE):   if a then do;
MPRINT(COMBINEANDSCORE):   _score_group_ = 1;
MPRINT(COMBINEANDSCORE):   pmca_cat = 3;
MPRINT(COMBINEANDSCORE):  ;
MPRINT(COMBINEANDSCORE):   end;
MPRINT(COMBINEANDSCORE):   if ^a then do;
MPRINT(COMBINEANDSCORE):   _score_group_ = 2;
MPRINT(COMBINEANDSCORE):   pmca_cat = 2;
MPRINT(COMBINEANDSCORE):  ;
MPRINT(COMBINEANDSCORE):   end;
MPRINT(COMBINEANDSCORE):   run;

NOTE: There were 68696 observations read from the data set DATAPRO._RESAMPLE_OUT_1.
      WHERE (gender=1) and (pvar=1);
NOTE: There were 68696 observations read from the data set DATAPRO._RESAMPLE_OUT_1.
      WHERE (gender=1) and (pvar=1);
NOTE: The data set WORK._TMP_1 has 137392 observations and 18 variables.
NOTE: DATA statement used (Total process time):
      real time           0.05 seconds
      cpu time            0.04 seconds


MPRINT(COMBINEANDSCORE):   * the predictions for util and cost will be made for each person twice,
once exposed and once unexposed;
MPRINT(COMBINEANDSCORE):   * prob of util ;
MPRINT(COMBINEANDSCORE):   ods select none;
MPRINT(COMBINEANDSCORE):   proc plm restore=dataPro.prob_stored_1;
MPRINT(COMBINEANDSCORE):   score data=_tmp_1 out=p_tmp_1 predicted=pred_prob / ilink;
MPRINT(COMBINEANDSCORE):   run;

NOTE: The data set WORK.P_TMP_1 has 137392 observations and 19 variables.
NOTE: PROCEDURE PLM used (Total process time):
      real time           0.21 seconds
      cpu time            0.18 seconds


MPRINT(COMBINEANDSCORE):   * predicted cost ;
MPRINT(COMBINEANDSCORE):   proc plm restore=dataPro.cost_stored_1;
MPRINT(COMBINEANDSCORE):   score data=p_tmp_1 out=cp_tmp_1 predicted=pred_cost / ilink;
MPRINT(COMBINEANDSCORE):   run;

NOTE: The data set WORK.CP_TMP_1 has 137392 observations and 20 variables.
NOTE: PROCEDURE PLM used (Total process time):
      real time           0.20 seconds
      cpu time            0.17 seconds


MPRINT(COMBINEANDSCORE):   ods select all;
MPRINT(COMBINEANDSCORE):   * average cost is calculated ;
MPRINT(COMBINEANDSCORE):   proc sql;
MPRINT(COMBINEANDSCORE):   create table _calcCost_1 as select 1 as p_set, replicate, _score_group_,
mean(pred_prob*pred_cost) as m_cost from cp_tmp_1 group by p_set, replicate, _score_group_ order by
p_set, replicate, _score_group_;
NOTE: At least one nonessential grouping column reference has been removed from a GROUP BY's
      reference list.
NOTE: At least one nonessential ordering column reference has been removed from an ORDER BY's
      reference list.
NOTE: Table WORK._CALCCOST_1 created, with 126 rows and 4 columns.

MPRINT(COMBINEANDSCORE):   quit;
NOTE: PROCEDURE SQL used (Total process time):
      real time           0.04 seconds
      cpu time            0.04 seconds


MPRINT(COMBINEANDSCORE):   data _tmp_2;
MPRINT(COMBINEANDSCORE):   set dataPro._resample_out_2 (in = a) dataPro._resample_out_2;
MPRINT(COMBINEANDSCORE):   where gender = 1 and pvar = 1;
MPRINT(COMBINEANDSCORE):   if a then do;
MPRINT(COMBINEANDSCORE):   _score_group_ = 1;
MPRINT(COMBINEANDSCORE):   pmca_cat = 3;
MPRINT(COMBINEANDSCORE):  ;
MPRINT(COMBINEANDSCORE):   end;
MPRINT(COMBINEANDSCORE):   if ^a then do;
MPRINT(COMBINEANDSCORE):   _score_group_ = 2;
MPRINT(COMBINEANDSCORE):   pmca_cat = 2;
MPRINT(COMBINEANDSCORE):  ;
MPRINT(COMBINEANDSCORE):   end;
MPRINT(COMBINEANDSCORE):   run;

NOTE: There were 68688 observations read from the data set DATAPRO._RESAMPLE_OUT_2.
      WHERE (gender=1) and (pvar=1);
NOTE: There were 68688 observations read from the data set DATAPRO._RESAMPLE_OUT_2.
      WHERE (gender=1) and (pvar=1);
NOTE: The data set WORK._TMP_2 has 137376 observations and 18 variables.
NOTE: DATA statement used (Total process time):
      real time           0.05 seconds
      cpu time            0.04 seconds


MPRINT(COMBINEANDSCORE):   * the predictions for util and cost will be made for each person twice,
once exposed and once unexposed;
MPRINT(COMBINEANDSCORE):   * prob of util ;
MPRINT(COMBINEANDSCORE):   ods select none;
MPRINT(COMBINEANDSCORE):   proc plm restore=dataPro.prob_stored_2;
MPRINT(COMBINEANDSCORE):   score data=_tmp_2 out=p_tmp_2 predicted=pred_prob / ilink;
MPRINT(COMBINEANDSCORE):   run;

NOTE: The data set WORK.P_TMP_2 has 137376 observations and 19 variables.
NOTE: PROCEDURE PLM used (Total process time):
      real time           0.20 seconds
      cpu time            0.18 seconds


MPRINT(COMBINEANDSCORE):   * predicted cost ;
MPRINT(COMBINEANDSCORE):   proc plm restore=dataPro.cost_stored_2;
MPRINT(COMBINEANDSCORE):   score data=p_tmp_2 out=cp_tmp_2 predicted=pred_cost / ilink;
MPRINT(COMBINEANDSCORE):   run;

NOTE: The data set WORK.CP_TMP_2 has 137376 observations and 20 variables.
NOTE: PROCEDURE PLM used (Total process time):
      real time           0.19 seconds
      cpu time            0.17 seconds


MPRINT(COMBINEANDSCORE):   ods select all;
MPRINT(COMBINEANDSCORE):   * average cost is calculated ;
MPRINT(COMBINEANDSCORE):   proc sql;
MPRINT(COMBINEANDSCORE):   create table _calcCost_2 as select 2 as p_set, replicate, _score_group_,
mean(pred_prob*pred_cost) as m_cost from cp_tmp_2 group by p_set, replicate, _score_group_ order by
p_set, replicate, _score_group_;
NOTE: At least one nonessential grouping column reference has been removed from a GROUP BY's
      reference list.
NOTE: At least one nonessential ordering column reference has been removed from an ORDER BY's
      reference list.
NOTE: Table WORK._CALCCOST_2 created, with 126 rows and 4 columns.

MPRINT(COMBINEANDSCORE):   quit;
NOTE: PROCEDURE SQL used (Total process time):
      real time           0.05 seconds
      cpu time            0.06 seconds


MPRINT(COMBINEANDSCORE):   data _tmp_3;
MPRINT(COMBINEANDSCORE):   set dataPro._resample_out_3 (in = a) dataPro._resample_out_3;
MPRINT(COMBINEANDSCORE):   where gender = 1 and pvar = 1;
MPRINT(COMBINEANDSCORE):   if a then do;
MPRINT(COMBINEANDSCORE):   _score_group_ = 1;
MPRINT(COMBINEANDSCORE):   pmca_cat = 3;
MPRINT(COMBINEANDSCORE):  ;
MPRINT(COMBINEANDSCORE):   end;
MPRINT(COMBINEANDSCORE):   if ^a then do;
MPRINT(COMBINEANDSCORE):   _score_group_ = 2;
MPRINT(COMBINEANDSCORE):   pmca_cat = 2;
MPRINT(COMBINEANDSCORE):  ;
MPRINT(COMBINEANDSCORE):   end;
MPRINT(COMBINEANDSCORE):   run;

NOTE: There were 67208 observations read from the data set DATAPRO._RESAMPLE_OUT_3.
      WHERE (gender=1) and (pvar=1);
NOTE: There were 67208 observations read from the data set DATAPRO._RESAMPLE_OUT_3.
      WHERE (gender=1) and (pvar=1);
NOTE: The data set WORK._TMP_3 has 134416 observations and 18 variables.
NOTE: DATA statement used (Total process time):
      real time           0.05 seconds
      cpu time            0.04 seconds


MPRINT(COMBINEANDSCORE):   * the predictions for util and cost will be made for each person twice,
once exposed and once unexposed;
MPRINT(COMBINEANDSCORE):   * prob of util ;
MPRINT(COMBINEANDSCORE):   ods select none;
MPRINT(COMBINEANDSCORE):   proc plm restore=dataPro.prob_stored_3;
MPRINT(COMBINEANDSCORE):   score data=_tmp_3 out=p_tmp_3 predicted=pred_prob / ilink;
MPRINT(COMBINEANDSCORE):   run;

NOTE: The data set WORK.P_TMP_3 has 134416 observations and 19 variables.
NOTE: PROCEDURE PLM used (Total process time):
      real time           0.20 seconds
      cpu time            0.18 seconds


MPRINT(COMBINEANDSCORE):   * predicted cost ;
MPRINT(COMBINEANDSCORE):   proc plm restore=dataPro.cost_stored_3;
MPRINT(COMBINEANDSCORE):   score data=p_tmp_3 out=cp_tmp_3 predicted=pred_cost / ilink;
MPRINT(COMBINEANDSCORE):   run;

NOTE: The data set WORK.CP_TMP_3 has 134416 observations and 20 variables.
NOTE: PROCEDURE PLM used (Total process time):
      real time           0.19 seconds
      cpu time            0.17 seconds


MPRINT(COMBINEANDSCORE):   ods select all;
MPRINT(COMBINEANDSCORE):   * average cost is calculated ;
MPRINT(COMBINEANDSCORE):   proc sql;
MPRINT(COMBINEANDSCORE):   create table _calcCost_3 as select 3 as p_set, replicate, _score_group_,
mean(pred_prob*pred_cost) as m_cost from cp_tmp_3 group by p_set, replicate, _score_group_ order by
p_set, replicate, _score_group_;
NOTE: At least one nonessential grouping column reference has been removed from a GROUP BY's
      reference list.
NOTE: At least one nonessential ordering column reference has been removed from an ORDER BY's
      reference list.
NOTE: Table WORK._CALCCOST_3 created, with 126 rows and 4 columns.

MPRINT(COMBINEANDSCORE):   quit;
NOTE: PROCEDURE SQL used (Total process time):
      real time           0.04 seconds
      cpu time            0.06 seconds


MPRINT(COMBINEANDSCORE):   data _tmp_4;
MPRINT(COMBINEANDSCORE):   set dataPro._resample_out_4 (in = a) dataPro._resample_out_4;
MPRINT(COMBINEANDSCORE):   where gender = 1 and pvar = 1;
MPRINT(COMBINEANDSCORE):   if a then do;
MPRINT(COMBINEANDSCORE):   _score_group_ = 1;
MPRINT(COMBINEANDSCORE):   pmca_cat = 3;
MPRINT(COMBINEANDSCORE):  ;
MPRINT(COMBINEANDSCORE):   end;
MPRINT(COMBINEANDSCORE):   if ^a then do;
MPRINT(COMBINEANDSCORE):   _score_group_ = 2;
MPRINT(COMBINEANDSCORE):   pmca_cat = 2;
MPRINT(COMBINEANDSCORE):  ;
MPRINT(COMBINEANDSCORE):   end;
MPRINT(COMBINEANDSCORE):   run;

NOTE: There were 67813 observations read from the data set DATAPRO._RESAMPLE_OUT_4.
      WHERE (gender=1) and (pvar=1);
NOTE: There were 67813 observations read from the data set DATAPRO._RESAMPLE_OUT_4.
      WHERE (gender=1) and (pvar=1);
NOTE: The data set WORK._TMP_4 has 135626 observations and 18 variables.
NOTE: DATA statement used (Total process time):
      real time           0.05 seconds
      cpu time            0.04 seconds


MPRINT(COMBINEANDSCORE):   * the predictions for util and cost will be made for each person twice,
once exposed and once unexposed;
MPRINT(COMBINEANDSCORE):   * prob of util ;
MPRINT(COMBINEANDSCORE):   ods select none;
MPRINT(COMBINEANDSCORE):   proc plm restore=dataPro.prob_stored_4;
MPRINT(COMBINEANDSCORE):   score data=_tmp_4 out=p_tmp_4 predicted=pred_prob / ilink;
MPRINT(COMBINEANDSCORE):   run;

NOTE: The data set WORK.P_TMP_4 has 135626 observations and 19 variables.
NOTE: PROCEDURE PLM used (Total process time):
      real time           0.21 seconds
      cpu time            0.20 seconds


MPRINT(COMBINEANDSCORE):   * predicted cost ;
MPRINT(COMBINEANDSCORE):   proc plm restore=dataPro.cost_stored_4;
MPRINT(COMBINEANDSCORE):   score data=p_tmp_4 out=cp_tmp_4 predicted=pred_cost / ilink;
MPRINT(COMBINEANDSCORE):   run;

NOTE: The data set WORK.CP_TMP_4 has 135626 observations and 20 variables.
NOTE: PROCEDURE PLM used (Total process time):
      real time           0.19 seconds
      cpu time            0.18 seconds


MPRINT(COMBINEANDSCORE):   ods select all;
MPRINT(COMBINEANDSCORE):   * average cost is calculated ;
MPRINT(COMBINEANDSCORE):   proc sql;
MPRINT(COMBINEANDSCORE):   create table _calcCost_4 as select 4 as p_set, replicate, _score_group_,
mean(pred_prob*pred_cost) as m_cost from cp_tmp_4 group by p_set, replicate, _score_group_ order by
p_set, replicate, _score_group_;
NOTE: At least one nonessential grouping column reference has been removed from a GROUP BY's
      reference list.
NOTE: At least one nonessential ordering column reference has been removed from an ORDER BY's
      reference list.
NOTE: Table WORK._CALCCOST_4 created, with 126 rows and 4 columns.

MPRINT(COMBINEANDSCORE):   quit;
NOTE: PROCEDURE SQL used (Total process time):
      real time           0.04 seconds
      cpu time            0.04 seconds


MPRINT(COMBINEANDSCORE):   data _tmp_5;
MPRINT(COMBINEANDSCORE):   set dataPro._resample_out_5 (in = a) dataPro._resample_out_5;
MPRINT(COMBINEANDSCORE):   where gender = 1 and pvar = 1;
MPRINT(COMBINEANDSCORE):   if a then do;
MPRINT(COMBINEANDSCORE):   _score_group_ = 1;
MPRINT(COMBINEANDSCORE):   pmca_cat = 3;
MPRINT(COMBINEANDSCORE):  ;
MPRINT(COMBINEANDSCORE):   end;
MPRINT(COMBINEANDSCORE):   if ^a then do;
MPRINT(COMBINEANDSCORE):   _score_group_ = 2;
MPRINT(COMBINEANDSCORE):   pmca_cat = 2;
MPRINT(COMBINEANDSCORE):  ;
MPRINT(COMBINEANDSCORE):   end;
MPRINT(COMBINEANDSCORE):   run;

NOTE: There were 68767 observations read from the data set DATAPRO._RESAMPLE_OUT_5.
      WHERE (gender=1) and (pvar=1);
NOTE: There were 68767 observations read from the data set DATAPRO._RESAMPLE_OUT_5.
      WHERE (gender=1) and (pvar=1);
NOTE: The data set WORK._TMP_5 has 137534 observations and 18 variables.
NOTE: DATA statement used (Total process time):
      real time           0.05 seconds
      cpu time            0.06 seconds


MPRINT(COMBINEANDSCORE):   * the predictions for util and cost will be made for each person twice,
once exposed and once unexposed;
MPRINT(COMBINEANDSCORE):   * prob of util ;
MPRINT(COMBINEANDSCORE):   ods select none;
MPRINT(COMBINEANDSCORE):   proc plm restore=dataPro.prob_stored_5;
MPRINT(COMBINEANDSCORE):   score data=_tmp_5 out=p_tmp_5 predicted=pred_prob / ilink;
MPRINT(COMBINEANDSCORE):   run;

NOTE: The data set WORK.P_TMP_5 has 137534 observations and 19 variables.
NOTE: PROCEDURE PLM used (Total process time):
      real time           0.21 seconds
      cpu time            0.20 seconds


MPRINT(COMBINEANDSCORE):   * predicted cost ;
MPRINT(COMBINEANDSCORE):   proc plm restore=dataPro.cost_stored_5;
MPRINT(COMBINEANDSCORE):   score data=p_tmp_5 out=cp_tmp_5 predicted=pred_cost / ilink;
MPRINT(COMBINEANDSCORE):   run;

NOTE: The data set WORK.CP_TMP_5 has 137534 observations and 20 variables.
NOTE: PROCEDURE PLM used (Total process time):
      real time           0.20 seconds
      cpu time            0.18 seconds


MPRINT(COMBINEANDSCORE):   ods select all;
MPRINT(COMBINEANDSCORE):   * average cost is calculated ;
MPRINT(COMBINEANDSCORE):   proc sql;
MPRINT(COMBINEANDSCORE):   create table _calcCost_5 as select 5 as p_set, replicate, _score_group_,
mean(pred_prob*pred_cost) as m_cost from cp_tmp_5 group by p_set, replicate, _score_group_ order by
p_set, replicate, _score_group_;
NOTE: At least one nonessential grouping column reference has been removed from a GROUP BY's
      reference list.
NOTE: At least one nonessential ordering column reference has been removed from an ORDER BY's
      reference list.
NOTE: Table WORK._CALCCOST_5 created, with 126 rows and 4 columns.

MPRINT(COMBINEANDSCORE):   quit;
NOTE: PROCEDURE SQL used (Total process time):
      real time           0.04 seconds
      cpu time            0.04 seconds


MPRINT(COMBINEANDSCORE):   data _tmp_6;
MPRINT(COMBINEANDSCORE):   set dataPro._resample_out_6 (in = a) dataPro._resample_out_6;
MPRINT(COMBINEANDSCORE):   where gender = 1 and pvar = 1;
MPRINT(COMBINEANDSCORE):   if a then do;
MPRINT(COMBINEANDSCORE):   _score_group_ = 1;
MPRINT(COMBINEANDSCORE):   pmca_cat = 3;
MPRINT(COMBINEANDSCORE):  ;
MPRINT(COMBINEANDSCORE):   end;
MPRINT(COMBINEANDSCORE):   if ^a then do;
MPRINT(COMBINEANDSCORE):   _score_group_ = 2;
MPRINT(COMBINEANDSCORE):   pmca_cat = 2;
MPRINT(COMBINEANDSCORE):  ;
MPRINT(COMBINEANDSCORE):   end;
MPRINT(COMBINEANDSCORE):   run;

NOTE: There were 67488 observations read from the data set DATAPRO._RESAMPLE_OUT_6.
      WHERE (gender=1) and (pvar=1);
NOTE: There were 67488 observations read from the data set DATAPRO._RESAMPLE_OUT_6.
      WHERE (gender=1) and (pvar=1);
NOTE: The data set WORK._TMP_6 has 134976 observations and 18 variables.
NOTE: DATA statement used (Total process time):
      real time           0.05 seconds
      cpu time            0.04 seconds


MPRINT(COMBINEANDSCORE):   * the predictions for util and cost will be made for each person twice,
once exposed and once unexposed;
MPRINT(COMBINEANDSCORE):   * prob of util ;
MPRINT(COMBINEANDSCORE):   ods select none;
MPRINT(COMBINEANDSCORE):   proc plm restore=dataPro.prob_stored_6;
MPRINT(COMBINEANDSCORE):   score data=_tmp_6 out=p_tmp_6 predicted=pred_prob / ilink;
MPRINT(COMBINEANDSCORE):   run;

NOTE: The data set WORK.P_TMP_6 has 134976 observations and 19 variables.
NOTE: PROCEDURE PLM used (Total process time):
      real time           0.20 seconds
      cpu time            0.18 seconds


MPRINT(COMBINEANDSCORE):   * predicted cost ;
MPRINT(COMBINEANDSCORE):   proc plm restore=dataPro.cost_stored_6;
MPRINT(COMBINEANDSCORE):   score data=p_tmp_6 out=cp_tmp_6 predicted=pred_cost / ilink;
MPRINT(COMBINEANDSCORE):   run;

NOTE: The data set WORK.CP_TMP_6 has 134976 observations and 20 variables.
NOTE: PROCEDURE PLM used (Total process time):
      real time           0.20 seconds
      cpu time            0.18 seconds


MPRINT(COMBINEANDSCORE):   ods select all;
MPRINT(COMBINEANDSCORE):   * average cost is calculated ;
MPRINT(COMBINEANDSCORE):   proc sql;
MPRINT(COMBINEANDSCORE):   create table _calcCost_6 as select 6 as p_set, replicate, _score_group_,
mean(pred_prob*pred_cost) as m_cost from cp_tmp_6 group by p_set, replicate, _score_group_ order by
p_set, replicate, _score_group_;
NOTE: At least one nonessential grouping column reference has been removed from a GROUP BY's
      reference list.
NOTE: At least one nonessential ordering column reference has been removed from an ORDER BY's
      reference list.
NOTE: Table WORK._CALCCOST_6 created, with 126 rows and 4 columns.

MPRINT(COMBINEANDSCORE):   quit;
NOTE: PROCEDURE SQL used (Total process time):
      real time           0.04 seconds
      cpu time            0.07 seconds


MPRINT(COMBINEANDSCORE):   data _tmp_7;
MPRINT(COMBINEANDSCORE):   set dataPro._resample_out_7 (in = a) dataPro._resample_out_7;
MPRINT(COMBINEANDSCORE):   where gender = 1 and pvar = 1;
MPRINT(COMBINEANDSCORE):   if a then do;
MPRINT(COMBINEANDSCORE):   _score_group_ = 1;
MPRINT(COMBINEANDSCORE):   pmca_cat = 3;
MPRINT(COMBINEANDSCORE):  ;
MPRINT(COMBINEANDSCORE):   end;
MPRINT(COMBINEANDSCORE):   if ^a then do;
MPRINT(COMBINEANDSCORE):   _score_group_ = 2;
MPRINT(COMBINEANDSCORE):   pmca_cat = 2;
MPRINT(COMBINEANDSCORE):  ;
MPRINT(COMBINEANDSCORE):   end;
MPRINT(COMBINEANDSCORE):   run;

NOTE: There were 67408 observations read from the data set DATAPRO._RESAMPLE_OUT_7.
      WHERE (gender=1) and (pvar=1);
NOTE: There were 67408 observations read from the data set DATAPRO._RESAMPLE_OUT_7.
      WHERE (gender=1) and (pvar=1);
NOTE: The data set WORK._TMP_7 has 134816 observations and 18 variables.
NOTE: DATA statement used (Total process time):
      real time           0.05 seconds
      cpu time            0.04 seconds


MPRINT(COMBINEANDSCORE):   * the predictions for util and cost will be made for each person twice,
once exposed and once unexposed;
MPRINT(COMBINEANDSCORE):   * prob of util ;
MPRINT(COMBINEANDSCORE):   ods select none;
MPRINT(COMBINEANDSCORE):   proc plm restore=dataPro.prob_stored_7;
MPRINT(COMBINEANDSCORE):   score data=_tmp_7 out=p_tmp_7 predicted=pred_prob / ilink;
MPRINT(COMBINEANDSCORE):   run;

NOTE: The data set WORK.P_TMP_7 has 134816 observations and 19 variables.
NOTE: PROCEDURE PLM used (Total process time):
      real time           0.20 seconds
      cpu time            0.18 seconds


MPRINT(COMBINEANDSCORE):   * predicted cost ;
MPRINT(COMBINEANDSCORE):   proc plm restore=dataPro.cost_stored_7;
MPRINT(COMBINEANDSCORE):   score data=p_tmp_7 out=cp_tmp_7 predicted=pred_cost / ilink;
MPRINT(COMBINEANDSCORE):   run;

NOTE: The data set WORK.CP_TMP_7 has 134816 observations and 20 variables.
NOTE: PROCEDURE PLM used (Total process time):
      real time           0.19 seconds
      cpu time            0.17 seconds


MPRINT(COMBINEANDSCORE):   ods select all;
MPRINT(COMBINEANDSCORE):   * average cost is calculated ;
MPRINT(COMBINEANDSCORE):   proc sql;
MPRINT(COMBINEANDSCORE):   create table _calcCost_7 as select 7 as p_set, replicate, _score_group_,
mean(pred_prob*pred_cost) as m_cost from cp_tmp_7 group by p_set, replicate, _score_group_ order by
p_set, replicate, _score_group_;
NOTE: At least one nonessential grouping column reference has been removed from a GROUP BY's
      reference list.
NOTE: At least one nonessential ordering column reference has been removed from an ORDER BY's
      reference list.
NOTE: Table WORK._CALCCOST_7 created, with 126 rows and 4 columns.

MPRINT(COMBINEANDSCORE):   quit;
NOTE: PROCEDURE SQL used (Total process time):
      real time           0.05 seconds
      cpu time            0.06 seconds


MPRINT(COMBINEANDSCORE):   data _tmp_8;
MPRINT(COMBINEANDSCORE):   set dataPro._resample_out_8 (in = a) dataPro._resample_out_8;
MPRINT(COMBINEANDSCORE):   where gender = 1 and pvar = 1;
MPRINT(COMBINEANDSCORE):   if a then do;
MPRINT(COMBINEANDSCORE):   _score_group_ = 1;
MPRINT(COMBINEANDSCORE):   pmca_cat = 3;
MPRINT(COMBINEANDSCORE):  ;
MPRINT(COMBINEANDSCORE):   end;
MPRINT(COMBINEANDSCORE):   if ^a then do;
MPRINT(COMBINEANDSCORE):   _score_group_ = 2;
MPRINT(COMBINEANDSCORE):   pmca_cat = 2;
MPRINT(COMBINEANDSCORE):  ;
MPRINT(COMBINEANDSCORE):   end;
MPRINT(COMBINEANDSCORE):   run;

NOTE: There were 64225 observations read from the data set DATAPRO._RESAMPLE_OUT_8.
      WHERE (gender=1) and (pvar=1);
NOTE: There were 64225 observations read from the data set DATAPRO._RESAMPLE_OUT_8.
      WHERE (gender=1) and (pvar=1);
NOTE: The data set WORK._TMP_8 has 128450 observations and 18 variables.
NOTE: DATA statement used (Total process time):
      real time           0.05 seconds
      cpu time            0.06 seconds


MPRINT(COMBINEANDSCORE):   * the predictions for util and cost will be made for each person twice,
once exposed and once unexposed;
MPRINT(COMBINEANDSCORE):   * prob of util ;
MPRINT(COMBINEANDSCORE):   ods select none;
MPRINT(COMBINEANDSCORE):   proc plm restore=dataPro.prob_stored_8;
MPRINT(COMBINEANDSCORE):   score data=_tmp_8 out=p_tmp_8 predicted=pred_prob / ilink;
MPRINT(COMBINEANDSCORE):   run;

NOTE: The data set WORK.P_TMP_8 has 128450 observations and 19 variables.
NOTE: PROCEDURE PLM used (Total process time):
      real time           0.19 seconds
      cpu time            0.18 seconds


MPRINT(COMBINEANDSCORE):   * predicted cost ;
MPRINT(COMBINEANDSCORE):   proc plm restore=dataPro.cost_stored_8;
MPRINT(COMBINEANDSCORE):   score data=p_tmp_8 out=cp_tmp_8 predicted=pred_cost / ilink;
MPRINT(COMBINEANDSCORE):   run;

NOTE: The data set WORK.CP_TMP_8 has 128450 observations and 20 variables.
NOTE: PROCEDURE PLM used (Total process time):
      real time           0.18 seconds
      cpu time            0.17 seconds


MPRINT(COMBINEANDSCORE):   ods select all;
MPRINT(COMBINEANDSCORE):   * average cost is calculated ;
MPRINT(COMBINEANDSCORE):   proc sql;
MPRINT(COMBINEANDSCORE):   create table _calcCost_8 as select 8 as p_set, replicate, _score_group_,
mean(pred_prob*pred_cost) as m_cost from cp_tmp_8 group by p_set, replicate, _score_group_ order by
p_set, replicate, _score_group_;
NOTE: At least one nonessential grouping column reference has been removed from a GROUP BY's
      reference list.
NOTE: At least one nonessential ordering column reference has been removed from an ORDER BY's
      reference list.
NOTE: Table WORK._CALCCOST_8 created, with 118 rows and 4 columns.

MPRINT(COMBINEANDSCORE):   quit;
NOTE: PROCEDURE SQL used (Total process time):
      real time           0.04 seconds
      cpu time            0.04 seconds


MPRINT(COMBINEANDSCORE):   * combine the results from each parallel process ;
MPRINT(COMBINEANDSCORE):   data _allPred_;
MPRINT(COMBINEANDSCORE):   set _calcCost_:;
MPRINT(COMBINEANDSCORE):   run;

NOTE: There were 126 observations read from the data set WORK._CALCCOST_1.
NOTE: There were 126 observations read from the data set WORK._CALCCOST_2.
NOTE: There were 126 observations read from the data set WORK._CALCCOST_3.
NOTE: There were 126 observations read from the data set WORK._CALCCOST_4.
NOTE: There were 126 observations read from the data set WORK._CALCCOST_5.
NOTE: There were 126 observations read from the data set WORK._CALCCOST_6.
NOTE: There were 126 observations read from the data set WORK._CALCCOST_7.
NOTE: There were 118 observations read from the data set WORK._CALCCOST_8.
NOTE: The data set WORK._ALLPRED_ has 1000 observations and 4 variables.
NOTE: DATA statement used (Total process time):
      real time           0.01 seconds
      cpu time            0.00 seconds


MPRINT(COMBINEANDSCORE):   * contrast the risk groups ;
MPRINT(COMBINEANDSCORE):   data _diff_;
MPRINT(COMBINEANDSCORE):   merge _allPred_(keep = m_cost _score_group_ p_set replicate where =
(_score_group_ = 1)) _allPred_( keep = m_cost _score_group_ p_set replicate rename = (m_cost =
m_cost_2) where = (_score_group_ = 2));
MPRINT(COMBINEANDSCORE):   by p_set replicate ;
MPRINT(COMBINEANDSCORE):   diff = m_cost - m_cost_2;
MPRINT(COMBINEANDSCORE):   drop _score_group_;
MPRINT(COMBINEANDSCORE):   run;

NOTE: There were 500 observations read from the data set WORK._ALLPRED_.
      WHERE _score_group_=1;
NOTE: There were 500 observations read from the data set WORK._ALLPRED_.
      WHERE _score_group_=2;
NOTE: The data set WORK._DIFF_ has 500 observations and 5 variables.
NOTE: DATA statement used (Total process time):
      real time           0.01 seconds
      cpu time            0.01 seconds


361  title  'bootstrap standard error' ;
362  proc means data = _diff_  n nmiss mean median stddev;
363    var diff;
364  run;

NOTE: There were 500 observations read from the data set WORK._DIFF_.
NOTE: PROCEDURE MEANS used (Total process time):
      real time           0.03 seconds
      cpu time            0.01 seconds


365
366  title 'Bootstrap distribution';
367  proc sgplot data = _diff_;
368    histogram diff;
369  run;

NOTE: PROCEDURE SGPLOT used (Total process time):
      real time           0.62 seconds
      cpu time            0.26 seconds

NOTE: There were 500 observations read from the data set WORK._DIFF_.

370  title;

