NOTE: Copyright (c) 2016 by SAS Institute Inc., Cary, NC, USA.
NOTE: SAS (r) Proprietary Software 9.4 (TS1M7)
      Licensed to UNIVERSITY OF COLORADO SYSTEM - SFA - T&R, Site 70082279.
NOTE: This session is executing on the X64_10PRO  platform.



NOTE: Analytical products:

      SAS/STAT 15.2
      SAS/ETS 15.2
      SAS/OR 15.2
      SAS/IML 15.2
      SAS/QC 15.2

NOTE: Additional host information:

 X64_10PRO WIN 10.0.19041  Workstation

NOTE: SAS initialization used:
      real time           1.09 seconds
      cpu time            0.81 seconds

1    %INCLUDE "S:/FHPC/DATA/HCPF_DATA_files_SECURE/Kim/isp/isp_utilization/code/util_00_config.sas";
NOTE: Libref DATA was successfully assigned as follows:
      Engine:        V9
      Physical Name: S:\FHPC\DATA\HCPF_Data_files_SECURE\Kim\isp\isp_utilization\data
NOTE: Libref INT was successfully assigned as follows:
      Engine:        V9
      Physical Name: S:\FHPC\DATA\HCPF_Data_files_SECURE\Kim\isp\isp_utilization\data\interim

68   PROC FREQ DATA = int.a5;
69   tables mu_pd_rx;
70   RUN;

NOTE: Writing HTML Body file: sashtml.htm
NOTE: There were 2740142 observations read from the data set INT.A5.
NOTE: PROCEDURE FREQ used (Total process time):
      real time           17.11 seconds
      cpu time            1.25 seconds


71   PROC UNIVARIATE DATA = int.a5;
72   var mu:;
73   RUN;

NOTE: PROCEDURE UNIVARIATE used (Total process time):
      real time           1:32.92
      cpu time            31.59 seconds


74   ods listing close;
75   ods output summary=s;
76   proc means data=int.A5 stackods min median max;
77   var mu:;
78   run;

NOTE: The data set WORK.S has 7 observations and 4 variables.
NOTE: There were 14039876 observations read from the data set INT.A5.
NOTE: PROCEDURE MEANS used (Total process time):
      real time           1:06.85
      cpu time            17.45 seconds


79   ods output close;
80   ods listing;
81   proc print;
82   run;

NOTE: There were 7 observations read from the data set WORK.S.
NOTE: PROCEDURE PRINT used (Total process time):
      real time           0.03 seconds
      cpu time            0.00 seconds


83   DATA int.a6 (DROP = mu_pd_rx
84                       mu_pd_total
85                       mu_pd_pc
86                       mu_n_pc
87                       mu_n_tele
88                       mu_n_er
89                       mu_n_bh_oth
90                       );
91   SET  int.a5 (DROP = adj_pd_pharmacy_qrtr
92                       adj_pd_total_qrtr
93                       adj_pd_Primary_care_qrtr
94                       n_Primary_care_qrtr
95                       n_q_tele
96                       n_er_total
97                       sum_q_bh_other
98                );
99   mu_rx     = coalesce(mu_pd_rx,   0);
100  mu_ffs    = coalesce(mu_pd_total,0);
101  mu_pc     = coalesce(mu_pd_pc   ,0);
102  util_pc   = coalesce(mu_n_pc    ,0);
103  util_tele = coalesce(mu_n_tele  ,0);
104  util_er   = coalesce(mu_n_er    ,0);
105  util_bh_o = coalesce(mu_n_bh_oth,0);
106  run ;

NOTE: There were 14039876 observations read from the data set INT.A5.
NOTE: The data set INT.A6 has 14039876 observations and 34 variables.
NOTE: DATA statement used (Total process time):
      real time           2:22.63
      cpu time            6.09 seconds


106!       * 14347065 ;

107  proc contents data = int.a6a; run;
ERROR: File INT.A6A.DATA does not exist.

NOTE: Statements not processed because of errors noted above.
NOTE: PROCEDURE CONTENTS used (Total process time):
      real time           0.00 seconds
      cpu time            0.00 seconds

NOTE: The SAS System stopped processing this step because of errors.

108  proc contents data = int.a6a; run;
ERROR: File INT.A6A.DATA does not exist.

NOTE: Statements not processed because of errors noted above.
NOTE: PROCEDURE CONTENTS used (Total process time):
      real time           0.00 seconds
      cpu time            0.01 seconds

NOTE: The SAS System stopped processing this step because of errors.

109  proc contents data = int.a6; run;

NOTE: PROCEDURE CONTENTS used (Total process time):
      real time           0.04 seconds
      cpu time            0.03 seconds


110  proc contents data = int.a6 VARNUM; run;

NOTE: PROCEDURE CONTENTS used (Total process time):
      real time           0.04 seconds
      cpu time            0.03 seconds


111  data original_data;
112      input team $ points;
113      datalines;

NOTE: SAS went to a new line when INPUT statement reached past the end of a line.
NOTE: The data set WORK.ORIGINAL_DATA has 16 observations and 2 variables.
NOTE: DATA statement used (Total process time):
      real time           0.01 seconds
      cpu time            0.00 seconds


131  ;
132  run;
133
134  proc univariate data=original_data;
135      var points;
136      output out=percentile_data
137      pctlpts = 70
138      pctlpre = P_;
139  run;

NOTE: The data set WORK.PERCENTILE_DATA has 1 observations and 1 variables.
NOTE: PROCEDURE UNIVARIATE used (Total process time):
      real time           0.03 seconds
      cpu time            0.01 seconds


140
141  /*view results*/
142  proc print data=percentile_data;
143
144

NOTE: There were 1 observations read from the data set WORK.PERCENTILE_DATA.
NOTE: PROCEDURE PRINT used (Total process time):
      real time           0.00 seconds
      cpu time            0.00 seconds


145  data original_data_doubled;
146      input team $ points;
147      datalines;

NOTE: SAS went to a new line when INPUT statement reached past the end of a line.
NOTE: The data set WORK.ORIGINAL_DATA_DOUBLED has 48 observations and 2 variables.
NOTE: DATA statement used (Total process time):
      real time           0.00 seconds
      cpu time            0.00 seconds


197  ;
198  run;
199
200
201  proc univariate data=original_data_doubled;
202      var points;
203      output out=percentile_data
204      pctlpts = 70
205      pctlpre = P_;
206  run;

NOTE: The data set WORK.PERCENTILE_DATA has 1 observations and 1 variables.
NOTE: PROCEDURE UNIVARIATE used (Total process time):
      real time           0.03 seconds
      cpu time            0.00 seconds


207
208  /*view results*/
209  proc print data=percentile_data
WARNING: No data sets qualify for WHERE processing.
210  proc univariate noprint data=int.a6;
     ----
     22
     76
ERROR 22-322: Syntax error, expecting one of the following: ;, (, BLANKLINE, CONTENTS, DATA,
              DOUBLE, GRANDTOTAL_LABEL, GRANDTOT_LABEL, GRAND_LABEL, GTOTAL_LABEL, GTOT_LABEL,
              HEADING, LABEL, N, NOOBS, NOSUMLABEL, OBS, ROUND, ROWS, SPLIT, STYLE, SUMLABEL,
              UNIFORM, WIDTH.
ERROR 76-322: Syntax error, statement will be ignored.
211  where mu_rx gt 0;
212  var   mu_rx;
213  output out=mu_rx_95th pctlpre=rx_pctl_ pctlpts= 95;
     ------
     180
ERROR 180-322: Statement is not valid or it is used out of proper order.
214  run;

NOTE: The SAS System stopped processing this step because of errors.
NOTE: PROCEDURE PRINT used (Total process time):
      real time           2:53.71
      cpu time            2.51 seconds


215  proc univariate data=int.a6 noprint ;
216  where mu_rx gt 0;
217  var   mu_rx;
218  output out=mu_rx_95th pctlpre=rx_pctl_ pctlpts= 95;
219  run;

NOTE: The data set WORK.MU_RX_95TH has 1 observations and 1 variables.
NOTE: PROCEDURE UNIVARIATE used (Total process time):
      real time           1:02.84
      cpu time            6.78 seconds


220  %macro dv_95pctl(var,out,pctlpre);
221  proc univariate noprint data = int.a6;
222  where &var gt 0;
223  var   &var;
224  output out=&out pctlpre=&pctlpre pctlpts=95;
225  run;
226  %mend;

227  %dv_95pctl(var     = mu_rx,
MLOGIC(DV_95PCTL):  Beginning execution.
228             out     = rx_95pctl,
229             pctlpre = rx95);
MLOGIC(DV_95PCTL):  Parameter VAR has value mu_rx
MLOGIC(DV_95PCTL):  Parameter OUT has value rx_95pctl
MLOGIC(DV_95PCTL):  Parameter PCTLPRE has value rx95
MPRINT(DV_95PCTL):   proc univariate noprint data = int.a6;
SYMBOLGEN:  Macro variable VAR resolves to mu_rx
MPRINT(DV_95PCTL):   where mu_rx gt 0;
SYMBOLGEN:  Macro variable VAR resolves to mu_rx
MPRINT(DV_95PCTL):   var mu_rx;
SYMBOLGEN:  Macro variable OUT resolves to rx_95pctl
SYMBOLGEN:  Macro variable PCTLPRE resolves to rx95
MPRINT(DV_95PCTL):   output out=rx_95pctl pctlpre=rx95 pctlpts=95;
MPRINT(DV_95PCTL):   run;

NOTE: The data set WORK.RX_95PCTL has 1 observations and 1 variables.
NOTE: PROCEDURE UNIVARIATE used (Total process time):
      real time           1:03.23
      cpu time            7.12 seconds


MLOGIC(DV_95PCTL):  Ending execution.

230  %dv_95pctl(var     = mu_ffs,
MLOGIC(DV_95PCTL):  Beginning execution.
231             out     = ffs_95pctl,
232             pctlpre = ffs95);
MLOGIC(DV_95PCTL):  Parameter VAR has value mu_ffs
MLOGIC(DV_95PCTL):  Parameter OUT has value ffs_95pctl
MLOGIC(DV_95PCTL):  Parameter PCTLPRE has value ffs95
MPRINT(DV_95PCTL):   proc univariate noprint data = int.a6;
SYMBOLGEN:  Macro variable VAR resolves to mu_ffs
MPRINT(DV_95PCTL):   where mu_ffs gt 0;
SYMBOLGEN:  Macro variable VAR resolves to mu_ffs
MPRINT(DV_95PCTL):   var mu_ffs;
SYMBOLGEN:  Macro variable OUT resolves to ffs_95pctl
SYMBOLGEN:  Macro variable PCTLPRE resolves to ffs95
MPRINT(DV_95PCTL):   output out=ffs_95pctl pctlpre=ffs95 pctlpts=95;
MPRINT(DV_95PCTL):   run;

NOTE: The data set WORK.FFS_95PCTL has 1 observations and 1 variables.
NOTE: PROCEDURE UNIVARIATE used (Total process time):
      real time           1:08.12
      cpu time            13.84 seconds


MLOGIC(DV_95PCTL):  Ending execution.
233
234  %dv_95pctl(var     = mu_pc,
MLOGIC(DV_95PCTL):  Beginning execution.
235             out     = pc_95pctl,
236             pctlpre = pc95);
MLOGIC(DV_95PCTL):  Parameter VAR has value mu_pc
MLOGIC(DV_95PCTL):  Parameter OUT has value pc_95pctl
MLOGIC(DV_95PCTL):  Parameter PCTLPRE has value pc95
MPRINT(DV_95PCTL):   proc univariate noprint data = int.a6;
SYMBOLGEN:  Macro variable VAR resolves to mu_pc
MPRINT(DV_95PCTL):   where mu_pc gt 0;
SYMBOLGEN:  Macro variable VAR resolves to mu_pc
MPRINT(DV_95PCTL):   var mu_pc;
SYMBOLGEN:  Macro variable OUT resolves to pc_95pctl
SYMBOLGEN:  Macro variable PCTLPRE resolves to pc95
MPRINT(DV_95PCTL):   output out=pc_95pctl pctlpre=pc95 pctlpts=95;
MPRINT(DV_95PCTL):   run;

NOTE: The data set WORK.PC_95PCTL has 1 observations and 1 variables.
NOTE: PROCEDURE UNIVARIATE used (Total process time):
      real time           5.71 seconds
      cpu time            5.68 seconds


MLOGIC(DV_95PCTL):  Ending execution.

237
238  %dv_95pctl(var     = mu_rx,
MLOGIC(DV_95PCTL):  Beginning execution.
239             out     = rx_95pctl,
240             pctlpre = rx_);
MLOGIC(DV_95PCTL):  Parameter VAR has value mu_rx
MLOGIC(DV_95PCTL):  Parameter OUT has value rx_95pctl
MLOGIC(DV_95PCTL):  Parameter PCTLPRE has value rx_
MPRINT(DV_95PCTL):   proc univariate noprint data = int.a6;
SYMBOLGEN:  Macro variable VAR resolves to mu_rx
MPRINT(DV_95PCTL):   where mu_rx gt 0;
SYMBOLGEN:  Macro variable VAR resolves to mu_rx
MPRINT(DV_95PCTL):   var mu_rx;
SYMBOLGEN:  Macro variable OUT resolves to rx_95pctl
SYMBOLGEN:  Macro variable PCTLPRE resolves to rx_
MPRINT(DV_95PCTL):   output out=rx_95pctl pctlpre=rx_ pctlpts=95;
MPRINT(DV_95PCTL):   run;

NOTE: The data set WORK.RX_95PCTL has 1 observations and 1 variables.
NOTE: PROCEDURE UNIVARIATE used (Total process time):
      real time           1:02.87
      cpu time            7.48 seconds


MLOGIC(DV_95PCTL):  Ending execution.
241
242  %dv_95pctl(var     = mu_ffs,
MLOGIC(DV_95PCTL):  Beginning execution.
243             out     = ffs_95pctl,
244             pctlpre = ffs_);
MLOGIC(DV_95PCTL):  Parameter VAR has value mu_ffs
MLOGIC(DV_95PCTL):  Parameter OUT has value ffs_95pctl
MLOGIC(DV_95PCTL):  Parameter PCTLPRE has value ffs_
MPRINT(DV_95PCTL):   proc univariate noprint data = int.a6;
SYMBOLGEN:  Macro variable VAR resolves to mu_ffs
MPRINT(DV_95PCTL):   where mu_ffs gt 0;
SYMBOLGEN:  Macro variable VAR resolves to mu_ffs
MPRINT(DV_95PCTL):   var mu_ffs;
SYMBOLGEN:  Macro variable OUT resolves to ffs_95pctl
SYMBOLGEN:  Macro variable PCTLPRE resolves to ffs_
MPRINT(DV_95PCTL):   output out=ffs_95pctl pctlpre=ffs_ pctlpts=95;
MPRINT(DV_95PCTL):   run;

NOTE: The data set WORK.FFS_95PCTL has 1 observations and 1 variables.
NOTE: PROCEDURE UNIVARIATE used (Total process time):
      real time           12.06 seconds
      cpu time            12.14 seconds


MLOGIC(DV_95PCTL):  Ending execution.
245
246  %dv_95pctl(var     = mu_pc,
MLOGIC(DV_95PCTL):  Beginning execution.
247             out     = pc_95pctl,
248             pctlpre = pc_);
MLOGIC(DV_95PCTL):  Parameter VAR has value mu_pc
MLOGIC(DV_95PCTL):  Parameter OUT has value pc_95pctl
MLOGIC(DV_95PCTL):  Parameter PCTLPRE has value pc_
MPRINT(DV_95PCTL):   proc univariate noprint data = int.a6;
SYMBOLGEN:  Macro variable VAR resolves to mu_pc
MPRINT(DV_95PCTL):   where mu_pc gt 0;
SYMBOLGEN:  Macro variable VAR resolves to mu_pc
MPRINT(DV_95PCTL):   var mu_pc;
SYMBOLGEN:  Macro variable OUT resolves to pc_95pctl
SYMBOLGEN:  Macro variable PCTLPRE resolves to pc_
MPRINT(DV_95PCTL):   output out=pc_95pctl pctlpre=pc_ pctlpts=95;
MPRINT(DV_95PCTL):   run;

NOTE: The data set WORK.PC_95PCTL has 1 observations and 1 variables.
NOTE: PROCEDURE UNIVARIATE used (Total process time):
      real time           5.84 seconds
      cpu time            5.84 seconds


MLOGIC(DV_95PCTL):  Ending execution.

249  PROC SQL NOPRINT;
250  SELECT rx_95  INTO :rx_95     FROM rx_95pctl;
251  SELECT ffs_95 INTO :ffs_95    FROM ffs_95pctl;
252  SELECT pc_95  INTO :pc_95pctl FROM pc_95pctl;
253  QUIT;
NOTE: PROCEDURE SQL used (Total process time):
      real time           0.01 seconds
      cpu time            0.00 seconds


254  %put &rx_95;
SYMBOLGEN:  Macro variable RX_95 resolves to 1026.865
1026.865
255  %put &ffs_95;
SYMBOLGEN:  Macro variable FFS_95 resolves to 3435.237
3435.237
256  PROC UNIVARIATE DATA = int.a6;
257  WHERE mu_rx gt &rx_95;
SYMBOLGEN:  Macro variable RX_95 resolves to 1026.865
258  VAR   mu_rx;
259  output out = mean_rx_gt95 mean=mean_rx_95;
260  RUN;

NOTE: The data set WORK.MEAN_RX_GT95 has 1 observations and 1 variables.
NOTE: PROCEDURE UNIVARIATE used (Total process time):
      real time           58.23 seconds
      cpu time            2.39 seconds


261  %macro mu_dv_ge95th(var, out, value);
262  PROC UNIVARIATE DATA = int.a6;
263  BY   FY;
264  WHERE &var gt &value;
265  VAR   &var;
266  output out = &out mean=&out;
267  RUN;
268  %mend;

269  %LET dat = int.a6;
270  %put &dat;
SYMBOLGEN:  Macro variable DAT resolves to int.a6
int.a6
271  %LET dat = int.a6;
272  %put &dat;
SYMBOLGEN:  Macro variable DAT resolves to int.a6
int.a6
273  PROC GEE DATA  = &dat DESC;
SYMBOLGEN:  Macro variable DAT resolves to int.a6
274       CLASS  mcaid_id
275              adj_pd_total_16cat
276              adj_pd_total_17cat
277              adj_pd_total_18cat
278              ind_cost_pc ;
ERROR: Variable IND_COST_PC not found.
NOTE: PROCEDURE GEE used (Total process time):
      real time           0.01 seconds
      cpu time            0.00 seconds

NOTE: The SAS System stopped processing this step because of errors.
279       model ind_cost_pc = adj_pd_total_16cat
280                           adj_pd_total_17cat
281                           adj_pd_total_18cat
282                           time  / dist = binomial link = logit ;
283    repeated subject = mcaid_id / type = exch ; *ind;
284  /*  store p_model;*/
285  run;


286
287  DATA test ;
288  set  int.a6;
289  ind_cost_pc = mu_pc>0;
290  RUN;

NOTE: The DATA step has been abnormally terminated.
NOTE: There were 9443711 observations read from the data set INT.A6.
WARNING: The data set WORK.TEST may be incomplete.  When this step was stopped there were 9443711
         observations and 35 variables.
NOTE: DATA statement used (Total process time):
      real time           44.55 seconds
      cpu time            2.89 seconds


291  DATA test ;
292  set  int.a6 (keep=mcaid_id adj: int int_imp time);
293  ind_cost_pc = mu_pc>0;
294  RUN;

NOTE: Variable mu_pc is uninitialized.
NOTE: The DATA step has been abnormally terminated.
NOTE: There were 1025730 observations read from the data set INT.A6.
WARNING: The data set WORK.TEST may be incomplete.  When this step was stopped there were 1025730
         observations and 9 variables.
WARNING: Data set WORK.TEST was not replaced because this step was stopped.
NOTE: DATA statement used (Total process time):
      real time           6.69 seconds
      cpu time            0.25 seconds


295  DATA test ;
296  set  int.a6 (keep=mcaid_id adj: mu_pc int int_imp time);
297  ind_cost_pc = mu_pc>0;
298  RUN;

NOTE: There were 14039876 observations read from the data set INT.A6.
NOTE: The data set WORK.TEST has 14039876 observations and 9 variables.
NOTE: DATA statement used (Total process time):
      real time           55.98 seconds
      cpu time            2.57 seconds


299  %LET dat = test;
300  %put &dat;
SYMBOLGEN:  Macro variable DAT resolves to test
test
301  PROC GEE DATA  = &dat DESC;
SYMBOLGEN:  Macro variable DAT resolves to test
302       CLASS  mcaid_id
303              adj_pd_total_16cat
304              adj_pd_total_17cat
305              adj_pd_total_18cat
306              ind_cost_pc ;
307       model ind_cost_pc = adj_pd_total_16cat
308                           adj_pd_total_17cat
309                           adj_pd_total_18cat
310                           time  / dist = binomial link = logit ;
311    repeated subject = mcaid_id / type = exch ; *ind;
312  /*  store p_model;*/
313  run;

NOTE: Class levels for some variables were not printed due to excessive size.
NOTE: PROC GEE is modeling the probability that ind_cost_pc='1'.
ERROR: The generalized Hessian matrix is not positive definite. Iteration will be terminated.
NOTE: The SAS System stopped processing this step because of errors.
NOTE: PROCEDURE GEE used (Total process time):
      real time           4:37.29
      cpu time            4:37.28


314  PROC FREQ DATA = test;
315  TABLES adj;
ERROR: Variable ADJ not found.
316  RUN;

NOTE: The SAS System stopped processing this step because of errors.
NOTE: PROCEDURE FREQ used (Total process time):
      real time           0.00 seconds
      cpu time            0.00 seconds


317  PROC FREQ DATA = test;
318  TABLES adj:;
319  RUN;

NOTE: There were 14039876 observations read from the data set WORK.TEST.
NOTE: PROCEDURE FREQ used (Total process time):
      real time           0.88 seconds
      cpu time            0.87 seconds


320  %LET refs = &data/_refs;
SYMBOLGEN:  Macro variable DATA resolves to
            S:/FHPC/DATA/HCPF_Data_files_SECURE/Kim/isp/isp_utilization/data
321  LIBNAME refs "&refs";
SYMBOLGEN:  Macro variable REFS resolves to
            S:/FHPC/DATA/HCPF_Data_files_SECURE/Kim/isp/isp_utilization/data/_refs
NOTE: Libref REFS refers to the same physical library as TMP2.
NOTE: Libref REFS was successfully assigned as follows:
      Engine:        V9
      Physical Name: S:\FHPC\DATA\HCPF_Data_files_SECURE\Kim\isp\isp_utilization\data\_refs
322
323  proc sql ;
324  CREATE TABLE jake_compare_ibh AS
325  SELECT a.*
326       , b.adj_pd_total_16cat+1 as kw_adj16
327       , b.adj_pd_total_17cat+1 as kw_adj17
328       , b.adj_pd_total_18cat+1 as kw_adj18
329  FROM int.jake_ibh_adj as a
330  LEFT JOIN test as b
331  on a.clnt_id = b.mcaid_id;
ERROR: File INT.JAKE_IBH_ADJ.DATA does not exist.
332  QUIT;
NOTE: The SAS System stopped processing this step because of errors.
NOTE: PROCEDURE SQL used (Total process time):
      real time           0.01 seconds
      cpu time            0.03 seconds


333  proc sql ;
334  CREATE TABLE jake_compare_ibh AS
335  SELECT a.*
336       , b.adj_pd_total_16cat+1 as kw_adj16
337       , b.adj_pd_total_17cat+1 as kw_adj17
338       , b.adj_pd_total_18cat+1 as kw_adj18
339  FROM refs.jake_ibh_adj as a
340  LEFT JOIN test as b
341  on a.clnt_id = b.mcaid_id;
NOTE: Table WORK.JAKE_COMPARE_IBH created, with 77041521 rows and 7 columns.

342  QUIT;
NOTE: PROCEDURE SQL used (Total process time):
      real time           12.95 seconds
      cpu time            12.60 seconds


343  DATA jake_compare2;
344  SET  jake_compare_ibh;
345  IF adj_pd_total_16cat = kw_adj16 then match16 = 1;
346  IF adj_pd_total_17cat = kw_adj17 then match17 = 1;
347  IF adj_pd_total_18cat = kw_adj18 then match18 = 1;
348  RUN;

NOTE: Format PDPRE was not found or could not be loaded.
NOTE: Format PDPRE was not found or could not be loaded.
NOTE: Format PDPRE was not found or could not be loaded.
NOTE: There were 77041521 observations read from the data set WORK.JAKE_COMPARE_IBH.
NOTE: The data set WORK.JAKE_COMPARE2 has 77041521 observations and 10 variables.
NOTE: DATA statement used (Total process time):
      real time           6.79 seconds
      cpu time            6.65 seconds


349  PROC SORT DATA = jake_compare2 NODUPKEY OUT=int.jake_compare; BY _ALL_ ; RUN;

NOTE: There were 77041521 observations read from the data set WORK.JAKE_COMPARE2.
NOTE: 76306788 observations with duplicate key values were deleted.
NOTE: The data set INT.JAKE_COMPARE has 734733 observations and 10 variables.
NOTE: PROCEDURE SORT used (Total process time):
      real time           12.56 seconds
      cpu time            24.36 seconds



350
351  PROC PRINT DATA =int.jake_compare (obs=1000);
352  WHERE match16 = . | match17 = . | match18=.;
353  RUN;

WARNING: Data too long for column "clnt_id"; truncated to 93 characters to fit.
NOTE: There were 1000 observations read from the data set INT.JAKE_COMPARE.
      WHERE (match16=.) or (match17=.) or (match18=.);
NOTE: PROCEDURE PRINT used (Total process time):
      real time           0.86 seconds
      cpu time            0.28 seconds


354        %LET ana = &hcpf/HCPF_SqlServer/AnalyticSubset;
SYMBOLGEN:  Macro variable HCPF resolves to S:/FHPC/DATA/HCPF_Data_files_SECURE
355        LIBNAME ana "&ana";
SYMBOLGEN:  Macro variable ANA resolves to
            S:/FHPC/DATA/HCPF_Data_files_SECURE/HCPF_SqlServer/AnalyticSubset
NOTE: Libref ANA was successfully assigned as follows:
      Engine:        V9
      Physical Name: S:\FHPC\DATA\HCPF_Data_files_SECURE\HCPF_SqlServer\AnalyticSubset
356
357  PROC PRINT DATA = ana.qry_montlyutilization;
ERROR: File ANA.QRY_MONTLYUTILIZATION.DATA does not exist.
358  WHERE mcaid_id IN ("A003219")
359  AND   month ge "01JUL2016"d
360  AND   month le "30JUN2017"d;
WARNING: No data sets qualify for WHERE processing.
361  RUN;

NOTE: The SAS System stopped processing this step because of errors.
NOTE: PROCEDURE PRINT used (Total process time):
      real time           0.00 seconds
      cpu time            0.00 seconds


362
363  PROC PRINT DATA = ana.qry_monthlyutilization;
364  WHERE mcaid_id IN ("A003219")
365  AND   month ge "01JUL2016"d
366  AND   month le "30JUN2017"d;
367  RUN;

WARNING: Data too long for column "MCAID_ID"; truncated to 90 characters to fit.
NOTE: There were 1 observations read from the data set ANA.QRY_MONTHLYUTILIZATION.
      WHERE (mcaid_id='A003219') and (month>='01JUL2016'D and month<='30JUN2017'D);
NOTE: PROCEDURE PRINT used (Total process time):
      real time           0.14 seconds
      cpu time            0.04 seconds


368  PROC PRINT DATA = ana.qry_longitudinal;
369  WHERE mcaid_id IN ("A003219")
370  AND   month ge "01JUL2016"d
371  AND   month le "30JUN2017"d;
372  RUN;

WARNING: Data too long for column "MCAID_ID"; truncated to 90 characters to fit.
WARNING: Data too long for column "pcmp_loc_ID"; truncated to 90 characters to fit.
NOTE: There were 12 observations read from the data set ANA.QRY_LONGITUDINAL.
      WHERE (mcaid_id='A003219') and (month>='01JUL2016'D and month<='30JUN2017'D);
NOTE: PROCEDURE PRINT used (Total process time):
      real time           3:41.58
      cpu time            8.07 seconds


373  %LET raw = &data/_raw;
SYMBOLGEN:  Macro variable DATA resolves to
            S:/FHPC/DATA/HCPF_Data_files_SECURE/Kim/isp/isp_utilization/data
374  LIBNAME raw "&raw";
SYMBOLGEN:  Macro variable RAW resolves to
            S:/FHPC/DATA/HCPF_Data_files_SECURE/Kim/isp/isp_utilization/data/_raw
NOTE: Libref RAW was successfully assigned as follows:
      Engine:        V9
      Physical Name: S:\FHPC\DATA\HCPF_Data_files_SECURE\Kim\isp\isp_utilization\data\_raw
375  PROC SQL ;
376  CREATE TABLE raw.util0 AS
377  SELECT *
378  FROM   ana.qry_monthlyutilization
379  QUIT;
NOTE: There were 103071220 observations read from the data set ANA.QRY_MONTHLYUTILIZATION.
WARNING: The data set RAW.UTIL0 may be incomplete.  When this step was stopped there were 103071220
         observations and 5 variables.
NOTE: PROCEDURE SQL used (Total process time):
      real time           1:48.10
      cpu time            7.96 seconds


379!       *66382081 4/24 //  663676624;

380  data raw.util0;
381  set  ana.qry_monthlyutilization (WHERE=(month ge '01Jul2016'd AND month le '30Jun2022'd));
382  format quarter_beg date9.;
383  quarter_beg=intnx('QTR', month, 0, 'BEGINNING');
384  run;

NOTE: The DATA step has been abnormally terminated.
NOTE: There were 33384340 observations read from the data set ANA.QRY_MONTHLYUTILIZATION.
      WHERE (month>='01JUL2016'D and month<='30JUN2022'D);
WARNING: The data set RAW.UTIL0 may be incomplete.  When this step was stopped there were 33384340
         observations and 6 variables.
WARNING: Data set RAW.UTIL0 was not replaced because this step was stopped.
NOTE: DATA statement used (Total process time):
      real time           53.80 seconds
      cpu time            11.53 seconds


385  libname ana clear;
NOTE: Libref ANA has been deassigned.

386  PROC PRINT DATA = int.util_1622_1;
387  WHERE mcaid_id IN ("A003219")
388  ;
389  RUN;

WARNING: Data too long for column "MCAID_ID"; truncated to 91 characters to fit.
NOTE: There were 6 observations read from the data set INT.UTIL_1622_1.
      WHERE mcaid_id='A003219';
NOTE: PROCEDURE PRINT used (Total process time):
      real time           0.35 seconds
      cpu time            0.01 seconds


390        %LET ana = &hcpf/HCPF_SqlServer/AnalyticSubset;
SYMBOLGEN:  Macro variable HCPF resolves to S:/FHPC/DATA/HCPF_Data_files_SECURE
391        LIBNAME ana "&ana";
SYMBOLGEN:  Macro variable ANA resolves to
            S:/FHPC/DATA/HCPF_Data_files_SECURE/HCPF_SqlServer/AnalyticSubset
NOTE: Libref ANA was successfully assigned as follows:
      Engine:        V9
      Physical Name: S:\FHPC\DATA\HCPF_Data_files_SECURE\HCPF_SqlServer\AnalyticSubset
392  DATA   raw.qrylong_1622;
393  LENGTH mcaid_id $11;
394  SET    ana.qry_longitudinal ( DROP = FED_POV:
395                                       DISBLD_IND
396                                       aid_cd:
397                                       title19:
398                                       SPLM_SCRTY_INCM_IND
399                                       SSI_:
400                                       SS:
401                                       dual
402                                       eligGrp
403                                       fost_aid_cd
404                                ) ;
405  * Recode pcmp loc type with format above;
406  num_pcmp_type = input(pcmp_loc_type_cd, 7.);
407  /*pcmp_type     = put(num_pcmp_type, pcmp_type_rc.);     */
408
409  format dt_qrtr date9.; * create quarter beginning date to get quarters ;
410  dt_qrtr = intnx('quarter', month ,0,'b');
411
412  WHERE  month ge '01Jul2016'd
413  AND    month le '30Jun2022'd
414  AND    BUDGET_GROUP not in (16,17,18,19,20,21,22,23,24,25,26,27,-1,)
415  AND    managedCare = 0;
416  RUN;

NOTE: There were 85514116 observations read from the data set ANA.QRY_LONGITUDINAL.
      WHERE (month>='01JUL2016'D and month<='30JUN2022'D) and BUDGET_GROUP not in (-1, 16, 17, 18,
      19, 20, 21, 22, 23, 24, 25, 26, 27) and (managedCare=0);
NOTE: The data set RAW.QRYLONG_1622 has 85514116 observations and 10 variables.
NOTE: DATA statement used (Total process time):
      real time           5:05.08
      cpu time            38.67 seconds


416!       * 95582030 4/24 : 95609204  observations and 10;

417  PROC SQL;
418  CREATE TABLE qrylong1 AS
419  SELECT a.mcaid_id
420       , a.pcmp_loc_id
421       , a.month
422       , a.enr_cnty
423       , a.budget_group
424       , a.dt_qrtr
425
426       , b.dob
427       , b.gender as sex
428       , b.race
429
430       , c.rae_id as rae_person_new
431
432  FROM   raw.qrylong0 AS a
433
434  LEFT JOIN ana.qry_demographics AS b
435  ON        a.mcaid_id=b.mcaid_id
436
437  LEFT JOIN int.rae as c
438  on        a.enr_cnty = c.hcpf_county_code_c
439
440  WHERE  managedcare = 0;
NOTE: Table WORK.QRYLONG1 created, with 85514116 rows and 10 columns.

441  QUIT;
NOTE: PROCEDURE SQL used (Total process time):
      real time           1:42.27
      cpu time            1:09.09


442  DATA   raw.qrylong0;
443  LENGTH mcaid_id $11;
444  SET    ana.qry_longitudinal ( DROP = FED_POV:
445                                       DISBLD_IND
446                                       aid_cd:
447                                       title19:
448                                       SPLM_SCRTY_INCM_IND
449                                       SSI_:
450                                       SS:
451                                       dual
452                                       eligGrp
453                                       fost_aid_cd
454                                ) ;
455  * Recode pcmp loc type with format above;
456  num_pcmp_type = input(pcmp_loc_type_cd, 7.);
457  /*pcmp_type     = put(num_pcmp_type, pcmp_type_rc.);     */
458
459  format dt_qrtr date9.; * create quarter beginning date to get quarters ;
460  dt_qrtr = intnx('quarter', month ,0,'b');
461
462  WHERE  month ge '01Jul2016'd
463  AND    month le '30Jun2022'd
464  AND    BUDGET_GROUP not in (16,17,18,19,20,21,22,23,24,25,26,27,-1,)
465  AND    managedCare = 0
466  ;
467  RUN;

NOTE: There were 85514116 observations read from the data set ANA.QRY_LONGITUDINAL.
      WHERE (month>='01JUL2016'D and month<='30JUN2022'D) and BUDGET_GROUP not in (-1, 16, 17, 18,
      19, 20, 21, 22, 23, 24, 25, 26, 27) and (managedCare=0);
NOTE: The data set RAW.QRYLONG0 has 85514116 observations and 10 variables.
NOTE: DATA statement used (Total process time):
      real time           5:13.87
      cpu time            37.31 seconds


468  PROC SQL;
469  CREATE TABLE raw.qrylong1 AS
470  SELECT a.mcaid_id
471       , a.pcmp_loc_id
472       , a.month
473       , a.enr_cnty
474       , a.budget_group
475       , a.dt_qrtr
476       , b.dob
477       , b.gender as sex
478       , b.race
479       , c.rae_id as rae_person_new
480  FROM   raw.qrylong0 AS a
481  LEFT JOIN ana.qry_demographics AS B ON a.mcaid_id=b.mcaid_id
482  LEFT JOIN int.rae              AS C ON a.enr_cnty = c.hcpf_county_code_c
483  WHERE  pcmp_loc_id ne ' ';
NOTE: Table RAW.QRYLONG1 created, with 72854378 rows and 10 columns.

484  QUIT;
NOTE: PROCEDURE SQL used (Total process time):
      real time           2:38.14
      cpu time            1:04.57


485  DATA int.qrylong1622 (DROP = last_day_fy dob rename=(age_end_fy=age));
486  SET  raw.qrylong1;
487  FORMAT last_day_fy date9.;
488  FY  = year(intnx('year.7', month, 0, 'BEGINNING'));
489  IF      month ge '01Jul2016'd AND month le '30Jun2017'd THEN last_day_fy='30Jun2017'd;
490  ELSE IF month ge '01Jul2017'd AND month le '30Jun2018'd THEN last_day_fy='30Jun2018'd;
491  ELSE IF month ge '01Jul2018'd AND month le '30Jun2019'd THEN last_day_fy='30Jun2019'd;
492  ELSE IF month ge '01Jul2019'd AND month le '30Jun2020'd THEN last_day_fy='30Jun2020'd;
493  ELSE IF month ge '01Jul2020'd AND month le '30Jun2021'd THEN last_day_fy='30Jun2021'd;
494  ELSE IF month ge '01Jul2021'd AND month le '30Jun2022'd THEN last_day_fy='30Jun2022'd;
495  age_end_fy = floor((intck('month', dob, last_day_fy) - (day(last_day_fy) < min(day(dob),
495! day(intnx ('month', last_day_fy, 1) -1)))) /12 );
496  IF age_end_fy lt 0 or age_end_fy gt 64 THEN delete;
497  RUN;

NOTE: There were 72854378 observations read from the data set RAW.QRYLONG1.
NOTE: The data set INT.QRYLONG1622 has 70204806 observations and 11 variables.
NOTE: DATA statement used (Total process time):
      real time           1:59.10
      cpu time            44.89 seconds


497!      *;

498  PROC CONTENTS DATA = int.qrylong_1622 varnum; run;

NOTE: PROCEDURE CONTENTS used (Total process time):
      real time           0.33 seconds
      cpu time            0.03 seconds


499  PROC CONTENTS DATA = int.qrylong1622 varnum; run;

NOTE: PROCEDURE CONTENTS used (Total process time):
      real time           0.26 seconds
      cpu time            0.01 seconds


500  proc means data=int.qrylong1622
501      NMISS;
502  run;

NOTE: There were 70204806 observations read from the data set INT.QRYLONG1622.
NOTE: PROCEDURE MEANS used (Total process time):
      real time           51.53 seconds
      cpu time            13.28 seconds


503  DATA  int.memlist;
504  SET   int.qrylong_1622;
ERROR: File INT.QRYLONG_1622.DATA does not exist.
505  WHERE rae_person_new ne .
506  AND   month ge '01JUL2019'd
507  AND   month le '30JUN2022'd;
508  RUN ;

NOTE: The SAS System stopped processing this step because of errors.
WARNING: The data set INT.MEMLIST may be incomplete.  When this step was stopped there were 0
         observations and 0 variables.
WARNING: Data set INT.MEMLIST was not replaced because this step was stopped.
NOTE: DATA statement used (Total process time):
      real time           0.25 seconds
      cpu time            0.01 seconds



508!        *4/24 memlist 40958727, memlist = n40974871 ;

509  DATA  int.memlist0;
510  SET   int.qrylong1622;
511  WHERE rae_person_new ne .
512  AND   month ge '01JUL2019'd
513  AND   month le '30JUN2022'd;
514  RUN ;

NOTE: There were 40958727 observations read from the data set INT.QRYLONG1622.
      WHERE (rae_person_new not = .) and (month>='01JUL2019'D and month<='30JUN2022'D);
NOTE: The data set INT.MEMLIST0 has 40958727 observations and 11 variables.
NOTE: DATA statement used (Total process time):
      real time           1:31.03
      cpu time            8.67 seconds


514!        *4/24 memlist 40958727, memlist = n40974871 ;

515  %create_qrtr(data=int.memlist0, set=int.memlist0, var= dt_qrtr, qrtr=time);
MLOGIC(CREATE_QRTR):  Beginning execution.
MLOGIC(CREATE_QRTR):  Parameter DATA has value int.memlist0
MLOGIC(CREATE_QRTR):  Parameter SET has value int.memlist0
MLOGIC(CREATE_QRTR):  Parameter VAR has value dt_qrtr
MLOGIC(CREATE_QRTR):  Parameter QRTR has value time
SYMBOLGEN:  Macro variable DATA resolves to int.memlist0
MPRINT(CREATE_QRTR):   data int.memlist0;
SYMBOLGEN:  Macro variable SET resolves to int.memlist0
MPRINT(CREATE_QRTR):   set int.memlist0;
SYMBOLGEN:  Macro variable VAR resolves to dt_qrtr
SYMBOLGEN:  Macro variable QRTR resolves to time
MPRINT(CREATE_QRTR):   if dt_qrtr in ('01JUL2019'd , '01AUG2019'd , '01SEP2019'd ) then time = 1;
SYMBOLGEN:  Macro variable VAR resolves to dt_qrtr
SYMBOLGEN:  Macro variable QRTR resolves to time
MPRINT(CREATE_QRTR):   if dt_qrtr in ('01OCT2019'd , '01NOV2019'd , '01DEC2019'd ) then time = 2;
SYMBOLGEN:  Macro variable VAR resolves to dt_qrtr
SYMBOLGEN:  Macro variable QRTR resolves to time
MPRINT(CREATE_QRTR):   if dt_qrtr in ('01JAN2020'd , '01FEB2020'd , '01MAR2020'd ) then time = 3;
SYMBOLGEN:  Macro variable VAR resolves to dt_qrtr
SYMBOLGEN:  Macro variable QRTR resolves to time
MPRINT(CREATE_QRTR):   if dt_qrtr in ('01APR2020'd , '01MAY2020'd , '01JUN2020'd ) then time = 4;
SYMBOLGEN:  Macro variable VAR resolves to dt_qrtr
SYMBOLGEN:  Macro variable QRTR resolves to time
MPRINT(CREATE_QRTR):   if dt_qrtr in ('01JUL2020'd , '01AUG2020'd , '01SEP2020'd ) then time = 5;
SYMBOLGEN:  Macro variable VAR resolves to dt_qrtr
SYMBOLGEN:  Macro variable QRTR resolves to time
MPRINT(CREATE_QRTR):   if dt_qrtr in ('01OCT2020'd , '01NOV2020'd , '01DEC2020'd ) then time = 6;
SYMBOLGEN:  Macro variable VAR resolves to dt_qrtr
SYMBOLGEN:  Macro variable QRTR resolves to time
MPRINT(CREATE_QRTR):   if dt_qrtr in ('01JAN2021'd , '01FEB2021'd , '01MAR2021'd ) then time = 7;
SYMBOLGEN:  Macro variable VAR resolves to dt_qrtr
SYMBOLGEN:  Macro variable QRTR resolves to time
MPRINT(CREATE_QRTR):   if dt_qrtr in ('01APR2021'd , '01MAY2021'd , '01JUN2021'd ) then time = 8;
SYMBOLGEN:  Macro variable VAR resolves to dt_qrtr
SYMBOLGEN:  Macro variable QRTR resolves to time
MPRINT(CREATE_QRTR):   if dt_qrtr in ('01JUL2021'd , '01AUG2021'd , '01SEP2021'd ) then time = 9;
SYMBOLGEN:  Macro variable VAR resolves to dt_qrtr
SYMBOLGEN:  Macro variable QRTR resolves to time
MPRINT(CREATE_QRTR):   if dt_qrtr in ('01OCT2021'd , '01NOV2021'd , '01DEC2021'd ) then time = 10;
SYMBOLGEN:  Macro variable VAR resolves to dt_qrtr
SYMBOLGEN:  Macro variable QRTR resolves to time
MPRINT(CREATE_QRTR):   if dt_qrtr in ('01JAN2022'd , '01FEB2022'd , '01MAR2022'd ) then time = 11;
SYMBOLGEN:  Macro variable VAR resolves to dt_qrtr
SYMBOLGEN:  Macro variable QRTR resolves to time
MPRINT(CREATE_QRTR):   if dt_qrtr in ('01APR2022'd , '01MAY2022'd , '01JUN2022'd ) then time = 12;
MPRINT(CREATE_QRTR):   run;

NOTE: There were 40958727 observations read from the data set INT.MEMLIST0.
NOTE: The data set INT.MEMLIST0 has 40958727 observations and 12 variables.
NOTE: DATA statement used (Total process time):
      real time           1:13.39
      cpu time            10.15 seconds


MLOGIC(CREATE_QRTR):  Ending execution.

516  DATA raw.qrylong2 (DROP = last_day_fy dob rename=(age_end_fy=age));
517  SET  raw.qrylong1;
518  FORMAT last_day_fy date9.;
519  FY  = year(intnx('year.7', month, 0, 'BEGINNING'));
520  IF      month ge '01Jul2016'd AND month le '30Jun2017'd THEN last_day_fy='30Jun2017'd;
521  ELSE IF month ge '01Jul2017'd AND month le '30Jun2018'd THEN last_day_fy='30Jun2018'd;
522  ELSE IF month ge '01Jul2018'd AND month le '30Jun2019'd THEN last_day_fy='30Jun2019'd;
523  ELSE IF month ge '01Jul2019'd AND month le '30Jun2020'd THEN last_day_fy='30Jun2020'd;
524  ELSE IF month ge '01Jul2020'd AND month le '30Jun2021'd THEN last_day_fy='30Jun2021'd;
525  ELSE IF month ge '01Jul2021'd AND month le '30Jun2022'd THEN last_day_fy='30Jun2022'd;
526  age_end_fy = floor((intck('month', dob, last_day_fy) - (day(last_day_fy) < min(day(dob),
526! day(intnx ('month', last_day_fy, 1) -1)))) /12 );
527  IF age_end_fy lt 0 or age_end_fy gt 64 THEN delete;
528  RUN;

NOTE: There were 72854378 observations read from the data set RAW.QRYLONG1.
NOTE: The data set RAW.QRYLONG2 has 70204806 observations and 11 variables.
NOTE: DATA statement used (Total process time):
      real time           1:59.70
      cpu time            45.98 seconds


528!      *70204806 : 11;

529  DATA  raw.memlist0;
530  SET   raw.qrylong2;
531  WHERE rae_person_new ne .
532  AND   month ge '01JUL2019'd
533  AND   month le '30JUN2022'd;
534  RUN ;

NOTE: There were 40958727 observations read from the data set RAW.QRYLONG2.
      WHERE (rae_person_new not = .) and (month>='01JUL2019'D and month<='30JUN2022'D);
NOTE: The data set RAW.MEMLIST0 has 40958727 observations and 11 variables.
NOTE: DATA statement used (Total process time):
      real time           1:29.64
      cpu time            9.18 seconds


534!        *4/24 memlist 40958727;

535  DATA  raw.memlist0;
536  SET   raw.qrylong2 (WHERE=(rae_person_new ne . AND FY in ('2019','2020','2021'));
                                                                                     -
                                                                                     6
                                                                                     180
ERROR 6-185: Missing ')' parenthesis for data set option list.

ERROR 180-322: Statement is not valid or it is used out of proper order.

537  RUN ;

NOTE: The SAS System stopped processing this step because of errors.
WARNING: The data set RAW.MEMLIST0 may be incomplete.  When this step was stopped there were 0
         observations and 0 variables.
WARNING: Data set RAW.MEMLIST0 was not replaced because this step was stopped.
NOTE: DATA statement used (Total process time):
      real time           0.10 seconds
      cpu time            0.03 seconds



537!        *4/24 memlist 40958727;

538  DATA  raw.memlist0;
539  SET   raw.qrylong2 (WHERE=(rae_person_new ne . AND FY in ('2019','2020','2021')));
ERROR: WHERE clause operator requires compatible variables.
540  RUN ;

NOTE: The SAS System stopped processing this step because of errors.
WARNING: The data set RAW.MEMLIST0 may be incomplete.  When this step was stopped there were 0
         observations and 0 variables.
WARNING: Data set RAW.MEMLIST0 was not replaced because this step was stopped.
NOTE: DATA statement used (Total process time):
      real time           0.09 seconds
      cpu time            0.03 seconds



540!        *4/24 memlist 40958727;

541  DATA  raw.memlist0;
542  SET   raw.qrylong2 (WHERE=(rae_person_new ne . AND FY in (2019,2020,2021)));
543  RUN ;

NOTE: There were 40958727 observations read from the data set RAW.QRYLONG2.
      WHERE (rae_person_new not = .) and FY in (2019, 2020, 2021);
NOTE: The data set RAW.MEMLIST0 has 40958727 observations and 11 variables.
NOTE: DATA statement used (Total process time):
      real time           1:29.67
      cpu time            9.71 seconds


543!        *4/24 memlist 40958727;

544  %create_qrtr(data=int.memlist0, set=int.memlist0, var= dt_qrtr, qrtr=time);
MLOGIC(CREATE_QRTR):  Beginning execution.
MLOGIC(CREATE_QRTR):  Parameter DATA has value int.memlist0
MLOGIC(CREATE_QRTR):  Parameter SET has value int.memlist0
MLOGIC(CREATE_QRTR):  Parameter VAR has value dt_qrtr
MLOGIC(CREATE_QRTR):  Parameter QRTR has value time
SYMBOLGEN:  Macro variable DATA resolves to int.memlist0
MPRINT(CREATE_QRTR):   data int.memlist0;
SYMBOLGEN:  Macro variable SET resolves to int.memlist0
MPRINT(CREATE_QRTR):   set int.memlist0;
SYMBOLGEN:  Macro variable VAR resolves to dt_qrtr
SYMBOLGEN:  Macro variable QRTR resolves to time
MPRINT(CREATE_QRTR):   if dt_qrtr in ('01JUL2019'd , '01AUG2019'd , '01SEP2019'd ) then time = 1;
SYMBOLGEN:  Macro variable VAR resolves to dt_qrtr
SYMBOLGEN:  Macro variable QRTR resolves to time
MPRINT(CREATE_QRTR):   if dt_qrtr in ('01OCT2019'd , '01NOV2019'd , '01DEC2019'd ) then time = 2;
SYMBOLGEN:  Macro variable VAR resolves to dt_qrtr
SYMBOLGEN:  Macro variable QRTR resolves to time
MPRINT(CREATE_QRTR):   if dt_qrtr in ('01JAN2020'd , '01FEB2020'd , '01MAR2020'd ) then time = 3;
SYMBOLGEN:  Macro variable VAR resolves to dt_qrtr
SYMBOLGEN:  Macro variable QRTR resolves to time
MPRINT(CREATE_QRTR):   if dt_qrtr in ('01APR2020'd , '01MAY2020'd , '01JUN2020'd ) then time = 4;
SYMBOLGEN:  Macro variable VAR resolves to dt_qrtr
SYMBOLGEN:  Macro variable QRTR resolves to time
MPRINT(CREATE_QRTR):   if dt_qrtr in ('01JUL2020'd , '01AUG2020'd , '01SEP2020'd ) then time = 5;
SYMBOLGEN:  Macro variable VAR resolves to dt_qrtr
SYMBOLGEN:  Macro variable QRTR resolves to time
MPRINT(CREATE_QRTR):   if dt_qrtr in ('01OCT2020'd , '01NOV2020'd , '01DEC2020'd ) then time = 6;
SYMBOLGEN:  Macro variable VAR resolves to dt_qrtr
SYMBOLGEN:  Macro variable QRTR resolves to time
MPRINT(CREATE_QRTR):   if dt_qrtr in ('01JAN2021'd , '01FEB2021'd , '01MAR2021'd ) then time = 7;
SYMBOLGEN:  Macro variable VAR resolves to dt_qrtr
SYMBOLGEN:  Macro variable QRTR resolves to time
MPRINT(CREATE_QRTR):   if dt_qrtr in ('01APR2021'd , '01MAY2021'd , '01JUN2021'd ) then time = 8;
SYMBOLGEN:  Macro variable VAR resolves to dt_qrtr
SYMBOLGEN:  Macro variable QRTR resolves to time
MPRINT(CREATE_QRTR):   if dt_qrtr in ('01JUL2021'd , '01AUG2021'd , '01SEP2021'd ) then time = 9;
SYMBOLGEN:  Macro variable VAR resolves to dt_qrtr
SYMBOLGEN:  Macro variable QRTR resolves to time
MPRINT(CREATE_QRTR):   if dt_qrtr in ('01OCT2021'd , '01NOV2021'd , '01DEC2021'd ) then time = 10;
SYMBOLGEN:  Macro variable VAR resolves to dt_qrtr
SYMBOLGEN:  Macro variable QRTR resolves to time
MPRINT(CREATE_QRTR):   if dt_qrtr in ('01JAN2022'd , '01FEB2022'd , '01MAR2022'd ) then time = 11;
SYMBOLGEN:  Macro variable VAR resolves to dt_qrtr
SYMBOLGEN:  Macro variable QRTR resolves to time
MPRINT(CREATE_QRTR):   if dt_qrtr in ('01APR2022'd , '01MAY2022'd , '01JUN2022'd ) then time = 12;
MPRINT(CREATE_QRTR):   run;

NOTE: There were 40958727 observations read from the data set INT.MEMLIST0.
NOTE: The data set INT.MEMLIST0 has 40958727 observations and 12 variables.
NOTE: DATA statement used (Total process time):
      real time           1:25.41
      cpu time            8.93 seconds


MLOGIC(CREATE_QRTR):  Ending execution.

545  DATA  raw.qrylong3 ;
546  MERGE raw.qrylong2 (in=a) raw.memlist0 (in=b KEEP=mcaid_id) ;
547  BY    mcaid_id;
548  IF    b;
549  RUN ;

ERROR: BY variables are not properly sorted on data set RAW.MEMLIST0.
a=0 b=1 mcaid_id=G434629 pcmp_loc_ID=  month=. enr_cnty=  BUDGET_GROUP=. dt_qrtr=. sex=  race=
rae_person_new=. FY=. age=. FIRST.mcaid_id=1 LAST.mcaid_id=1 _ERROR_=1 _N_=4
NOTE: The SAS System stopped processing this step because of errors.
NOTE: There were 3 observations read from the data set RAW.QRYLONG2.
NOTE: There were 3 observations read from the data set RAW.MEMLIST0.
WARNING: The data set RAW.QRYLONG3 may be incomplete.  When this step was stopped there were 1
         observations and 11 variables.
NOTE: DATA statement used (Total process time):
      real time           0.18 seconds
      cpu time            0.00 seconds



549!       *73404937: 11;

550  %macro sort4merge(ds1,ds2,by);
551  PROC SORT DATA = &ds1; by = &by;
552  PROC SORT DATA = &ds2; by = &by;
553  RUN;
554  %mend;

555  %sort4merge(raw.qrylong2,raw.memlist0,mcaid_id);
MLOGIC(SORT4MERGE):  Beginning execution.
MLOGIC(SORT4MERGE):  Parameter DS1 has value raw.qrylong2
MLOGIC(SORT4MERGE):  Parameter DS2 has value raw.memlist0
MLOGIC(SORT4MERGE):  Parameter BY has value mcaid_id
SYMBOLGEN:  Macro variable DS1 resolves to raw.qrylong2
NOTE: Line generated by the invoked macro "SORT4MERGE".
1     PROC SORT DATA = &ds1; by = &by; PROC SORT DATA = &ds2; by = &by; RUN;
                             --
                             180
ERROR 180-322: Statement is not valid or it is used out of proper order.

MPRINT(SORT4MERGE):   PROC SORT DATA = raw.qrylong2;
SYMBOLGEN:  Macro variable BY resolves to mcaid_id
MPRINT(SORT4MERGE):   by = mcaid_id;
NOTE: The SAS System stopped processing this step because of errors.
NOTE: PROCEDURE SORT used (Total process time):
      real time           0.03 seconds
      cpu time            0.01 seconds


SYMBOLGEN:  Macro variable DS2 resolves to raw.memlist0
180: LINE and COLUMN cannot be determined.
NOTE: NOSPOOL is on. Rerunning with OPTION SPOOL might allow recovery of the LINE and COLUMN where
      the error has occurred.
ERROR 180-322: Statement is not valid or it is used out of proper order.
MPRINT(SORT4MERGE):   PROC SORT DATA = raw.memlist0;
SYMBOLGEN:  Macro variable BY resolves to mcaid_id
MPRINT(SORT4MERGE):   by = mcaid_id;
MPRINT(SORT4MERGE):   RUN;

NOTE: The SAS System stopped processing this step because of errors.
NOTE: PROCEDURE SORT used (Total process time):
      real time           0.01 seconds
      cpu time            0.00 seconds

MLOGIC(SORT4MERGE):  Ending execution.


556  %sort4merge(ds1=raw.qrylong2, ds2=raw.memlist0, by=mcaid_id);
MLOGIC(SORT4MERGE):  Beginning execution.
MLOGIC(SORT4MERGE):  Parameter DS1 has value raw.qrylong2
MLOGIC(SORT4MERGE):  Parameter DS2 has value raw.memlist0
MLOGIC(SORT4MERGE):  Parameter BY has value mcaid_id
SYMBOLGEN:  Macro variable DS1 resolves to raw.qrylong2
NOTE: Line generated by the invoked macro "SORT4MERGE".
1     PROC SORT DATA = &ds1; by = &by; PROC SORT DATA = &ds2; by = &by; RUN;
                             --
                             180
ERROR 180-322: Statement is not valid or it is used out of proper order.

MPRINT(SORT4MERGE):   PROC SORT DATA = raw.qrylong2;
SYMBOLGEN:  Macro variable BY resolves to mcaid_id
MPRINT(SORT4MERGE):   by = mcaid_id;
NOTE: The SAS System stopped processing this step because of errors.
NOTE: PROCEDURE SORT used (Total process time):
      real time           0.01 seconds
      cpu time            0.00 seconds


SYMBOLGEN:  Macro variable DS2 resolves to raw.memlist0
180: LINE and COLUMN cannot be determined.
NOTE: NOSPOOL is on. Rerunning with OPTION SPOOL might allow recovery of the LINE and COLUMN where
      the error has occurred.
ERROR 180-322: Statement is not valid or it is used out of proper order.
MPRINT(SORT4MERGE):   PROC SORT DATA = raw.memlist0;
SYMBOLGEN:  Macro variable BY resolves to mcaid_id
MPRINT(SORT4MERGE):   by = mcaid_id;
MPRINT(SORT4MERGE):   RUN;

NOTE: The SAS System stopped processing this step because of errors.
NOTE: PROCEDURE SORT used (Total process time):
      real time           0.01 seconds
      cpu time            0.00 seconds

MLOGIC(SORT4MERGE):  Ending execution.


557  %macro sort4merge(ds1=,ds2=,by=);
558  PROC SORT DATA = &ds1; by = &by;
559  PROC SORT DATA = &ds2; by = &by;
560  RUN;
561  %mend;

562  %sort4merge(ds1=raw.qrylong2, ds2=raw.memlist0, by=mcaid_id);
MLOGIC(SORT4MERGE):  Beginning execution.
MLOGIC(SORT4MERGE):  Parameter DS1 has value raw.qrylong2
MLOGIC(SORT4MERGE):  Parameter DS2 has value raw.memlist0
MLOGIC(SORT4MERGE):  Parameter BY has value mcaid_id
SYMBOLGEN:  Macro variable DS1 resolves to raw.qrylong2
NOTE: Line generated by the invoked macro "SORT4MERGE".
1     PROC SORT DATA = &ds1; by = &by; PROC SORT DATA = &ds2; by = &by; RUN;
                             --
                             180
ERROR 180-322: Statement is not valid or it is used out of proper order.

MPRINT(SORT4MERGE):   PROC SORT DATA = raw.qrylong2;
SYMBOLGEN:  Macro variable BY resolves to mcaid_id
MPRINT(SORT4MERGE):   by = mcaid_id;
NOTE: The SAS System stopped processing this step because of errors.
NOTE: PROCEDURE SORT used (Total process time):
      real time           0.01 seconds
      cpu time            0.00 seconds


SYMBOLGEN:  Macro variable DS2 resolves to raw.memlist0
180: LINE and COLUMN cannot be determined.
NOTE: NOSPOOL is on. Rerunning with OPTION SPOOL might allow recovery of the LINE and COLUMN where
      the error has occurred.
ERROR 180-322: Statement is not valid or it is used out of proper order.
MPRINT(SORT4MERGE):   PROC SORT DATA = raw.memlist0;
SYMBOLGEN:  Macro variable BY resolves to mcaid_id
MPRINT(SORT4MERGE):   by = mcaid_id;
MPRINT(SORT4MERGE):   RUN;

NOTE: The SAS System stopped processing this step because of errors.
NOTE: PROCEDURE SORT used (Total process time):
      real time           0.03 seconds
      cpu time            0.03 seconds

MLOGIC(SORT4MERGE):  Ending execution.


563  PROC SORT DATA = raw.memlist0; by = mcaid_id;
                                    --
                                    180

ERROR 180-322: Statement is not valid or it is used out of proper order.

NOTE: The SAS System stopped processing this step because of errors.
NOTE: PROCEDURE SORT used (Total process time):
      real time           0.02 seconds
      cpu time            0.00 seconds



564  PROC SORT DATA = raw.qrylong2; by = mcaid_id;
                                    --
                                    180
ERROR 180-322: Statement is not valid or it is used out of proper order.

565  RUN;

NOTE: The SAS System stopped processing this step because of errors.
NOTE: PROCEDURE SORT used (Total process time):
      real time           0.01 seconds
      cpu time            0.00 seconds


566  %macro sort4merge(ds1=,ds2=,by=);
567  PROC SORT DATA = &ds1; by &by;
568  PROC SORT DATA = &ds2; by &by;
569  RUN;
570  %mend;

571  %sort4merge(ds1=raw.memlist0, ds2=raw.qrylong2, by=mcaid_id);
MLOGIC(SORT4MERGE):  Beginning execution.
MLOGIC(SORT4MERGE):  Parameter DS1 has value raw.memlist0
MLOGIC(SORT4MERGE):  Parameter DS2 has value raw.qrylong2
MLOGIC(SORT4MERGE):  Parameter BY has value mcaid_id
SYMBOLGEN:  Macro variable DS1 resolves to raw.memlist0
MPRINT(SORT4MERGE):   PROC SORT DATA = raw.memlist0;
SYMBOLGEN:  Macro variable BY resolves to mcaid_id
MPRINT(SORT4MERGE):   by mcaid_id;
NOTE: There were 40958727 observations read from the data set RAW.MEMLIST0.
NOTE: The data set RAW.MEMLIST0 has 40958727 observations and 11 variables.
NOTE: PROCEDURE SORT used (Total process time):
      real time           1:16.67
      cpu time            16.59 seconds


SYMBOLGEN:  Macro variable DS2 resolves to raw.qrylong2
MPRINT(SORT4MERGE):   PROC SORT DATA = raw.qrylong2;
SYMBOLGEN:  Macro variable BY resolves to mcaid_id
MPRINT(SORT4MERGE):   by mcaid_id;
MPRINT(SORT4MERGE):   RUN;

NOTE: There were 70204806 observations read from the data set RAW.QRYLONG2.
NOTE: The data set RAW.QRYLONG2 has 70204806 observations and 11 variables.
NOTE: PROCEDURE SORT used (Total process time):
      real time           2:07.23
      cpu time            28.34 seconds


MLOGIC(SORT4MERGE):  Ending execution.

572  DATA  raw.qrylong3 ;
573  MERGE raw.qrylong2 (in=a) raw.memlist0 (in=b KEEP=mcaid_id) ;
574  BY    mcaid_id;
575  IF    b;
576  RUN ;

NOTE: MERGE statement has more than one data set with repeats of BY values.
NOTE: There were 70204806 observations read from the data set RAW.QRYLONG2.
NOTE: There were 40958727 observations read from the data set RAW.MEMLIST0.
NOTE: The data set RAW.QRYLONG3 has 65420897 observations and 11 variables.
NOTE: DATA statement used (Total process time):
      real time           2:19.87
      cpu time            12.12 seconds


576!       *73404937: 11;

