NOTE: Copyright (c) 2016 by SAS Institute Inc., Cary, NC, USA.
NOTE: SAS (r) Proprietary Software 9.4 (TS1M7)
      Licensed to UNIVERSITY OF COLORADO SYSTEM - SFA - T&R, Site 70082279.
NOTE: This session is executing on the X64_10PRO  platform.



NOTE: Analytical products:

      SAS/STAT 15.2
      SAS/ETS 15.2
      SAS/OR 15.2
      SAS/IML 15.2
      SAS/QC 15.2

NOTE: Additional host information:

 X64_10PRO WIN 10.0.19041  Workstation

NOTE: SAS initialization used:
      real time           1.73 seconds
      cpu time            0.85 seconds

1    %INCLUDE "S:/FHPC/DATA/HCPF_DATA_files_SECURE/Kim/isp/isp_utilization/code/util_00_config.sas";
NOTE: Libref DATA was successfully assigned as follows:
      Engine:        V9
      Physical Name: S:\FHPC\DATA\HCPF_Data_files_SECURE\Kim\isp\isp_utilization\data
NOTE: Libref INT was successfully assigned as follows:
      Engine:        V9
      Physical Name: S:\FHPC\DATA\HCPF_Data_files_SECURE\Kim\isp\isp_utilization\data\interim
NOTE: Libref ANA was successfully assigned as follows:
      Engine:        V9
      Physical Name: S:\FHPC\DATA\HCPF_Data_files_SECURE\HCPF_SqlServer\AnalyticSubset

68   libname ana clear;
NOTE: Libref ANA has been deassigned.

69   PROC CONTENTS DATA = int.memlist VARNUM; RUN;
NOTE: Writing HTML Body file: sashtml.htm

NOTE: PROCEDURE CONTENTS used (Total process time):
      real time           0.65 seconds
      cpu time            0.21 seconds


70   N memlist with memlist_attr for pcmps for mcaid_ids in memlist (keep memlist mcaid_ids);
     -
     180

ERROR 180-322: Statement is not valid or it is used out of proper order.

71   PROC SQL ;
72   CREATE TABLE int.memlist_final AS
73   SELECT a.mcaid_id
74        , a.enr_cnty
75        , a.age
76        , a.sex
77        , a.race
78        , a.rae_person_new
79        , a.budget_group
80        , a.FY
81        , a.time
82
83        , b.pcmp_loc_id
84        , b.n_months_per_q
85        , b.ind_isp
86
87   FROM int.memlist as a
88   LEFT JOIN int.memlist_attr_qrtr_1921 as b
89
90   ON a.mcaid_id=b.mcaid_id
91   AND a.time = b.time ;
NOTE: Table INT.MEMLIST_FINAL created, with 40958727 rows and 12 columns.

92
93   QUIT ;
NOTE: PROCEDURE SQL used (Total process time):
      real time           2:08.18
      cpu time            28.21 seconds


93 !        * 4097481 : 12 ;

94   PROC SORT DATA = int.memlist_final NODUPKEY; BY _ALL_; RUN;

NOTE: There were 40958727 observations read from the data set INT.MEMLIST_FINAL.
NOTE: 26599692 observations with duplicate key values were deleted.
NOTE: The data set INT.MEMLIST_FINAL has 14359035 observations and 12 variables.
NOTE: PROCEDURE SORT used (Total process time):
      real time           54.42 seconds
      cpu time            18.21 seconds



95
96   PROC SQL;
97   CREATE TABLE n_mcaid_ID AS
98   SELECT count(mcaid_id) as n
99   FROM int.memlist_final;
NOTE: Table WORK.N_MCAID_ID created, with 1 rows and 1 columns.

100  QUIT;
NOTE: PROCEDURE SQL used (Total process time):
      real time           11.88 seconds
      cpu time            0.71 seconds


101  PROC SQL;
102  CREATE TABLE n_mcaid_ID AS
103  SELECT count(distinct mcaid_id) as n
104  FROM int.memlist_final;
NOTE: Query was canceled by attention.

105  QUIT;
NOTE: PROCEDURE SQL used (Total process time):
      real time           15.53 seconds
      cpu time            1.28 seconds


106
107  PROC SQL;
108  CREATE TABLE n_mcaid_ID AS
109  SELECT mcaid_id
110       , count(distinct mcaid_id) as n
111  FROM int.memlist_final;
NOTE: The query requires remerging summary statistics back with the original data.
NOTE: Table WORK.N_MCAID_ID created, with 14359035 rows and 2 columns.

112  QUIT;
NOTE: PROCEDURE SQL used (Total process time):
      real time           7.34 seconds
      cpu time            3.40 seconds


113  PROC SQL;
114  CREATE TABLE n_mcaid_ID AS
115  SELECT mcaid_id
116       , count(distinct mcaid_id) as n
117  FROM int.memlist_final
118  GROUP by mcaid_id;
NOTE: Table WORK.N_MCAID_ID created, with 1593607 rows and 2 columns.

119  QUIT;
NOTE: PROCEDURE SQL used (Total process time):
      real time           14.49 seconds
      cpu time            3.84 seconds


120  PROC SQL;
121  CREATE TABLE n_mcaid_ID AS
122  SELECT mcaid_id
123       , count(mcaid_id) as n
124  FROM int.memlist_final
125  GROUP by mcaid_id;
NOTE: Table WORK.N_MCAID_ID created, with 1593607 rows and 2 columns.

126  QUIT;
NOTE: PROCEDURE SQL used (Total process time):
      real time           11.90 seconds
      cpu time            1.09 seconds


127  PROC PRINT DATA = n_mcaid_ID (obs = 100) ; where n>12; run;

NOTE: There were 100 observations read from the data set WORK.N_MCAID_ID.
      WHERE n>12;
NOTE: PROCEDURE PRINT used (Total process time):
      real time           0.03 seconds
      cpu time            0.01 seconds



128  PROC PRINT DATA = int.memlist_final; where mcaid_id = "A005628"; run;

NOTE: There were 13 observations read from the data set INT.MEMLIST_FINAL.
      WHERE mcaid_id='A005628';
NOTE: PROCEDURE PRINT used (Total process time):
      real time           1.15 seconds
      cpu time            0.03 seconds



129  PROC FORMAT library = data;
130
131  * Formats for values in datasets in ana library:;
132  VALUE budget_grp_new_
133      5          = "MAGI TO 68% FPL"
134      3          = "MAGI 69 - 133% FPL"
135      6,7,8,9,10 = "Disabled"
136      11         = "Foster Care"
137      12         = "MAGI Eligible Children"
138      Other      = "Other";
NOTE: Format BUDGET_GRP_NEW_ is already on the library DATA.FORMATS.
NOTE: Format BUDGET_GRP_NEW_ has been written to DATA.FORMATS.
139
140  VALUE $race_rc_
141      .         = "Other"
142      1         = "Hispanic/Latino"
143      2         = "non-Hispanic White/Caucasian"
144      3         = "non-Hispanic Black/African American"
145      4,5,6,7,8 = "non-Hispanic Other"
146      9         = "non-Hispanic Other People of Color"
147      Other     = "Unknown Race/Ethnicity";
NOTE: Format $RACE_RC_ is already on the library DATA.FORMATS.
NOTE: Format $RACE_RC_ has been written to DATA.FORMATS.
148
149  * Formats for values created originally in the util files;
150  VALUE adj_pd_total_YRcat_
151      0 = 0
152      1 - 50  = 1
153      51 - 75 = 2
154      76 - 90 = 3
155      91 - 95 = 4
156      96 - 99 = 5
157      Other = .;
NOTE: Format ADJ_PD_TOTAL_YRCAT_ is already on the library DATA.FORMATS.
NOTE: Format ADJ_PD_TOTAL_YRCAT_ has been written to DATA.FORMATS.
158
159  VALUE age_cat_
160      0 - 5 = 1
161      6 -10 = 2
162      11-15 = 3
163      16-20 = 4
164      21-44 = 5
165      45-64 = 6 ;
NOTE: Format AGE_CAT_ is already on the library DATA.FORMATS.
NOTE: Format AGE_CAT_ has been written to DATA.FORMATS.
166
167  RUN;

NOTE: PROCEDURE FORMAT used (Total process time):
      real time           0.04 seconds
      cpu time            0.01 seconds


168  DATA memlist_final;
169  SET  int.memlist_final;
170  format budget_group budget_grp_new.;
                         ---------------
                         484
NOTE 484-185: Format BUDGET_GRP_NEW was not found or could not be loaded.

171  RUN;

NOTE: There were 14359035 observations read from the data set INT.MEMLIST_FINAL.
NOTE: The data set WORK.MEMLIST_FINAL has 14359035 observations and 12 variables.
NOTE: DATA statement used (Total process time):
      real time           12.47 seconds
      cpu time            1.15 seconds


172  PROC FORMAT library = data;
173
174  * Formats for values in datasets in ana library:;
175  VALUE budget_grp_new_
176      5          = "MAGI TO 68% FPL"
177      3          = "MAGI 69 - 133% FPL"
178      6,7,8,9,10 = "Disabled"
179      11         = "Foster Care"
180      12         = "MAGI Eligible Children"
181      Other      = "Other";
NOTE: Format BUDGET_GRP_NEW_ is already on the library DATA.FORMATS.
NOTE: Format BUDGET_GRP_NEW_ has been written to DATA.FORMATS.
182
183  VALUE $race_rc_
184      .         = "Other"
185      1         = "Hispanic/Latino"
186      2         = "non-Hispanic White/Caucasian"
187      3         = "non-Hispanic Black/African American"
188      4,5,6,7,8 = "non-Hispanic Other"
189      9         = "non-Hispanic Other People of Color"
190      Other     = "Unknown Race/Ethnicity";
NOTE: Format $RACE_RC_ is already on the library DATA.FORMATS.
NOTE: Format $RACE_RC_ has been written to DATA.FORMATS.
191
192  * Formats for values created originally in the util files;
193  VALUE adj_pd_total_YRcat_
194      0 = 0
195      1 - 50  = 1
196      51 - 75 = 2
197      76 - 90 = 3
198      91 - 95 = 4
199      96 - 99 = 5
200      Other = .;
NOTE: Format ADJ_PD_TOTAL_YRCAT_ is already on the library DATA.FORMATS.
NOTE: Format ADJ_PD_TOTAL_YRCAT_ has been written to DATA.FORMATS.
201
202  VALUE age_cat_
203      0 - 5 = 1
204      6 -10 = 2
205      11-15 = 3
206      16-20 = 4
207      21-44 = 5
208      45-64 = 6 ;
NOTE: Format AGE_CAT_ is already on the library DATA.FORMATS.
NOTE: Format AGE_CAT_ has been written to DATA.FORMATS.
209
210  RUN;

NOTE: PROCEDURE FORMAT used (Total process time):
      real time           0.03 seconds
      cpu time            0.01 seconds


211  DATA memlist_final;
212  SET  int.memlist_final;
213  format budget_group budget_grp_new.;
                         ---------------
                         484
NOTE 484-185: Format BUDGET_GRP_NEW was not found or could not be loaded.

214  RUN;

NOTE: There were 14359035 observations read from the data set INT.MEMLIST_FINAL.
NOTE: The data set WORK.MEMLIST_FINAL has 14359035 observations and 12 variables.
NOTE: DATA statement used (Total process time):
      real time           12.33 seconds
      cpu time            1.32 seconds


215  PROC PRINT DATA = memlist_final; where mcaid_id = "A005628"; run;

NOTE: There were 13 observations read from the data set WORK.MEMLIST_FINAL.
      WHERE mcaid_id='A005628';
NOTE: PROCEDURE PRINT used (Total process time):
      real time           0.53 seconds
      cpu time            0.51 seconds



216  PROC SQL ;
217  CREATE TABLE int.memlist_final AS
218  SELECT a.mcaid_id
219       , a.enr_cnty
220       , a.age
221       , a.sex
222       , a.race
223       , a.rae_person_new
224       , a.FY
225       , a.time
226
227       , b.pcmp_loc_id
228       , b.n_months_per_q
229       , b.ind_isp
230
231  FROM int.memlist as a
232  LEFT JOIN int.memlist_attr_qrtr_1921 as b
233
234  ON a.mcaid_id=b.mcaid_id
235  AND a.time = b.time ;
NOTE: Table INT.MEMLIST_FINAL created, with 40958727 rows and 11 columns.

236
237  QUIT ;
NOTE: PROCEDURE SQL used (Total process time):
      real time           1:49.47
      cpu time            26.46 seconds


238  DATA memlist_final;
239  SET  int.memlist_final ;
240  format budget_group;
241  RUN;

NOTE: Variable budget_group is uninitialized.
ERROR: User asked for termination
NOTE: The SAS System stopped processing this step because of errors.
NOTE: There were 18429860 observations read from the data set INT.MEMLIST_FINAL.
WARNING: The data set WORK.MEMLIST_FINAL may be incomplete.  When this step was stopped there were
         18429860 observations and 11 variables.
WARNING: Data set WORK.MEMLIST_FINAL was not replaced because this step was stopped.
NOTE: DATA statement used (Total process time):
      real time           17.25 seconds
      cpu time            1.92 seconds


242  PROC CONTENTS DATA = int.memlist_final VARNUM; RUN;

NOTE: PROCEDURE CONTENTS used (Total process time):
      real time           0.04 seconds
      cpu time            0.03 seconds


243  PROC SQL ;
244  CREATE TABLE int.memlist_final AS
245  SELECT a.mcaid_id
246       , a.enr_cnty
247       , a.age
248       , a.sex
249       , a.race
250       , a.rae_person_new
251       , a.budget_group
252       , a.FY
253       , a.time
254
255       , b.pcmp_loc_id
256       , b.n_months_per_q
257       , b.ind_isp
258
259  FROM int.memlist as a
260  LEFT JOIN int.memlist_attr_qrtr_1921 as b
261
262  ON a.mcaid_id=b.mcaid_id
263  AND a.time = b.time ;
NOTE: Table INT.MEMLIST_FINAL created, with 40958727 rows and 12 columns.

264
265  QUIT ;
NOTE: PROCEDURE SQL used (Total process time):
      real time           1:38.28
      cpu time            26.54 seconds


265!        *4/24 40958727 //  409

266  DATA memlist_final;
267  SET  int.memlist_final ;
268  format budget_group;
269  RUN;

NOTE: There were 40958727 observations read from the data set INT.MEMLIST_FINAL.
NOTE: The data set WORK.MEMLIST_FINAL has 40958727 observations and 12 variables.
NOTE: DATA statement used (Total process time):
      real time           35.31 seconds
      cpu time            3.59 seconds


270  PROC SORT DATA = int.memlist_final NODUPKEY; BY _ALL_; RUN;

NOTE: There were 40958727 observations read from the data set INT.MEMLIST_FINAL.
NOTE: 26599692 observations with duplicate key values were deleted.
NOTE: The data set INT.MEMLIST_FINAL has 14359035 observations and 12 variables.
NOTE: PROCEDURE SORT used (Total process time):
      real time           54.37 seconds
      cpu time            18.39 seconds


270!                                                             *14359035;

271  PROC PRINT DATA = memlist_final; where mcaid_id = "A005628"; run;

NOTE: There were 36 observations read from the data set WORK.MEMLIST_FINAL.
      WHERE mcaid_id='A005628';
NOTE: PROCEDURE PRINT used (Total process time):
      real time           1.52 seconds
      cpu time            1.50 seconds



272  DATA int.memlist_final;
273  SET  int.memlist_final ;
274  budget_grp_new = put(budget_group, budget_grp_new.);
                                        ---------------
                                        484
NOTE 484-185: Format BUDGET_GRP_NEW was not found or could not be loaded.

275  RUN;

ERROR: User asked for termination
NOTE: The SAS System stopped processing this step because of errors.
NOTE: There were 6803626 observations read from the data set INT.MEMLIST_FINAL.
WARNING: The data set INT.MEMLIST_FINAL may be incomplete.  When this step was stopped there were
         6803626 observations and 13 variables.
WARNING: Data set INT.MEMLIST_FINAL was not replaced because this step was stopped.
NOTE: DATA statement used (Total process time):
      real time           15.90 seconds
      cpu time            0.98 seconds


276  DATA int.memlist_final;
277  SET  int.memlist_final ;
278  budget_grp_new = put(budget_group, budget_grp_new_.);
279  RUN;

ERROR: User asked for termination
NOTE: The SAS System stopped processing this step because of errors.
NOTE: There were 8501266 observations read from the data set INT.MEMLIST_FINAL.
WARNING: The data set INT.MEMLIST_FINAL may be incomplete.  When this step was stopped there were
         8501266 observations and 13 variables.
WARNING: Data set INT.MEMLIST_FINAL was not replaced because this step was stopped.
NOTE: DATA statement used (Total process time):
      real time           20.56 seconds
      cpu time            1.64 seconds


280  DATA int.memlist_final (rename=(budget_group=budget_grp_new));
281  SET  int.memlist_final ;
282  format budget_group budget_grp_new_.;
283  RUN;

NOTE: There were 14359035 observations read from the data set INT.MEMLIST_FINAL.
NOTE: The data set INT.MEMLIST_FINAL has 14359035 observations and 12 variables.
NOTE: DATA statement used (Total process time):
      real time           27.46 seconds
      cpu time            2.10 seconds


284  PROC SORT DATA = int.memlist_final NODUPKEY; BY _ALL_; RUN;

NOTE: There were 14359035 observations read from the data set INT.MEMLIST_FINAL.
NOTE: 0 observations with duplicate key values were deleted.
NOTE: The data set INT.MEMLIST_FINAL has 14359035 observations and 12 variables.
NOTE: PROCEDURE SORT used (Total process time):
      real time           28.98 seconds
      cpu time            7.60 seconds


284!                                                             *14359035;

285  PROC PRINT DATA = int.memlist_final; where mcaid_id = "A005628"; run;

NOTE: There were 13 observations read from the data set INT.MEMLIST_FINAL.
      WHERE mcaid_id='A005628';
NOTE: PROCEDURE PRINT used (Total process time):
      real time           0.05 seconds
      cpu time            0.03 seconds



286  DATA int.memlist_final (drop=budget_group);
287  SET  int.memlist_final ;
288  budget_grp_new = put(budget_group, budget_grp_new_.);
289  RUN;

NOTE: Character values have been converted to numeric values at the places given by:
      (Line):(Column).
      288:18
NOTE: Variable budget_group is uninitialized.
NOTE: Invalid numeric data, 'Other' , at line 288 column 18.
mcaid_id=A000405 enr_cnty=62 age=52 sex=Female race=Hispanic/Latino rae_person_new=2
budget_grp_new=Other FY=2019 time=1 pcmp_loc_id=124725 n_months_per_q=3 ind_isp=0 budget_group=.
_ERROR_=1 _N_=1
NOTE: Invalid numeric data, 'Other' , at line 288 column 18.
mcaid_id=A000405 enr_cnty=62 age=52 sex=Female race=Hispanic/Latino rae_person_new=2
budget_grp_new=Other FY=2019 time=2 pcmp_loc_id=124725 n_months_per_q=3 ind_isp=0 budget_group=.
_ERROR_=1 _N_=2
NOTE: Invalid numeric data, 'Other' , at line 288 column 18.
mcaid_id=A000405 enr_cnty=62 age=52 sex=Female race=Hispanic/Latino rae_person_new=2
budget_grp_new=Other FY=2019 time=3 pcmp_loc_id=124725 n_months_per_q=3 ind_isp=0 budget_group=.
_ERROR_=1 _N_=3
NOTE: Invalid numeric data, 'Other' , at line 288 column 18.
mcaid_id=A000405 enr_cnty=62 age=52 sex=Female race=Hispanic/Latino rae_person_new=2
budget_grp_new=Other FY=2019 time=4 pcmp_loc_id=124725 n_months_per_q=3 ind_isp=0 budget_group=.
_ERROR_=1 _N_=4
NOTE: Invalid numeric data, 'Other' , at line 288 column 18.
mcaid_id=A000405 enr_cnty=62 age=53 sex=Female race=Hispanic/Latino rae_person_new=2
budget_grp_new=Other FY=2020 time=5 pcmp_loc_id=124725 n_months_per_q=3 ind_isp=0 budget_group=.
_ERROR_=1 _N_=5
NOTE: Invalid numeric data, 'Other' , at line 288 column 18.
mcaid_id=A000405 enr_cnty=62 age=53 sex=Female race=Hispanic/Latino rae_person_new=2
budget_grp_new=Other FY=2020 time=6 pcmp_loc_id=124725 n_months_per_q=3 ind_isp=0 budget_group=.
_ERROR_=1 _N_=6
NOTE: Invalid numeric data, 'Other' , at line 288 column 18.
mcaid_id=A000405 enr_cnty=62 age=53 sex=Female race=Hispanic/Latino rae_person_new=2
budget_grp_new=Other FY=2020 time=7 pcmp_loc_id=124725 n_months_per_q=3 ind_isp=0 budget_group=.
_ERROR_=1 _N_=7
NOTE: Invalid numeric data, 'Other' , at line 288 column 18.
mcaid_id=A000405 enr_cnty=62 age=53 sex=Female race=Hispanic/Latino rae_person_new=2
budget_grp_new=Other FY=2020 time=8 pcmp_loc_id=124725 n_months_per_q=3 ind_isp=0 budget_group=.
_ERROR_=1 _N_=8
NOTE: Invalid numeric data, 'Other' , at line 288 column 18.
mcaid_id=A000405 enr_cnty=62 age=54 sex=Female race=Hispanic/Latino rae_person_new=2
budget_grp_new=Other FY=2021 time=9 pcmp_loc_id=124725 n_months_per_q=3 ind_isp=0 budget_group=.
_ERROR_=1 _N_=9
NOTE: Invalid numeric data, 'Other' , at line 288 column 18.
mcaid_id=A000405 enr_cnty=62 age=54 sex=Female race=Hispanic/Latino rae_person_new=2
budget_grp_new=Other FY=2021 time=10 pcmp_loc_id=124725 n_months_per_q=3 ind_isp=0 budget_group=.
_ERROR_=1 _N_=10
NOTE: Invalid numeric data, 'Other' , at line 288 column 18.
mcaid_id=A000405 enr_cnty=62 age=54 sex=Female race=Hispanic/Latino rae_person_new=2
budget_grp_new=Other FY=2021 time=11 pcmp_loc_id=124725 n_months_per_q=3 ind_isp=0 budget_group=.
_ERROR_=1 _N_=11
NOTE: Invalid numeric data, 'Other' , at line 288 column 18.
mcaid_id=A000405 enr_cnty=62 age=54 sex=Female race=Hispanic/Latino rae_person_new=2
budget_grp_new=Other FY=2021 time=12 pcmp_loc_id=124725 n_months_per_q=3 ind_isp=0 budget_group=.
_ERROR_=1 _N_=12
NOTE: Invalid numeric data, 'Other' , at line 288 column 18.
mcaid_id=A001791 enr_cnty=01 age=55 sex=Male race=Hispanic/Latino rae_person_new=3
budget_grp_new=Other FY=2021 time=10 pcmp_loc_id=107288 n_months_per_q=2 ind_isp=0 budget_group=.
_ERROR_=1 _N_=13
NOTE: Invalid numeric data, 'Other' , at line 288 column 18.
mcaid_id=A002526 enr_cnty=01 age=52 sex=Male race=Hispanic/Latino rae_person_new=3
budget_grp_new=Other FY=2019 time=1 pcmp_loc_id=138468 n_months_per_q=3 ind_isp=0 budget_group=.
_ERROR_=1 _N_=14
NOTE: Invalid numeric data, 'Other' , at line 288 column 18.
mcaid_id=A002526 enr_cnty=01 age=52 sex=Male race=Hispanic/Latino rae_person_new=3
budget_grp_new=Other FY=2019 time=2 pcmp_loc_id=138468 n_months_per_q=3 ind_isp=0 budget_group=.
_ERROR_=1 _N_=15
NOTE: Invalid numeric data, 'Other' , at line 288 column 18.
mcaid_id=A002526 enr_cnty=01 age=52 sex=Male race=Hispanic/Latino rae_person_new=3
budget_grp_new=Other FY=2019 time=3 pcmp_loc_id=138468 n_months_per_q=3 ind_isp=0 budget_group=.
_ERROR_=1 _N_=16
NOTE: Invalid numeric data, 'Other' , at line 288 column 18.
mcaid_id=A002526 enr_cnty=01 age=52 sex=Male race=Hispanic/Latino rae_person_new=3
budget_grp_new=Other FY=2019 time=4 pcmp_loc_id=138468 n_months_per_q=3 ind_isp=0 budget_group=.
_ERROR_=1 _N_=17
NOTE: Invalid numeric data, 'Other' , at line 288 column 18.
mcaid_id=A002526 enr_cnty=01 age=53 sex=Male race=Hispanic/Latino rae_person_new=3
budget_grp_new=Other FY=2020 time=5 pcmp_loc_id=138468 n_months_per_q=3 ind_isp=0 budget_group=.
_ERROR_=1 _N_=18
NOTE: Invalid numeric data, 'Other' , at line 288 column 18.
mcaid_id=A002526 enr_cnty=01 age=53 sex=Male race=Hispanic/Latino rae_person_new=3
budget_grp_new=Other FY=2020 time=6 pcmp_loc_id=138468 n_months_per_q=3 ind_isp=0 budget_group=.
_ERROR_=1 _N_=19
NOTE: Invalid numeric data, 'Other' , at line 288 column 18.
WARNING: Limit set by ERRORS= option reached.  Further errors of this type will not be printed.
mcaid_id=A002526 enr_cnty=01 age=53 sex=Male race=Hispanic/Latino rae_person_new=3
budget_grp_new=Other FY=2020 time=7 pcmp_loc_id=138468 n_months_per_q=3 ind_isp=0 budget_group=.
_ERROR_=1 _N_=20
NOTE: There were 14359035 observations read from the data set INT.MEMLIST_FINAL.
NOTE: The data set INT.MEMLIST_FINAL has 14359035 observations and 12 variables.
NOTE: DATA statement used (Total process time):
      real time           27.46 seconds
      cpu time            3.78 seconds


290  PROC SORT DATA = int.memlist_final NODUPKEY; BY _ALL_; RUN;

NOTE: There were 14359035 observations read from the data set INT.MEMLIST_FINAL.
NOTE: 287139 observations with duplicate key values were deleted.
NOTE: The data set INT.MEMLIST_FINAL has 14071896 observations and 12 variables.
NOTE: PROCEDURE SORT used (Total process time):
      real time           28.77 seconds
      cpu time            8.82 seconds


290!                                                             *14359035;

291  PROC SQL;
292  CREATE TABLE n_mcaid_ID AS
293  SELECT mcaid_id
294       , count(mcaid_id) as n
295  FROM int.memlist_final
296  GROUP by mcaid_id;
NOTE: Table WORK.N_MCAID_ID created, with 1593607 rows and 2 columns.

297  QUIT;
NOTE: PROCEDURE SQL used (Total process time):
      real time           11.78 seconds
      cpu time            0.98 seconds


298  PROC FREQ DATA = n_mcaid_id; tables n; run;

NOTE: There were 1593607 observations read from the data set WORK.N_MCAID_ID.
NOTE: PROCEDURE FREQ used (Total process time):
      real time           0.11 seconds
      cpu time            0.06 seconds



299  PROC PRINT DATA = n_mcaid_ID (obs = 100) ; where n>12; run;

NOTE: There were 100 observations read from the data set WORK.N_MCAID_ID.
      WHERE n>12;
NOTE: PROCEDURE PRINT used (Total process time):
      real time           0.01 seconds
      cpu time            0.01 seconds



300  PROC PRINT DATA = int.memlist_final; where mcaid_id = "A006368"; run;

NOTE: No observations were selected from data set INT.MEMLIST_FINAL.
NOTE: There were 0 observations read from the data set INT.MEMLIST_FINAL.
      WHERE mcaid_id='A006368';
NOTE: PROCEDURE PRINT used (Total process time):
      real time           0.03 seconds
      cpu time            0.00 seconds



301  PROC PRINT DATA = int.memlist_final; where mcaid_id = "A066638"; run;

NOTE: There were 13 observations read from the data set INT.MEMLIST_FINAL.
      WHERE mcaid_id='A066638';
NOTE: PROCEDURE PRINT used (Total process time):
      real time           0.04 seconds
      cpu time            0.00 seconds



302  proc print data = int.qrylong_1622; where mcaid_id = "A066638"; Run;

NOTE: There were 70 observations read from the data set INT.QRYLONG_1622.
      WHERE mcaid_id='A066638';
NOTE: PROCEDURE PRINT used (Total process time):
      real time           0.26 seconds
      cpu time            0.03 seconds



303  PROC CONTENTS DATA = int.qrylong_1622_months; run;

NOTE: PROCEDURE CONTENTS used (Total process time):
      real time           0.12 seconds
      cpu time            0.00 seconds


304  PROC SQL;
305  CREATE table int.max_enr_county AS
306  SELECT mcaid_id
307       , enr_county
308       , rae_person_new
309       , time
310  FROM int.qrylong_1622_months
311  GROUP by mcaid_id, time
312  HAVING max(month);
ERROR: The following columns were not found in the contributing tables: enr_county.
313  RUN;
NOTE: PROC SQL statements are executed immediately; The RUN statement has no effect.
NOTE: The SAS System stopped processing this step because of errors.
NOTE: PROCEDURE SQL used (Total process time):
      real time           13.56 seconds
      cpu time            0.45 seconds



314  PROC SQL;
315  CREATE table int.max_enr_county AS
316  SELECT mcaid_id
317       , enr_cnty
318       , rae_person_new
319       , time
320  FROM int.qrylong_1622_months
321  GROUP by mcaid_id, time
322  HAVING max(month);
NOTE: The query requires remerging summary statistics back with the original data.
NOTE: Table INT.MAX_ENR_COUNTY created, with 82160141 rows and 4 columns.

323  RUN;
NOTE: PROC SQL statements are executed immediately; The RUN statement has no effect.
NOTE: PROCEDURE SQL used (Total process time):
      real time           6:00.44
      cpu time            37.75 seconds


324  data int.max_enr_county;
325     set int.qrylong_1622_months;
326     BY mcaid_id time;
327     if FIRST.mcaid_id then
328        Count = 0;              /* initialize Count at beginning of each BY group */
329     Count + 1;                 /* increment Count for each record */
330     if LAST.mcaid_id;    /* output only the last record of each BY group */
331  run;

ERROR: BY variables are not properly sorted on data set INT.QRYLONG_1622_MONTHS.
mcaid_id=A001791 pcmp_loc_ID=  month=01JUN2022 enr_cnty=  BUDGET_GROUP=MAGI 69 - 133% FPL
dt_qrtr=01APR2022 sex=Male race=Hispanic/Latino rae_person_new=. FY=2021 age=55 time=12
FIRST.mcaid_id=0 LAST.mcaid_id=0 FIRST.time=0 LAST.time=0 Count=6 _ERROR_=1 _N_=99
NOTE: The SAS System stopped processing this step because of errors.
NOTE: There were 100 observations read from the data set INT.QRYLONG_1622_MONTHS.
WARNING: The data set INT.MAX_ENR_COUNTY may be incomplete.  When this step was stopped there were
         2 observations and 13 variables.
WARNING: Data set INT.MAX_ENR_COUNTY was not replaced because this step was stopped.
NOTE: DATA statement used (Total process time):
      real time           0.28 seconds
      cpu time            0.01 seconds


332  PROC SORT DATA = int.qrylong_1622_months; by mcaid_id time; run;

NOTE: There were 82160141 observations read from the data set INT.QRYLONG_1622_MONTHS.
NOTE: The data set INT.QRYLONG_1622_MONTHS has 82160141 observations and 12 variables.
NOTE: PROCEDURE SORT used (Total process time):
      real time           3:58.97
      cpu time            33.17 seconds



333  PROC CONTENTS DATA = int.qrylong_1622_time; run;

NOTE: PROCEDURE CONTENTS used (Total process time):
      real time           0.17 seconds
      cpu time            0.00 seconds


334  PROC SQL ;
335  CREATE TABLE int.memlist_final AS
336  SELECT a.mcaid_id
337  /*     , a.enr_cnty*/
338       , a.age
339       , a.sex
340       , a.race
341       , a.rae_person_new
342  /*     , a.budget_group*/
343       , a.FY
344       , a.time
345
346       , b.pcmp_loc_id
347       , b.n_months_per_q
348       , b.ind_isp
349
350  FROM int.memlist as a
351  LEFT JOIN int.memlist_attr_qrtr_1921 as b
352
353  ON a.mcaid_id=b.mcaid_id
354  AND a.time = b.time ;
NOTE: Table INT.MEMLIST_FINAL created, with 40958727 rows and 10 columns.

355
356  QUIT ;
NOTE: PROCEDURE SQL used (Total process time):
      real time           2:54.51
      cpu time            27.42 seconds


357  PROC SORT DATA = int.memlist_final NODUPKEY; BY _ALL_; RUN;

NOTE: There were 40958727 observations read from the data set INT.MEMLIST_FINAL.
NOTE: 26893893 observations with duplicate key values were deleted.
NOTE: The data set INT.MEMLIST_FINAL has 14064834 observations and 10 variables.
NOTE: PROCEDURE SORT used (Total process time):
      real time           1:09.53
      cpu time            16.09 seconds


357!                                                             *14071896;

358
359  PROC SQL;
360  CREATE TABLE n_mcaid_ID AS
361  SELECT mcaid_id
362       , count(mcaid_id) as n
363  FROM int.memlist_final
364  GROUP by mcaid_id;
NOTE: Table WORK.N_MCAID_ID created, with 1593607 rows and 2 columns.

365  QUIT;
NOTE: PROCEDURE SQL used (Total process time):
      real time           21.72 seconds
      cpu time            0.95 seconds


366
367  PROC FREQ DATA = n_mcaid_id; tables n; run;

NOTE: There were 1593607 observations read from the data set WORK.N_MCAID_ID.
NOTE: PROCEDURE FREQ used (Total process time):
      real time           0.77 seconds
      cpu time            0.06 seconds



368  PROC PRINT DATA = n_mcaid_ID (obs = 100) ; where n>12; run;

NOTE: There were 100 observations read from the data set WORK.N_MCAID_ID.
      WHERE n>12;
NOTE: PROCEDURE PRINT used (Total process time):
      real time           0.01 seconds
      cpu time            0.01 seconds



369  PROC SORT DATA = int.memlist_final NODUPKEY; BY _ALL_; RUN;

NOTE: Input data set is already sorted, no sorting done.
NOTE: PROCEDURE SORT used (Total process time):
      real time           0.23 seconds
      cpu time            0.00 seconds


369!                                                             *14064834;

370  PROC SQL;
371  CREATE TABLE n_mcaid_ID AS
372  SELECT mcaid_id
373       , count(mcaid_id) as n
374  FROM int.memlist_final
375  GROUP by mcaid_id;
NOTE: Table WORK.N_MCAID_ID created, with 1593607 rows and 2 columns.

376  QUIT;
NOTE: PROCEDURE SQL used (Total process time):
      real time           19.05 seconds
      cpu time            0.92 seconds


377
378  PROC FREQ DATA = n_mcaid_id; tables n; run;

NOTE: There were 1593607 observations read from the data set WORK.N_MCAID_ID.
NOTE: PROCEDURE FREQ used (Total process time):
      real time           0.41 seconds
      cpu time            0.04 seconds



379  PROC PRINT DATA = int.memlist_final; where mcaid_id = "A066638"; run;

NOTE: There were 13 observations read from the data set INT.MEMLIST_FINAL.
      WHERE mcaid_id='A066638';
NOTE: PROCEDURE PRINT used (Total process time):
      real time           0.02 seconds
      cpu time            0.01 seconds



380  PROC PRINT DATA = n_mcaid_ID (obs = 100) ; where n>12; run;

NOTE: There were 100 observations read from the data set WORK.N_MCAID_ID.
      WHERE n>12;
NOTE: PROCEDURE PRINT used (Total process time):
      real time           0.03 seconds
      cpu time            0.01 seconds



381  PROC FREQ DATA = n_mcaid_id; tables n; run;

NOTE: There were 1593607 observations read from the data set WORK.N_MCAID_ID.
NOTE: PROCEDURE FREQ used (Total process time):
      real time           0.08 seconds
      cpu time            0.04 seconds



382  PROC PRINT DATA = n_mcaid_ID (obs = 100) ; where n>12; run;

NOTE: There were 100 observations read from the data set WORK.N_MCAID_ID.
      WHERE n>12;
NOTE: PROCEDURE PRINT used (Total process time):
      real time           0.02 seconds
      cpu time            0.03 seconds



383  PROC PRINT DATA = int.memlist_final; where mcaid_id = "A066638"; run;

NOTE: There were 13 observations read from the data set INT.MEMLIST_FINAL.
      WHERE mcaid_id='A066638';
NOTE: PROCEDURE PRINT used (Total process time):
      real time           0.04 seconds
      cpu time            0.00 seconds



384  PROC SQL ;
385  CREATE TABLE int.memlist_final AS
386  SELECT a.mcaid_id
387  /*     , a.enr_cnty*/
388       , a.age
389       , a.sex
390       , a.race
391  /*     , a.rae_person_new*/
392  /*     , a.budget_group*/
393       , a.FY
394       , a.time
395
396       , b.pcmp_loc_id
397       , b.n_months_per_q
398       , b.ind_isp
399
400  FROM int.memlist as a
401  LEFT JOIN int.memlist_attr_qrtr_1921 as b
402
403  ON a.mcaid_id=b.mcaid_id
404  AND a.time = b.time ;
NOTE: Table INT.MEMLIST_FINAL created, with 40958727 rows and 9 columns.

405
406  QUIT ;
NOTE: PROCEDURE SQL used (Total process time):
      real time           2:17.15
      cpu time            25.43 seconds


406!        *4/24 409

407  PROC SORT DATA = int.memlist_final NODUPKEY; BY _ALL_; RUN;

NOTE: There were 40958727 observations read from the data set INT.MEMLIST_FINAL.
NOTE: 26918851 observations with duplicate key values were deleted.
NOTE: The data set INT.MEMLIST_FINAL has 14039876 observations and 9 variables.
NOTE: PROCEDURE SORT used (Total process time):
      real time           1:15.83
      cpu time            12.98 seconds


407!                                                             *14064834;

408  PROC SQL;
409  CREATE TABLE n_mcaid_ID AS
410  SELECT mcaid_id
411       , count(mcaid_id) as n
412  FROM int.memlist_final
413  GROUP by mcaid_id;
NOTE: Table WORK.N_MCAID_ID created, with 1593607 rows and 2 columns.

414  QUIT;
NOTE: PROCEDURE SQL used (Total process time):
      real time           22.18 seconds
      cpu time            0.84 seconds


415
416  PROC FREQ DATA = n_mcaid_id; tables n; run;

NOTE: There were 1593607 observations read from the data set WORK.N_MCAID_ID.
NOTE: PROCEDURE FREQ used (Total process time):
      real time           0.09 seconds
      cpu time            0.06 seconds



417  proc sort data = int.memlist_final; by mcaid_id ; run ;

NOTE: Input data set is already sorted, no sorting done.
NOTE: PROCEDURE SORT used (Total process time):
      real time           1.02 seconds
      cpu time            0.03 seconds


417!                                                          *1594686;

418  PROC SQL ;
419  CREATE TABLE int.a1 as
420  SELECT a.*
421       , b.time2 as time_start_isp
422       , case when b.time2 ne . AND a.time >= b.time2
423              then 1
424              else 0 end
425              as int_imp
426  FROM int.memlist_final as a
427  LEFT JOIN int.isp_un_pcmp_dtstart as b
428  ON   a.pcmp_loc_id = b.pcmp_loc_id ;
NOTE: Table INT.A1 created, with 14039876 rows and 11 columns.

429  QUIT ;
NOTE: PROCEDURE SQL used (Total process time):
      real time           55.70 seconds
      cpu time            8.17 seconds


429!        * 40974871 : 14 ;

430  PROC SQL ;
431  CREATE TABLE int.a2 AS
432  SELECT a.*
433       , b.pcmp_loc_type_cd
434  FROM int.a1 as a
435  LEFT JOIN int.pcmp_types as b
436  ON   a.pcmp_loc_id = b.pcmp ;
NOTE: Table INT.A2 created, with 14039876 rows and 12 columns.

437  QUIT ;
NOTE: PROCEDURE SQL used (Total process time):
      real time           38.65 seconds
      cpu time            3.00 seconds


437!        *14353570;

438  DATA int.a2a ;
439  SET  int.a2  (DROP = TIME_START_ISP ) ;
440  RENAME ind_isp=int ;
441  RUN ;

NOTE: There were 14039876 observations read from the data set INT.A2.
NOTE: The data set INT.A2A has 14039876 observations and 11 variables.
NOTE: DATA statement used (Total process time):
      real time           34.07 seconds
      cpu time            2.46 seconds


441!       *40974871 : 13;

442  PROC CONTENTS DATA = int.a2; run;

NOTE: PROCEDURE CONTENTS used (Total process time):
      real time           0.76 seconds
      cpu time            0.03 seconds


443  proc sql;
444  create table int.a3 as
445  select a.*
446
447       /* join monthly */
448       , b.adj_pd_total_16cat
449       , b.adj_pd_total_17cat
450       , b.adj_pd_total_18cat
451
452       /* join bh_cat  */
453       , c.bh_er2016
454       , c.bh_er2017
455       , c.bh_er2018
456       , c.bh_hosp2016
457       , c.bh_hosp2017
458       , c.bh_hosp2018
459       , c.bh_oth2016
460       , c.bh_oth2017
461       , c.bh_oth2018
462
463       /* join bh_1921  */
464       , d.sum_q_bh_hosp
465       , d.sum_q_bh_er
466       , d.sum_q_bh_other
467
468  FROM int.a2a AS a
469
470  /*only needs to be joined on mcaid_id bc the cat's are wide not long */
471  LEFT JOIN int.adj_pd_total_YYcat AS b
472  ON a.mcaid_id = b.mcaid_id
473
474  /*only needs to be joined on mcaid_id bc the cols are wide not long */
475  LEFT JOIN int.bh_1618 AS c
476  ON a.mcaid_id = c.mcaid_id
477
478  /*needs to be joined on qrtr and mcaid_id */
479  LEFT JOIN int.bh_1921 AS d
480  ON a.mcaid_id = d.mcaid_id AND a.time = d.time;
NOTE: Table INT.A3 created, with 14039876 rows and 26 columns.

481
482  QUIT;
NOTE: PROCEDURE SQL used (Total process time):
      real time           2:08.08
      cpu time            18.57 seconds


482!         * 40974871 : 28 ;

483  PROC SORT DATA = int.a3 NODUPKEY OUT=int.a3a ; BY _ALL_ ; RUN ;

NOTE: There were 14039876 observations read from the data set INT.A3.
NOTE: 0 observations with duplicate key values were deleted.
NOTE: The data set INT.A3A has 14039876 observations and 26 variables.
NOTE: PROCEDURE SORT used (Total process time):
      real time           1:28.43
      cpu time            15.14 seconds


483!                                                                  *14347065 : 28 ;

484
485  * replace bh_1618 cat var's where . with 0 ;
486  DATA  int.a3b;
487  SET   int.a3a  (DROP = sum_q_bh_hosp);
488  ARRAY bher bh_er2016-bh_er2018;
489          do over bher;
490          if bher=. then bher=0;
491        end;
492  ARRAY bhhosp bh_hosp2016-bh_hosp2018;
493          do over bhhosp;
494          if bhhosp=. then bhhosp=0;
495        end;
496  ARRAY bhoth bh_oth2016-bh_oth2018;
497          do over bhoth;
498          if bhoth=. then bhoth=0;
499        end;
500  RUN ;

NOTE: There were 14039876 observations read from the data set INT.A3A.
NOTE: The data set INT.A3B has 14039876 observations and 25 variables.
NOTE: DATA statement used (Total process time):
      real time           1:39.62
      cpu time            4.62 seconds


500!        * 3/30 14347065 : 27 ;

501  DATA  int.a3c;
502  SET   int.a3b;
503  format adj_pd_16a adj_pd_17a adj_pd_18a 3. ;
504  * make numeric;
505  adj_pd_16a = input(adj_pd_total_16cat, 3.);
506  adj_pd_17a = input(adj_pd_total_17cat, 3.);
507  adj_pd_18a = input(adj_pd_total_18cat, 3.);
508  * make missing = -1 because they weren't eligible (checking with where int.a3b = '' like
508! A001791 etc in zscratch);
509  adj_pd_total16 = coalesce(adj_pd_16a,-1);
510  adj_pd_total17 = coalesce(adj_pd_17a,-1);
511  adj_pd_total18 = coalesce(adj_pd_18a,-1);
512  run;

NOTE: There were 14039876 observations read from the data set INT.A3B.
NOTE: The data set INT.A3C has 14039876 observations and 31 variables.
NOTE: DATA statement used (Total process time):
      real time           1:40.46
      cpu time            4.54 seconds


513  PROC PRINT DATA = int.a3c (obs=25); where adj_pd_16a = .; RUN;

NOTE: There were 25 observations read from the data set INT.A3C.
      WHERE adj_pd_16a=.;
NOTE: PROCEDURE PRINT used (Total process time):
      real time           7.15 seconds
      cpu time            0.03 seconds


513!                                                                *(looking to make sure
513! adj_pd_total16 = -1);

514  DATA int.a3d (rename=(adj_pd_total16 = adj_pd_total_16cat
515                        adj_pd_total17 = adj_pd_total_17cat
516                        adj_pd_total18 = adj_pd_total_18cat)) ;
517  SET  int.a3c (drop=adj_pd_16a adj_pd_17a adj_pd_18a adj_pd_total_16cat adj_pd_total_17cat
517! adj_pd_total_18cat);
518  RUN;

NOTE: There were 14039876 observations read from the data set INT.A3C.
NOTE: The data set INT.A3D has 14039876 observations and 25 variables.
NOTE: DATA statement used (Total process time):
      real time           1:03.20
      cpu time            3.06 seconds


518!      *14347065 : 27;
519
520  Proc freq data = int.a3d; tables adj: ; run;

NOTE: There were 14039876 observations read from the data set INT.A3D.
NOTE: PROCEDURE FREQ used (Total process time):
      real time           43.63 seconds
      cpu time            1.09 seconds



521  proc contents data = int.util1921_adj; run;

NOTE: PROCEDURE CONTENTS used (Total process time):
      real time           2.41 seconds
      cpu time            0.03 seconds


522  proc contents data = int.a3d; run;

NOTE: PROCEDURE CONTENTS used (Total process time):
      real time           0.17 seconds
      cpu time            0.03 seconds


523  PROC SQL ;
524  CREATE TABLE int.a4 AS
525  SELECT a.*
526         /* util1921_adj cols: n_pc_q n_er_q pd_rx_q_adj pd_pc_q_adj on cat_qrtr (= time)      */
527       , b.n_primary_care_qrtr
528       , b.n_er_qrtr
529       , b.adj_pd_pharmacy_qrtr
530       , b.adj_pd_total_qrtr
531       , b.adj_pd_primary_care_qrtr
532       , sum(b.n_er_qrtr, a.sum_q_bh_er) as n_er_total
533         /* tele cols:      */
534       , c.n_q_tele
535  FROM int.a3d as a
536
537  LEFT JOIN int.util1921_adj as b
538      ON a.mcaid_id = b.mcaid_id
539      AND a.time    = b.time
540
541  LEFT JOIN int.tele_1921 as c
542      ON a.mcaid_id = c.mcaid_id
543      AND a.time    = c.time ;
ERROR: Column time could not be found in the table/view identified with the correlation name B.
ERROR: Column time could not be found in the table/view identified with the correlation name B.
ERROR: Column time could not be found in the table/view identified with the correlation name B.
ERROR: Expression using equals (=) has components that are of different data types.
544  QUIT ;
NOTE: The SAS System stopped processing this step because of errors.
NOTE: PROCEDURE SQL used (Total process time):
      real time           0.22 seconds
      cpu time            0.01 seconds


545  * Join telehealth  ;
546  PROC SQL ;
547  CREATE TABLE int.a4 AS
548  SELECT a.*
549         /* util1921_adj cols: n_pc_q n_er_q pd_rx_q_adj pd_pc_q_adj on cat_qrtr (= time)      */
550       , b.n_primary_care_qrtr
551       , b.n_er_qrtr
552       , b.adj_pd_pharmacy_qrtr
553       , b.adj_pd_total_qrtr
554       , b.adj_pd_primary_care_qrtr
555       , sum(b.n_er_qrtr, a.sum_q_bh_er) as n_er_total
556         /* tele cols:      */
557       , c.n_q_tele
558  FROM int.a3d as a
559
560  LEFT JOIN int.util1921_adj as b
561      ON a.mcaid_id = b.mcaid_id
562      AND a.time    = b.cat_qrtr
563
564  LEFT JOIN int.tele_1921 as c
565      ON a.mcaid_id = c.mcaid_id
566      AND a.time    = c.time ;
NOTE: Invalid (or missing) arguments to the SUM function have caused the function to return a
      missing value.
NOTE: Table INT.A4 created, with 14039876 rows and 32 columns.

567  QUIT ;
NOTE: PROCEDURE SQL used (Total process time):
      real time           4:11.69
      cpu time            20.78 seconds


568  PROC CONTENTS DATA = int.a4; run;
NOTE: Writing HTML Body file: sashtml1.htm

NOTE: PROCEDURE CONTENTS used (Total process time):
      real time           0.48 seconds
      cpu time            0.26 seconds


569  DATA int.A5 ;
570  SET  int.A4 (DROP = sum_q_bh_er n_er_q ) ;
ERROR: The variable n_er_q in the DROP, KEEP, or RENAME list has never been referenced.
ERROR: Invalid DROP, KEEP, or RENAME option on file INT.A4.
571  mu_pd_rx    = adj_pd_pharmacy_qrtr     /n_months_per_q ;
572  mu_pd_total = adj_pd_total_qrtr        /n_months_per_q ;
573  mu_pd_pc    = adj_pd_Primary_care_qrtr /n_months_per_q ;
574  mu_n_pc     = n_Primary_care_qrtr      /n_months_per_q ;
575  mu_n_tele   = n_q_tele                 /n_months_per_q ;
576  mu_n_er     = n_er_total               /n_months_per_q ;
577  mu_n_bh_oth = sum_q_bh_other           /n_months_per_q ;
578  RUN ;

NOTE: The SAS System stopped processing this step because of errors.
WARNING: The data set INT.A5 may be incomplete.  When this step was stopped there were 0
         observations and 15 variables.
WARNING: Data set INT.A5 was not replaced because this step was stopped.
NOTE: DATA statement used (Total process time):
      real time           0.49 seconds
      cpu time            0.01 seconds


579  DATA int.A5 ;
580  SET  int.A4 (DROP = sum_q_bh_er n_er_qrtr ) ;
581  mu_pd_rx    = adj_pd_pharmacy_qrtr     /n_months_per_q ;
582  mu_pd_total = adj_pd_total_qrtr        /n_months_per_q ;
583  mu_pd_pc    = adj_pd_Primary_care_qrtr /n_months_per_q ;
584  mu_n_pc     = n_Primary_care_qrtr      /n_months_per_q ;
585  mu_n_tele   = n_q_tele                 /n_months_per_q ;
586  mu_n_er     = n_er_total               /n_months_per_q ;
587  mu_n_bh_oth = sum_q_bh_other           /n_months_per_q ;
588  RUN ;

NOTE: Missing values were generated as a result of performing an operation on missing values.
      Each place is given by: (Number of times) at (Line):(Column).
      6516225 at 581:40    6516225 at 582:40    6516225 at 583:40    6516225 at 584:40
      13338743 at 585:40   6369349 at 586:40    13004612 at 587:40
NOTE: There were 14039876 observations read from the data set INT.A4.
NOTE: The data set INT.A5 has 14039876 observations and 37 variables.
NOTE: DATA statement used (Total process time):
      real time           2:35.43
      cpu time            6.93 seconds


589  proc contents data = int.a5; run;

NOTE: PROCEDURE CONTENTS used (Total process time):
      real time           0.08 seconds
      cpu time            0.01 seconds


590  * 3/27 do same for pc (top coded) ;
591  DATA int.a6 (DROP = adj_pd_pharmacy_qrtr
592                      adj_pd_total_qrtr
593                      adj_pd_Primary_care_qrtr
594                      n_Primary_care_qrtr
595                      n_q_tele
596                      n_er_total
597                      sum_q_bh_other
598                      mu_pd_pc);
599  SET  int.a5 ;
600  mu_rx     = coalesce(mu_pd_rx,   0);
601  mu_ffs    = coalesce(mu_pd_total,0);
602  mu_pc     = coalesce(mu_pd_pc   ,0);
603  util_pc   = coalesce(mu_n_pc    ,0);
604  util_tele = coalesce(mu_n_tele  ,0);
605  util_er   = coalesce(mu_n_er    ,0);
606  util_bh_o = coalesce(mu_n_bh_oth,0);
607  run ;

ERROR: User asked for termination
NOTE: The SAS System stopped processing this step because of errors.
NOTE: There were 12780636 observations read from the data set INT.A5.
WARNING: The data set INT.A6 may be incomplete.  When this step was stopped there were 12780636
         observations and 36 variables.
WARNING: Data set INT.A6 was not replaced because this step was stopped.
NOTE: DATA statement used (Total process time):
      real time           1:48.09
      cpu time            6.09 seconds

607!       * 14347065 ;


608  DATA int.a6 (DROP = mu_pd_rx
609                      mu_pd_total
610                      mu_pd_pc
611                      mu_n_pc
612                      mu_n_tele
613                      mu_n_er
614                      mu_n_bh_oth
615                      );
616  SET  int.a5 (DROP = adj_pd_pharmacy_qrtr
617                      adj_pd_total_qrtr
618                      adj_pd_Primary_care_qrtr
619                      n_Primary_care_qrtr
620                      n_q_tele
621                      n_er_total
622                      sum_q_bh_other
623               );
624  mu_rx     = coalesce(mu_pd_rx,   0);
625  mu_ffs    = coalesce(mu_pd_total,0);
626  mu_pc     = coalesce(mu_pd_pc   ,0);
627  util_pc   = coalesce(mu_n_pc    ,0);
628  util_tele = coalesce(mu_n_tele  ,0);
629  util_er   = coalesce(mu_n_er    ,0);
630  util_bh_o = coalesce(mu_n_bh_oth,0);
631  run ;

NOTE: There were 14039876 observations read from the data set INT.A5.
NOTE: The data set INT.A6 has 14039876 observations and 30 variables.
NOTE: DATA statement used (Total process time):
      real time           1:26.07
      cpu time            4.34 seconds


631!       * 14347065 ;

632  proc contents data = int.a6; run;

NOTE: PROCEDURE CONTENTS used (Total process time):
      real time           0.03 seconds
      cpu time            0.01 seconds


633  PROC SORT DATA = int.a6 ; BY FY ; RUN ;

NOTE: There were 14039876 observations read from the data set INT.A6.
NOTE: The data set INT.A6 has 14039876 observations and 30 variables.
NOTE: PROCEDURE SORT used (Total process time):
      real time           3:10.33
      cpu time            14.46 seconds



634  %macro mu_ge95(var, where_var, output);
635  PROC MEANS DATA = int.a6a;
636  VAR &var;
637  BY  FY;
638  WHERE &where_var > 95;
639  OUTPUT OUT = &output (DROP=_TYPE_ _FREQ_);
640  RUN;
641  %mend;

642  %mu_ge95(mu_rx,  mu_rx_pctile,  int.mu_rx_topcode );
MLOGIC(MU_GE95):  Beginning execution.
MLOGIC(MU_GE95):  Parameter VAR has value mu_rx
MLOGIC(MU_GE95):  Parameter WHERE_VAR has value mu_rx_pctile
MLOGIC(MU_GE95):  Parameter OUTPUT has value int.mu_rx_topcode
MPRINT(MU_GE95):   PROC MEANS DATA = int.a6a;
SYMBOLGEN:  Macro variable VAR resolves to mu_rx
MPRINT(MU_GE95):   VAR mu_rx;
MPRINT(MU_GE95):   BY FY;
SYMBOLGEN:  Macro variable WHERE_VAR resolves to mu_rx_pctile
MPRINT(MU_GE95):   WHERE mu_rx_pctile > 95;
SYMBOLGEN:  Macro variable OUTPUT resolves to int.mu_rx_topcode
MPRINT(MU_GE95):   OUTPUT OUT = int.mu_rx_topcode (DROP=_TYPE_ _FREQ_);
MPRINT(MU_GE95):   RUN;

NOTE: There were 573881 observations read from the data set INT.A6A.
      WHERE mu_rx_pctile>95;
NOTE: The data set INT.MU_RX_TOPCODE has 15 observations and 3 variables.
NOTE: PROCEDURE MEANS used (Total process time):
      real time           50.71 seconds
      cpu time            1.34 seconds


MLOGIC(MU_GE95):  Ending execution.
643  %mu_ge95(mu_ffs, mu_ffs_pctile, int.mu_ffs_topcode);
MLOGIC(MU_GE95):  Beginning execution.
MLOGIC(MU_GE95):  Parameter VAR has value mu_ffs
MLOGIC(MU_GE95):  Parameter WHERE_VAR has value mu_ffs_pctile
MLOGIC(MU_GE95):  Parameter OUTPUT has value int.mu_ffs_topcode
MPRINT(MU_GE95):   PROC MEANS DATA = int.a6a;
SYMBOLGEN:  Macro variable VAR resolves to mu_ffs
MPRINT(MU_GE95):   VAR mu_ffs;
MPRINT(MU_GE95):   BY FY;
SYMBOLGEN:  Macro variable WHERE_VAR resolves to mu_ffs_pctile
MPRINT(MU_GE95):   WHERE mu_ffs_pctile > 95;
SYMBOLGEN:  Macro variable OUTPUT resolves to int.mu_ffs_topcode
MPRINT(MU_GE95):   OUTPUT OUT = int.mu_ffs_topcode (DROP=_TYPE_ _FREQ_);
MPRINT(MU_GE95):   RUN;

NOTE: There were 573881 observations read from the data set INT.A6A.
      WHERE mu_ffs_pctile>95;
NOTE: The data set INT.MU_FFS_TOPCODE has 15 observations and 3 variables.
NOTE: PROCEDURE MEANS used (Total process time):
      real time           1.56 seconds
      cpu time            1.34 seconds


MLOGIC(MU_GE95):  Ending execution.
644  %mu_ge95(mu_pc,  mu_pc_pctile,  int.mu_pc_topcode);
MLOGIC(MU_GE95):  Beginning execution.
MLOGIC(MU_GE95):  Parameter VAR has value mu_pc
MLOGIC(MU_GE95):  Parameter WHERE_VAR has value mu_pc_pctile
MLOGIC(MU_GE95):  Parameter OUTPUT has value int.mu_pc_topcode
MPRINT(MU_GE95):   PROC MEANS DATA = int.a6a;
SYMBOLGEN:  Macro variable VAR resolves to mu_pc
MPRINT(MU_GE95):   VAR mu_pc;
MPRINT(MU_GE95):   BY FY;
SYMBOLGEN:  Macro variable WHERE_VAR resolves to mu_pc_pctile
MPRINT(MU_GE95):   WHERE mu_pc_pctile > 95;
SYMBOLGEN:  Macro variable OUTPUT resolves to int.mu_pc_topcode
MPRINT(MU_GE95):   OUTPUT OUT = int.mu_pc_topcode (DROP=_TYPE_ _FREQ_);
MPRINT(MU_GE95):   RUN;

NOTE: There were 573764 observations read from the data set INT.A6A.
      WHERE mu_pc_pctile>95;
NOTE: The data set INT.MU_PC_TOPCODE has 15 observations and 3 variables.
NOTE: PROCEDURE MEANS used (Total process time):
      real time           1.49 seconds
      cpu time            1.31 seconds


MLOGIC(MU_GE95):  Ending execution.

645  PROC PRINT DATA = int.mu_rx_topcode ;

NOTE: There were 15 observations read from the data set INT.MU_RX_TOPCODE.
NOTE: PROCEDURE PRINT used (Total process time):
      real time           0.29 seconds
      cpu time            0.03 seconds


646  PROC PRINT DATA = int.mu_ffs_topcode;

NOTE: There were 15 observations read from the data set INT.MU_FFS_TOPCODE.
NOTE: PROCEDURE PRINT used (Total process time):
      real time           0.17 seconds
      cpu time            0.01 seconds


647  PROC PRINT DATA = int.mu_pc_topcode ; RUN ;

NOTE: There were 15 observations read from the data set INT.MU_PC_TOPCODE.
NOTE: PROCEDURE PRINT used (Total process time):
      real time           0.21 seconds
      cpu time            0.00 seconds



648  %LET ffsmin19 = 2092.41; %LET ffsmu19  = 6565.38;
649  %LET ffsmin20 = 2068.44; %LET ffsmu20  = 6620.08;
650  %LET ffsmin21 = 2119.57; %LET ffsmu21  = 6877.58;
651
652  %LET rxmin19 = 305.24; %LET rxmu19  = 1686.94;
653  %LET rxmin20 = 317.11; %LET rxmu20  = 1759.34;
654  %LET rxmin21 = 333.34; %LET rxmu21  = 1873.25;
655
656  %LET pcmin19 = 191.60; %LET pcmu19  = 320.68;
657  %LET pcmin20 = 189.62; %LET pcmu20  = 328.85;
658  %LET pcmin21 = 193.03; %LET pcmu21  = 332.67;
659  DATA int.a7  (rename = ( mu_ffs= cost_ffs_tc
660                           mu_rx = cost_rx_tc
661                           mu_pc = cost_pc_tc ));
662  SET  int.a6a (DROP= mu_pd_rx mu_pd_total mu_n_pc mu_n_tele mu_n_er mu_n_bh_oth) ;
663
664  * ffs total : Replace 96th percentile & up with mean ;
665  IF mu_ffs >= &ffsmin19 & FY = 2019 then mu_ffs = &ffsmu19 ;
SYMBOLGEN:  Macro variable FFSMIN19 resolves to 2092.41
SYMBOLGEN:  Macro variable FFSMU19 resolves to 6565.38
666  IF mu_ffs >= &ffsmin20 & FY = 2020 then mu_ffs = &ffsmu20 ;
SYMBOLGEN:  Macro variable FFSMIN20 resolves to 2068.44
SYMBOLGEN:  Macro variable FFSMU20 resolves to 6620.08
667  IF mu_ffs >= &ffsmin21 & FY = 2021 then mu_ffs = &ffsmu21 ;
SYMBOLGEN:  Macro variable FFSMIN21 resolves to 2119.57
SYMBOLGEN:  Macro variable FFSMU21 resolves to 6877.58
668
669  * ffs rx   : Replace 96th percentile & up with mean ;
670  IF mu_rx >= &rxmin19 & FY = 2019 then mu_rx = &rxmu19 ;
SYMBOLGEN:  Macro variable RXMIN19 resolves to 305.24
SYMBOLGEN:  Macro variable RXMU19 resolves to 1686.94
671  IF mu_rx >= &rxmin20 & FY = 2020 then mu_rx = &rxmu20 ;
SYMBOLGEN:  Macro variable RXMIN20 resolves to 317.11
SYMBOLGEN:  Macro variable RXMU20 resolves to 1759.34
672  IF mu_rx >= &rxmin21 & FY = 2021 then mu_rx = &rxmu21 ;
SYMBOLGEN:  Macro variable RXMIN21 resolves to 333.34
SYMBOLGEN:  Macro variable RXMU21 resolves to 1873.25
673
674  * ffs pc  : Replace 96th percentile & up with mean ;
675  IF mu_pc >= &pcmin19 & FY = 2019 then mu_pc = &pcmu19 ;
SYMBOLGEN:  Macro variable PCMIN19 resolves to 191.60
SYMBOLGEN:  Macro variable PCMU19 resolves to 320.68
676
677  IF mu_pc >= &pcmin20 & FY = 2020 then mu_pc = &pcmu20 ;
SYMBOLGEN:  Macro variable PCMIN20 resolves to 189.62
SYMBOLGEN:  Macro variable PCMU20 resolves to 328.85
678  IF mu_pc >= &pcmin21 & FY = 2021 then mu_pc = &pcmu21 ;
SYMBOLGEN:  Macro variable PCMIN21 resolves to 193.03
SYMBOLGEN:  Macro variable PCMU21 resolves to 332.67
679
680  RUN ;

NOTE: There were 14347065 observations read from the data set INT.A6A.
NOTE: The data set INT.A7 has 14347065 observations and 35 variables.
NOTE: DATA statement used (Total process time):
      real time           1:39.57
      cpu time            5.09 seconds


680!       * 14347065 : 35;

681  PROC PRINT DATA = int.a7 (obs=100); run;

NOTE: There were 100 observations read from the data set INT.A7.
NOTE: PROCEDURE PRINT used (Total process time):
      real time           0.13 seconds
      cpu time            0.09 seconds



682  PROC FREQ DATA = int.a7; tables age; run;

NOTE: There were 14347065 observations read from the data set INT.A7.
NOTE: PROCEDURE FREQ used (Total process time):
      real time           1:02.22
      cpu time            2.14 seconds



683  PROC CONTENTS DATA = int.a7; run;

NOTE: PROCEDURE CONTENTS used (Total process time):
      real time           0.04 seconds
      cpu time            0.01 seconds


684
685  DATA data.analysis_dataset (DROP = pcmp_loc_type_cd FY);
686  SET  int.a7 (DROP = n_months_per_q mu_rx_pctile mu_ffs_pctile mu_pc_pctile) ;
687
688  FORMAT race race_rc_. ;
689
690  ind_cost_rx   = cost_rx_tc  > 0 ;
691  ind_cost_ffs  = cost_ffs_tc > 0 ;
692  ind_cost_pc   = cost_pc_tc  > 0 ;
693  ind_util_pc   = util_pc     > 0 ;
694  ind_util_er   = util_er     > 0 ;
695  ind_util_bh_o = util_bh_o   > 0 ;
696  ind_util_tel  = util_tele   > 0 ;
697
698  IF SEX =: 'U' then delete ;
699
700  IF pcmp_loc_type_cd in (32 45 61 62) then fqhc = 1 ; else fqhc = 0 ;
701
702  LABEL age            = "Age (cat)"
703        sex            = "Sex (M, F)"
704        race           = "Race"
705        rae_person_new = "RAE ID"
706        budget_grp_new = "Budget Group"
707        pcmp_loc_id    = "PCMP attr qrtr logic"
708        time           = "Quarters 1-12 (FY19-21)"
709        int_imp        = "ISP: Time-Varying"
710        int            = "ISP: Time-Invariant"
711        util_er        = "Visits: ER, FFS+Capd (qrtr, mu)"
712        util_pc        = "Visits: Primary Care (qrtr, mu)"
713        util_tele      = "Visits: Telehealth (qrtr, mu)"
714        util_bh_o      = "Visits: BH Other (qrtr, mu)"
715        cost_rx_tc     = "Cost FFS Rx: top-coded infl-adj qrtr avg"
716        cost_ffs_tc    = "Cost FFS total: top-coded infl-adj qrtr avg"
717        cost_pc_tc     = "Cost FFS Primary Care: top-coded infl-adj qrtr avg"
718        bh_er2016      = "Indicator: BH ER 2016 n>0"
719        bh_er2017      = "Indicator: BH ER 2017 n>0"
720        bh_er2018      = "Indicator: BH ER 2018 n>0"
721        bh_oth2016     = "Indicator: BH Other 2016 n>0"
722        bh_oth2017     = "Indicator: BH Other 2017 n>0"
723        bh_oth2018     = "Indicator: BH Other 2018 n>0"
724        bh_hosp2016    = "Indicator: BH Hosp 2016 n>0"
725        bh_hosp2017    = "Indicator: BH Hosp 2017 n>0"
726        bh_hosp2018    = "Indicator: BH Hosp 2018 n>0"
727        adj_pd_total_16cat = "Adj FFS total, 2016 Categorical"
728        adj_pd_total_17cat = "Adj FFS total, 2017: Categorical"
729        adj_pd_total_18cat = "Adj FFS total, 2018: Categorical"
730        fqhc = "FQHC (FQHC|IHS|RHS), Binary"
731        ind_cost_ffs = "Indicator, Cost: FFS Total > 0"
732        ind_cost_pc = "Indicator, Cost: Primary Care > 0"
733        ind_cost_rx = "Indicator, Cost: Rx > 0"
734        ind_util_bh_o = "Indicator, Util: BH Other n > 0"
735        ind_util_er   = "Indicator, Util: ER (Cap+FFS) n > 0"
736        ind_util_pc = "Indicator, Util: PC n > 0"
737        ind_util_tel = "Indicator, Util: Telehealth n > 0"
738        ;
739  RUN;

NOTE: Character values have been converted to numeric values at the places given by:
      (Line):(Column).
      700:4
NOTE: There were 14347065 observations read from the data set INT.A7.
NOTE: The data set DATA.ANALYSIS_DATASET has 14346977 observations and 37 variables.
NOTE: DATA statement used (Total process time):
      real time           2:08.46
      cpu time            6.64 seconds


739!      * 3/30 lost 88 people - all sex unknown?
740  * from 14347065 to 14346977 (same as before tho from earlier in the week);

741
742  ods pdf file = "&report./eda_freq_20230424.pdf";
SYMBOLGEN:  Macro variable REPORT resolves to
            S:/FHPC/DATA/HCPF_Data_files_SECURE/Kim/isp/isp_utilization/reports
NOTE: Writing ODS PDF output to DISK destination
      "S:\FHPC\DATA\HCPF_Data_files_SECURE\Kim\isp\isp_utilization\reports\eda_freq_20230424.pdf",
      printer "PDF".
743
744  PROC CONTENTS DATA = &dat VARNUM ; RUN ;
                          -
                          22
                          200
WARNING: Apparent symbolic reference DAT not resolved.
ERROR: File WORK.DAT.DATA does not exist.

ERROR 22-322: Expecting a name.

ERROR 200-322: The symbol is not recognized and will be ignored.

NOTE: Statements not processed because of errors noted above.
NOTE: PROCEDURE CONTENTS used (Total process time):
      real time           0.00 seconds
      cpu time            0.00 seconds

NOTE: The SAS System stopped processing this step because of errors.
745
746  ods text = "Frequencies for categorical variables by Intervention (non-varying)" ;
747
748  TITLE "Unique Member Count, Final Dataset";


749  PROC SQL ;
750  SELECT COUNT (DISTINCT mcaid_id )
751  FROM &dat ;
          -
          22
          200
WARNING: Apparent symbolic reference DAT not resolved.
ERROR 22-322: Syntax error, expecting one of the following: a name, a quoted string, (, CONNECTION,
              DICTIONARY.

ERROR 200-322: The symbol is not recognized and will be ignored.

752  QUIT ;
NOTE: The SAS System stopped processing this step because of errors.
NOTE: PROCEDURE SQL used (Total process time):
      real time           0.00 seconds
      cpu time            0.00 seconds

753
754  Title "Unique PCMP count by Intervention Status (Non-Varying)";


755  PROC SQL ;
756  SELECT COUNT(DISTINCT pcmp_loc_id) as n_pcmp
757       , int as intervention
758  FROM &dat
WARNING: Apparent symbolic reference DAT not resolved.
758  FROM &dat
          -
          22
ERROR 22-322: Syntax error, expecting one of the following: a name, a quoted string, (, CONNECTION,
              DICTIONARY.

758  FROM &dat
          -
          200
ERROR 200-322: The symbol is not recognized and will be ignored.

759  GROUP BY int;
760  QUIT;
NOTE: The SAS System stopped processing this step because of errors.
NOTE: PROCEDURE SQL used (Total process time):
      real time           0.00 seconds
      cpu time            0.00 seconds

761  TITLE ;
762


763  PROC FREQ DATA = &dat ;
                      -
                      22
                      200
WARNING: Apparent symbolic reference DAT not resolved.
ERROR: File WORK.DAT.DATA does not exist.
ERROR 22-322: Expecting a name.
ERROR 200-322: The symbol is not recognized and will be ignored.
764  TABLES age--time int_imp adj: bh_: ind: fqhc;
ERROR: No data set open to look up variables.
ERROR: No data set open to look up variables.
ERROR: No data set open to look up variables.
ERROR: No data set open to look up variables.
ERROR: No data set open to look up variables.
ERROR: No data set open to look up variables.
765  RUN ;

NOTE: The SAS System stopped processing this step because of errors.
NOTE: PROCEDURE FREQ used (Total process time):
      real time           0.00 seconds
      cpu time            0.00 seconds

766


767  PROC FREQ DATA = &dat ;
                      -
                      22
                      200
WARNING: Apparent symbolic reference DAT not resolved.
ERROR: File WORK.DAT.DATA does not exist.
ERROR 22-322: Expecting a name.
ERROR 200-322: The symbol is not recognized and will be ignored.
768  TABLES (age--time int_imp adj: bh_: ind: fqhc)*int;
ERROR: No data set open to look up variables.
ERROR: No data set open to look up variables.
ERROR: No data set open to look up variables.
ERROR: No data set open to look up variables.
ERROR: No data set open to look up variables.
ERROR: No data set open to look up variables.
ERROR: No data set open to look up variables.
769  RUN ;

NOTE: The SAS System stopped processing this step because of errors.
NOTE: PROCEDURE FREQ used (Total process time):
      real time           0.00 seconds
      cpu time            0.00 seconds

770
771  TITLE "Max Time by Member" ;


772  PROC SQL ;
773  CREATE TABLE data._max_time AS
774  SELECT mcaid_id
775       , MAX (time) as time
776       , MAX (int) as intervention
777  FROM &dat
WARNING: Apparent symbolic reference DAT not resolved.
777  FROM &dat
          -
          22
ERROR 22-322: Syntax error, expecting one of the following: a name, a quoted string, (, CONNECTION,
              DICTIONARY.

777  FROM &dat
          -
          200
ERROR 200-322: The symbol is not recognized and will be ignored.

778  GROUP BY mcaid_id ;
779  QUIT;
NOTE: The SAS System stopped processing this step because of errors.
NOTE: PROCEDURE SQL used (Total process time):
      real time           0.01 seconds
      cpu time            0.01 seconds

780
781  Title "Time Frequency by Member" ;


782  PROC FREQ DATA = data._max_time ;
783  tables time / nopercent norow;
784  RUN;

NOTE: There were 1594066 observations read from the data set DATA._MAX_TIME.
NOTE: PROCEDURE FREQ used (Total process time):
      real time           4.94 seconds
      cpu time            0.14 seconds


785
786  Title "Time Frequency by Member" ;
787  PROC FREQ DATA = &dat;
                      -
                      22
                      200
WARNING: Apparent symbolic reference DAT not resolved.
ERROR: File WORK.DAT.DATA does not exist.
ERROR 22-322: Expecting a name.
ERROR 200-322: The symbol is not recognized and will be ignored.
788  tables adj: ;
ERROR: No data set open to look up variables.
789  RUN;

NOTE: The SAS System stopped processing this step because of errors.
NOTE: PROCEDURE FREQ used (Total process time):
      real time           0.00 seconds
      cpu time            0.00 seconds

790
791  Title "Time Frequency by Member, Intervention (non-varying)";


792  PROC FREQ DATA = data._max_time ;
793  tables time*intervention / plots = freqplot(type=dot scale=percent) nopercent norow;
794  RUN;

NOTE: There were 1594066 observations read from the data set DATA._MAX_TIME.
NOTE: PROCEDURE FREQ used (Total process time):
      real time           1.24 seconds
      cpu time            0.75 seconds


795
796  PROC FREQ DATA = &dat;
                      -
                      22
                      200
WARNING: Apparent symbolic reference DAT not resolved.
ERROR: File WORK.DAT.DATA does not exist.
ERROR 22-322: Expecting a name.
ERROR 200-322: The symbol is not recognized and will be ignored.
797  TABLES (ind_:)*int ;
ERROR: No data set open to look up variables.
ERROR: No data set open to look up variables.
798  TITLE "Indicator DVs by Intervention" ;
799  TITLE2 "If DV eq 0 then indicator = 0, > 0 then indicator = 1";
800  format ind: comma20. ;
801  RUN ;

NOTE: The SAS System stopped processing this step because of errors.
NOTE: PROCEDURE FREQ used (Total process time):
      real time           0.00 seconds
      cpu time            0.00 seconds

802  TITLE ;
803  TITLE2;
804


805  PROC UNIVARIATE DATA = &dat ;
                            -
                            22
                            200
WARNING: Apparent symbolic reference DAT not resolved.
ERROR: File WORK.DAT.DATA does not exist.
806  TABLES (util:)*int ;
     ------
     180
ERROR 22-322: Expecting a name.
ERROR 200-322: The symbol is not recognized and will be ignored.
ERROR 180-322: Statement is not valid or it is used out of proper order.
807  RUN ;

NOTE: The SAS System stopped processing this step because of errors.
NOTE: PROCEDURE UNIVARIATE used (Total process time):
      real time           0.00 seconds
      cpu time            0.00 seconds

808


809  proc univariate data = &dat ;
                            -
                            22
                            200
WARNING: Apparent symbolic reference DAT not resolved.
ERROR: File WORK.DAT.DATA does not exist.
ERROR 22-322: Expecting a name.
ERROR 200-322: The symbol is not recognized and will be ignored.
810  VAR cost_rx_tc cost_ffs_tc cost_pc_tc ;
811  RUN;

NOTE: The SAS System stopped processing this step because of errors.
NOTE: PROCEDURE UNIVARIATE used (Total process time):
      real time           0.00 seconds
      cpu time            0.00 seconds

812  ods text "By intervention: univariates";
              ------------------------------
              73
ERROR 73-322: Expecting an =.
813  proc univariate data = &dat ;

22: LINE and COLUMN cannot be determined.
NOTE 242-205: NOSPOOL is on. Rerunning with OPTION SPOOL might allow recovery of the LINE and
              COLUMN where the error has occurred.
ERROR 22-322: Expecting a name.
200: LINE and COLUMN cannot be determined.
NOTE: NOSPOOL is on. Rerunning with OPTION SPOOL might allow recovery of the LINE and COLUMN where
      the error has occurred.
ERROR 200-322: The symbol is not recognized and will be ignored.
WARNING: Apparent symbolic reference DAT not resolved.
ERROR: File WORK.DAT.DATA does not exist.
814  by int ;
815  VAR cost_rx_tc cost_ffs_tc cost_pc_tc ;
816  RUN;

NOTE: The SAS System stopped processing this step because of errors.
NOTE: PROCEDURE UNIVARIATE used (Total process time):
      real time           0.01 seconds
      cpu time            0.00 seconds

817
818  ods pdf close ;
NOTE: ODS PDF printed 3 pages to
      S:\FHPC\DATA\HCPF_Data_files_SECURE\Kim\isp\isp_utilization\reports\eda_freq_20230424.pdf.

819  %let dat = data.analysis_dataset;
820  PROC CONTENTS DATA = &dat VARNUM ; RUN ;
SYMBOLGEN:  Macro variable DAT resolves to data.analysis_dataset

NOTE: PROCEDURE CONTENTS used (Total process time):
      real time           1.15 seconds
      cpu time            0.01 seconds


821
822  ods pdf file = "&report./eda_freq_20230424.pdf";
SYMBOLGEN:  Macro variable REPORT resolves to
            S:/FHPC/DATA/HCPF_Data_files_SECURE/Kim/isp/isp_utilization/reports
NOTE: Writing ODS PDF output to DISK destination
      "S:\FHPC\DATA\HCPF_Data_files_SECURE\Kim\isp\isp_utilization\reports\eda_freq_20230424.pdf",
      printer "PDF".
823
824  PROC CONTENTS DATA = &dat VARNUM ; RUN ;
SYMBOLGEN:  Macro variable DAT resolves to data.analysis_dataset

NOTE: PROCEDURE CONTENTS used (Total process time):
      real time           0.61 seconds
      cpu time            0.01 seconds


825
826  ods text = "Frequencies for categorical variables by Intervention (non-varying)" ;
827
828  TITLE "Unique Member Count, Final Dataset";
829  PROC SQL ;
830  SELECT COUNT (DISTINCT mcaid_id )
831  FROM &dat ;
SYMBOLGEN:  Macro variable DAT resolves to data.analysis_dataset
832  QUIT ;
NOTE: PROCEDURE SQL used (Total process time):
      real time           2:00.06
      cpu time            3.15 seconds


833
834  Title "Unique PCMP count by Intervention Status (Non-Varying)";
835  PROC SQL ;
836  SELECT COUNT(DISTINCT pcmp_loc_id) as n_pcmp
837       , int as intervention
838  FROM &dat
SYMBOLGEN:  Macro variable DAT resolves to data.analysis_dataset
839  GROUP BY int;
840  QUIT;
NOTE: PROCEDURE SQL used (Total process time):
      real time           3.13 seconds
      cpu time            4.79 seconds


841  TITLE ;
842
843  PROC FREQ DATA = &dat ;
SYMBOLGEN:  Macro variable DAT resolves to data.analysis_dataset
844  TABLES age--time int_imp adj: bh_: ind: fqhc;
845  RUN ;

NOTE: There were 14346977 observations read from the data set DATA.ANALYSIS_DATASET.
NOTE: PROCEDURE FREQ used (Total process time):
      real time           6.59 seconds
      cpu time            5.71 seconds


846
847  PROC FREQ DATA = &dat ;
SYMBOLGEN:  Macro variable DAT resolves to data.analysis_dataset
848  TABLES (age--time int_imp adj: bh_: ind: fqhc)*int;
849  RUN ;

NOTE: There were 14346977 observations read from the data set DATA.ANALYSIS_DATASET.
NOTE: PROCEDURE FREQ used (Total process time):
      real time           26.74 seconds
      cpu time            26.71 seconds


850
851  TITLE "Max Time by Member" ;
852  PROC SQL ;
853  CREATE TABLE data._max_time AS
854  SELECT mcaid_id
855       , MAX (time) as time
856       , MAX (int) as intervention
857  FROM &dat
SYMBOLGEN:  Macro variable DAT resolves to data.analysis_dataset
858  GROUP BY mcaid_id ;
NOTE: Table DATA._MAX_TIME created, with 1594066 rows and 3 columns.

859  QUIT;
NOTE: PROCEDURE SQL used (Total process time):
      real time           6.08 seconds
      cpu time            4.20 seconds


860
861  Title "Time Frequency by Member" ;
862  PROC FREQ DATA = data._max_time ;
863  tables time / nopercent norow;
864  RUN;

NOTE: There were 1594066 observations read from the data set DATA._MAX_TIME.
NOTE: PROCEDURE FREQ used (Total process time):
      real time           2.71 seconds
      cpu time            0.06 seconds


865
866  Title "Time Frequency by Member" ;
867  PROC FREQ DATA = &dat;
SYMBOLGEN:  Macro variable DAT resolves to data.analysis_dataset
868  tables adj: ;
869  RUN;

NOTE: There were 14346977 observations read from the data set DATA.ANALYSIS_DATASET.
NOTE: PROCEDURE FREQ used (Total process time):
      real time           2.40 seconds
      cpu time            1.64 seconds


870
871  Title "Time Frequency by Member, Intervention (non-varying)";
872  PROC FREQ DATA = data._max_time ;
873  tables time*intervention / plots = freqplot(type=dot scale=percent) nopercent norow;
874  RUN;

NOTE: There were 1594066 observations read from the data set DATA._MAX_TIME.
NOTE: PROCEDURE FREQ used (Total process time):
      real time           0.67 seconds
      cpu time            0.37 seconds


875
876  PROC FREQ DATA = &dat;
SYMBOLGEN:  Macro variable DAT resolves to data.analysis_dataset
877  TABLES (ind_:)*int ;
878  TITLE "Indicator DVs by Intervention" ;
879  TITLE2 "If DV eq 0 then indicator = 0, > 0 then indicator = 1";
880  format ind: comma20. ;
881  RUN ;

NOTE: There were 14346977 observations read from the data set DATA.ANALYSIS_DATASET.
NOTE: PROCEDURE FREQ used (Total process time):
      real time           2.45 seconds
      cpu time            2.43 seconds


882  TITLE ;
883  TITLE2;
884
885  PROC UNIVARIATE DATA = &dat ;
SYMBOLGEN:  Macro variable DAT resolves to data.analysis_dataset
886  TABLES (util:)*int ;
     ------
     180
ERROR 180-322: Statement is not valid or it is used out of proper order.
887  RUN ;

NOTE: The SAS System stopped processing this step because of errors.
NOTE: PROCEDURE UNIVARIATE used (Total process time):
      real time           0.00 seconds
      cpu time            0.00 seconds

888


889  proc univariate data = &dat ;
SYMBOLGEN:  Macro variable DAT resolves to data.analysis_dataset
890  VAR cost_rx_tc cost_ffs_tc cost_pc_tc ;
891  RUN;

NOTE: PROCEDURE UNIVARIATE used (Total process time):
      real time           23.23 seconds
      cpu time            23.20 seconds


892  ods text ="By intervention: univariates";
893  proc univariate data = &dat ;
SYMBOLGEN:  Macro variable DAT resolves to data.analysis_dataset
894  by int ;
895  VAR cost_rx_tc cost_ffs_tc cost_pc_tc ;
896  RUN;

ERROR: Data set DATA.ANALYSIS_DATASET is not sorted in ascending sequence. The current BY group has
       ISP: Time-Invariant = 1 and the next BY group has ISP: Time-Invariant = 0.
NOTE: The SAS System stopped processing this step because of errors.
NOTE: PROCEDURE UNIVARIATE used (Total process time):
      real time           0.04 seconds
      cpu time            0.01 seconds

897
898  ods pdf close ;
NOTE: ODS PDF printed 43 pages to
      S:\FHPC\DATA\HCPF_Data_files_SECURE\Kim\isp\isp_utilization\reports\eda_freq_20230424.pdf.

